<?xml version="1.0" encoding="UTF-8"?>
<testsuite xmlns:xsi="http://www.w3.org/2001/XMLSchema-instance" xsi:noNamespaceSchemaLocation="https://maven.apache.org/surefire/maven-surefire-plugin/xsd/surefire-test-report-3.0.xsd" version="3.0" name="TestSuite" time="48.176" tests="2" errors="0" skipped="0" failures="1">
  <properties>
    <property name="java.specification.version" value="17"/>
    <property name="sun.cpu.isalist" value="amd64"/>
    <property name="sun.jnu.encoding" value="Cp1252"/>
    <property name="java.class.path" value="C:\Users\aksha\eclipse-latest-workspace\Test\AppiumFrameworkDesign\target\test-classes;C:\Users\aksha\eclipse-latest-workspace\Test\AppiumFrameworkDesign\target\classes;C:\Users\aksha\.m2\repository\io\appium\java-client\9.1.0\java-client-9.1.0.jar;C:\Users\aksha\.m2\repository\org\seleniumhq\selenium\selenium-api\4.18.1\selenium-api-4.18.1.jar;C:\Users\aksha\.m2\repository\org\seleniumhq\selenium\selenium-remote-driver\4.18.1\selenium-remote-driver-4.18.1.jar;C:\Users\aksha\.m2\repository\io\opentelemetry\semconv\opentelemetry-semconv\1.23.1-alpha\opentelemetry-semconv-1.23.1-alpha.jar;C:\Users\aksha\.m2\repository\io\opentelemetry\opentelemetry-api\1.35.0\opentelemetry-api-1.35.0.jar;C:\Users\aksha\.m2\repository\io\opentelemetry\opentelemetry-context\1.35.0\opentelemetry-context-1.35.0.jar;C:\Users\aksha\.m2\repository\io\opentelemetry\opentelemetry-exporter-logging\1.35.0\opentelemetry-exporter-logging-1.35.0.jar;C:\Users\aksha\.m2\repository\io\opentelemetry\opentelemetry-sdk-common\1.35.0\opentelemetry-sdk-common-1.35.0.jar;C:\Users\aksha\.m2\repository\io\opentelemetry\opentelemetry-sdk-extension-autoconfigure-spi\1.35.0\opentelemetry-sdk-extension-autoconfigure-spi-1.35.0.jar;C:\Users\aksha\.m2\repository\io\opentelemetry\opentelemetry-sdk-extension-autoconfigure\1.35.0\opentelemetry-sdk-extension-autoconfigure-1.35.0.jar;C:\Users\aksha\.m2\repository\io\opentelemetry\opentelemetry-api-events\1.35.0-alpha\opentelemetry-api-events-1.35.0-alpha.jar;C:\Users\aksha\.m2\repository\io\opentelemetry\opentelemetry-sdk-trace\1.35.0\opentelemetry-sdk-trace-1.35.0.jar;C:\Users\aksha\.m2\repository\io\opentelemetry\opentelemetry-extension-incubator\1.35.0-alpha\opentelemetry-extension-incubator-1.35.0-alpha.jar;C:\Users\aksha\.m2\repository\io\opentelemetry\opentelemetry-sdk\1.35.0\opentelemetry-sdk-1.35.0.jar;C:\Users\aksha\.m2\repository\io\opentelemetry\opentelemetry-sdk-metrics\1.35.0\opentelemetry-sdk-metrics-1.35.0.jar;C:\Users\aksha\.m2\repository\io\opentelemetry\opentelemetry-sdk-logs\1.35.0\opentelemetry-sdk-logs-1.35.0.jar;C:\Users\aksha\.m2\repository\org\seleniumhq\selenium\selenium-http\4.18.1\selenium-http-4.18.1.jar;C:\Users\aksha\.m2\repository\dev\failsafe\failsafe\3.3.2\failsafe-3.3.2.jar;C:\Users\aksha\.m2\repository\org\seleniumhq\selenium\selenium-manager\4.18.1\selenium-manager-4.18.1.jar;C:\Users\aksha\.m2\repository\org\seleniumhq\selenium\selenium-os\4.18.1\selenium-os-4.18.1.jar;C:\Users\aksha\.m2\repository\org\apache\commons\commons-exec\1.3\commons-exec-1.3.jar;C:\Users\aksha\.m2\repository\com\google\code\gson\gson\2.10.1\gson-2.10.1.jar;C:\Users\aksha\.m2\repository\org\slf4j\slf4j-api\2.0.11\slf4j-api-2.0.11.jar;C:\Users\aksha\.m2\repository\org\testng\testng\7.9.0\testng-7.9.0.jar;C:\Users\aksha\.m2\repository\com\beust\jcommander\1.82\jcommander-1.82.jar;C:\Users\aksha\.m2\repository\org\webjars\jquery\3.7.1\jquery-3.7.1.jar;C:\Users\aksha\.m2\repository\org\seleniumhq\selenium\selenium-support\4.18.1\selenium-support-4.18.1.jar;C:\Users\aksha\.m2\repository\com\google\auto\service\auto-service-annotations\1.1.1\auto-service-annotations-1.1.1.jar;C:\Users\aksha\.m2\repository\com\google\guava\guava\33.0.0-jre\guava-33.0.0-jre.jar;C:\Users\aksha\.m2\repository\com\google\guava\failureaccess\1.0.2\failureaccess-1.0.2.jar;C:\Users\aksha\.m2\repository\com\google\guava\listenablefuture\9999.0-empty-to-avoid-conflict-with-guava\listenablefuture-9999.0-empty-to-avoid-conflict-with-guava.jar;C:\Users\aksha\.m2\repository\com\google\code\findbugs\jsr305\3.0.2\jsr305-3.0.2.jar;C:\Users\aksha\.m2\repository\org\checkerframework\checker-qual\3.41.0\checker-qual-3.41.0.jar;C:\Users\aksha\.m2\repository\com\google\errorprone\error_prone_annotations\2.23.0\error_prone_annotations-2.23.0.jar;C:\Users\aksha\.m2\repository\com\google\j2objc\j2objc-annotations\2.8\j2objc-annotations-2.8.jar;C:\Users\aksha\.m2\repository\net\bytebuddy\byte-buddy\1.14.12\byte-buddy-1.14.12.jar;C:\Users\aksha\.m2\repository\org\seleniumhq\selenium\selenium-json\4.18.1\selenium-json-4.18.1.jar;C:\Users\aksha\.m2\repository\commons-io\commons-io\2.15.1\commons-io-2.15.1.jar;C:\Users\aksha\.m2\repository\com\fasterxml\jackson\core\jackson-databind\2.16.2\jackson-databind-2.16.2.jar;C:\Users\aksha\.m2\repository\com\fasterxml\jackson\core\jackson-annotations\2.16.2\jackson-annotations-2.16.2.jar;C:\Users\aksha\.m2\repository\com\fasterxml\jackson\core\jackson-core\2.16.2\jackson-core-2.16.2.jar;C:\Users\aksha\.m2\repository\com\aventstack\extentreports\5.1.1\extentreports-5.1.1.jar;C:\Users\aksha\.m2\repository\io\reactivex\rxjava3\rxjava\3.1.6\rxjava-3.1.6.jar;C:\Users\aksha\.m2\repository\org\reactivestreams\reactive-streams\1.0.4\reactive-streams-1.0.4.jar;C:\Users\aksha\.m2\repository\org\freemarker\freemarker\2.3.32\freemarker-2.3.32.jar;C:\Users\aksha\.m2\repository\org\projectlombok\lombok\1.18.26\lombok-1.18.26.jar;"/>
    <property name="java.vm.vendor" value="Oracle Corporation"/>
    <property name="sun.arch.data.model" value="64"/>
    <property name="user.variant" value=""/>
    <property name="java.vendor.url" value="https://java.oracle.com/"/>
    <property name="user.timezone" value="Asia/Calcutta"/>
    <property name="os.name" value="Windows 11"/>
    <property name="java.vm.specification.version" value="17"/>
    <property name="sun.java.launcher" value="SUN_STANDARD"/>
    <property name="user.country" value="IN"/>
    <property name="sun.boot.library.path" value="C:\Program Files\Java\jdk-17.0.5\bin"/>
    <property name="sun.java.command" value="C:\Users\aksha\AppData\Local\Temp\surefire7351456150081144831\surefirebooter-20240316183454719_3.jar C:\Users\aksha\AppData\Local\Temp\surefire7351456150081144831 2024-03-16T18-34-54_484-jvmRun1 surefire-20240316183454719_1tmp surefire_0-20240316183454719_2tmp"/>
    <property name="jdk.debug" value="release"/>
    <property name="surefire.test.class.path" value="C:\Users\aksha\eclipse-latest-workspace\Test\AppiumFrameworkDesign\target\test-classes;C:\Users\aksha\eclipse-latest-workspace\Test\AppiumFrameworkDesign\target\classes;C:\Users\aksha\.m2\repository\io\appium\java-client\9.1.0\java-client-9.1.0.jar;C:\Users\aksha\.m2\repository\org\seleniumhq\selenium\selenium-api\4.18.1\selenium-api-4.18.1.jar;C:\Users\aksha\.m2\repository\org\seleniumhq\selenium\selenium-remote-driver\4.18.1\selenium-remote-driver-4.18.1.jar;C:\Users\aksha\.m2\repository\io\opentelemetry\semconv\opentelemetry-semconv\1.23.1-alpha\opentelemetry-semconv-1.23.1-alpha.jar;C:\Users\aksha\.m2\repository\io\opentelemetry\opentelemetry-api\1.35.0\opentelemetry-api-1.35.0.jar;C:\Users\aksha\.m2\repository\io\opentelemetry\opentelemetry-context\1.35.0\opentelemetry-context-1.35.0.jar;C:\Users\aksha\.m2\repository\io\opentelemetry\opentelemetry-exporter-logging\1.35.0\opentelemetry-exporter-logging-1.35.0.jar;C:\Users\aksha\.m2\repository\io\opentelemetry\opentelemetry-sdk-common\1.35.0\opentelemetry-sdk-common-1.35.0.jar;C:\Users\aksha\.m2\repository\io\opentelemetry\opentelemetry-sdk-extension-autoconfigure-spi\1.35.0\opentelemetry-sdk-extension-autoconfigure-spi-1.35.0.jar;C:\Users\aksha\.m2\repository\io\opentelemetry\opentelemetry-sdk-extension-autoconfigure\1.35.0\opentelemetry-sdk-extension-autoconfigure-1.35.0.jar;C:\Users\aksha\.m2\repository\io\opentelemetry\opentelemetry-api-events\1.35.0-alpha\opentelemetry-api-events-1.35.0-alpha.jar;C:\Users\aksha\.m2\repository\io\opentelemetry\opentelemetry-sdk-trace\1.35.0\opentelemetry-sdk-trace-1.35.0.jar;C:\Users\aksha\.m2\repository\io\opentelemetry\opentelemetry-extension-incubator\1.35.0-alpha\opentelemetry-extension-incubator-1.35.0-alpha.jar;C:\Users\aksha\.m2\repository\io\opentelemetry\opentelemetry-sdk\1.35.0\opentelemetry-sdk-1.35.0.jar;C:\Users\aksha\.m2\repository\io\opentelemetry\opentelemetry-sdk-metrics\1.35.0\opentelemetry-sdk-metrics-1.35.0.jar;C:\Users\aksha\.m2\repository\io\opentelemetry\opentelemetry-sdk-logs\1.35.0\opentelemetry-sdk-logs-1.35.0.jar;C:\Users\aksha\.m2\repository\org\seleniumhq\selenium\selenium-http\4.18.1\selenium-http-4.18.1.jar;C:\Users\aksha\.m2\repository\dev\failsafe\failsafe\3.3.2\failsafe-3.3.2.jar;C:\Users\aksha\.m2\repository\org\seleniumhq\selenium\selenium-manager\4.18.1\selenium-manager-4.18.1.jar;C:\Users\aksha\.m2\repository\org\seleniumhq\selenium\selenium-os\4.18.1\selenium-os-4.18.1.jar;C:\Users\aksha\.m2\repository\org\apache\commons\commons-exec\1.3\commons-exec-1.3.jar;C:\Users\aksha\.m2\repository\com\google\code\gson\gson\2.10.1\gson-2.10.1.jar;C:\Users\aksha\.m2\repository\org\slf4j\slf4j-api\2.0.11\slf4j-api-2.0.11.jar;C:\Users\aksha\.m2\repository\org\testng\testng\7.9.0\testng-7.9.0.jar;C:\Users\aksha\.m2\repository\com\beust\jcommander\1.82\jcommander-1.82.jar;C:\Users\aksha\.m2\repository\org\webjars\jquery\3.7.1\jquery-3.7.1.jar;C:\Users\aksha\.m2\repository\org\seleniumhq\selenium\selenium-support\4.18.1\selenium-support-4.18.1.jar;C:\Users\aksha\.m2\repository\com\google\auto\service\auto-service-annotations\1.1.1\auto-service-annotations-1.1.1.jar;C:\Users\aksha\.m2\repository\com\google\guava\guava\33.0.0-jre\guava-33.0.0-jre.jar;C:\Users\aksha\.m2\repository\com\google\guava\failureaccess\1.0.2\failureaccess-1.0.2.jar;C:\Users\aksha\.m2\repository\com\google\guava\listenablefuture\9999.0-empty-to-avoid-conflict-with-guava\listenablefuture-9999.0-empty-to-avoid-conflict-with-guava.jar;C:\Users\aksha\.m2\repository\com\google\code\findbugs\jsr305\3.0.2\jsr305-3.0.2.jar;C:\Users\aksha\.m2\repository\org\checkerframework\checker-qual\3.41.0\checker-qual-3.41.0.jar;C:\Users\aksha\.m2\repository\com\google\errorprone\error_prone_annotations\2.23.0\error_prone_annotations-2.23.0.jar;C:\Users\aksha\.m2\repository\com\google\j2objc\j2objc-annotations\2.8\j2objc-annotations-2.8.jar;C:\Users\aksha\.m2\repository\net\bytebuddy\byte-buddy\1.14.12\byte-buddy-1.14.12.jar;C:\Users\aksha\.m2\repository\org\seleniumhq\selenium\selenium-json\4.18.1\selenium-json-4.18.1.jar;C:\Users\aksha\.m2\repository\commons-io\commons-io\2.15.1\commons-io-2.15.1.jar;C:\Users\aksha\.m2\repository\com\fasterxml\jackson\core\jackson-databind\2.16.2\jackson-databind-2.16.2.jar;C:\Users\aksha\.m2\repository\com\fasterxml\jackson\core\jackson-annotations\2.16.2\jackson-annotations-2.16.2.jar;C:\Users\aksha\.m2\repository\com\fasterxml\jackson\core\jackson-core\2.16.2\jackson-core-2.16.2.jar;C:\Users\aksha\.m2\repository\com\aventstack\extentreports\5.1.1\extentreports-5.1.1.jar;C:\Users\aksha\.m2\repository\io\reactivex\rxjava3\rxjava\3.1.6\rxjava-3.1.6.jar;C:\Users\aksha\.m2\repository\org\reactivestreams\reactive-streams\1.0.4\reactive-streams-1.0.4.jar;C:\Users\aksha\.m2\repository\org\freemarker\freemarker\2.3.32\freemarker-2.3.32.jar;C:\Users\aksha\.m2\repository\org\projectlombok\lombok\1.18.26\lombok-1.18.26.jar;"/>
    <property name="sun.cpu.endian" value="little"/>
    <property name="user.home" value="C:\Users\aksha"/>
    <property name="user.language" value="en"/>
    <property name="ipAddress" value="127.0.0.1"/>
    <property name="java.specification.vendor" value="Oracle Corporation"/>
    <property name="java.version.date" value="2022-10-18"/>
    <property name="java.home" value="C:\Program Files\Java\jdk-17.0.5"/>
    <property name="file.separator" value="\"/>
    <property name="basedir" value="C:\Users\aksha\eclipse-latest-workspace\Test\AppiumFrameworkDesign"/>
    <property name="java.vm.compressedOopsMode" value="Zero based"/>
    <property name="line.separator" value="&#10;"/>
    <property name="java.vm.specification.vendor" value="Oracle Corporation"/>
    <property name="java.specification.name" value="Java Platform API Specification"/>
    <property name="surefire.real.class.path" value="C:\Users\aksha\AppData\Local\Temp\surefire7351456150081144831\surefirebooter-20240316183454719_3.jar"/>
    <property name="user.script" value=""/>
    <property name="sun.management.compiler" value="HotSpot 64-Bit Tiered Compilers"/>
    <property name="java.runtime.version" value="17.0.5+9-LTS-191"/>
    <property name="user.name" value="aksha"/>
    <property name="path.separator" value=";"/>
    <property name="os.version" value="10.0"/>
    <property name="java.runtime.name" value="Java(TM) SE Runtime Environment"/>
    <property name="file.encoding" value="Cp1252"/>
    <property name="java.vm.name" value="Java HotSpot(TM) 64-Bit Server VM"/>
    <property name="localRepository" value="C:\Users\aksha\.m2\repository"/>
    <property name="java.vendor.url.bug" value="https://bugreport.java.com/bugreport/"/>
    <property name="java.io.tmpdir" value="C:\Users\aksha\AppData\Local\Temp\"/>
    <property name="java.version" value="17.0.5"/>
    <property name="user.dir" value="C:\Users\aksha\eclipse-latest-workspace\Test\AppiumFrameworkDesign"/>
    <property name="os.arch" value="amd64"/>
    <property name="java.vm.specification.name" value="Java Virtual Machine Specification"/>
    <property name="sun.os.patch.level" value=""/>
    <property name="native.encoding" value="Cp1252"/>
    <property name="java.library.path" value="C:\Program Files\Java\jdk-17.0.5\bin;C:\WINDOWS\Sun\Java\bin;C:\WINDOWS\system32;C:\WINDOWS;C:\Program Files\Common Files\Oracle\Java\javapath;C:\Program Files (x86)\Common Files\Oracle\Java\javapath;C:\Program Files (x86)\VMware\VMware Workstation\bin\;C:\Windows\system32;C:\Windows;C:\Windows\System32\Wbem;C:\Windows\System32\WindowsPowerShell\v1.0\;C:\Windows\System32\OpenSSH\;C:\Program Files (x86)\NVIDIA Corporation\PhysX\Common;C:\Program Files\NVIDIA Corporation\NVIDIA NvDLISR;C:\Program Files\Git\cmd;C:\Program Files\nodejs\;C:\WINDOWS\system32;C:\WINDOWS;C:\WINDOWS\System32\Wbem;C:\WINDOWS\System32\WindowsPowerShell\v1.0\;C:\WINDOWS\System32\OpenSSH\;C:\Program Files (x86)\Micro Focus\LoadRunner\bin\Silk\Silk Performer 21.0;C:\Users\aksha\AppData\Local\Android\Sdk\tools\bin;C:\Users\aksha\AppData\Local\Android\Sdk\tools;C:\Program Files\nodejs\node_modules\npm\bin;C:\Users\aksha\AppData\Local\Android\Sdk\platform-tools;C:\Maven\bin;C:\Users\aksha\AppData\Local\Microsoft\WindowsApps;;C:\Users\aksha\AppData\Local\Programs\Microsoft VS Code\bin;C:\Users\aksha\AppData\Roaming\npm;."/>
    <property name="java.vm.info" value="mixed mode, sharing"/>
    <property name="java.vendor" value="Oracle Corporation"/>
    <property name="java.vm.version" value="17.0.5+9-LTS-191"/>
    <property name="sun.io.unicode.encoding" value="UnicodeLittle"/>
    <property name="java.class.version" value="61.0"/>
  </properties>
  <testcase name="LoginFormErrorValidation[{name=Ritu, country=Austria, gender=female, formToastMessage=Please enter your name}](1)" classname="org.internal.eCommerce_Data_Driven_Testing_Via_DataProvider_Example" time="13.749">
    <system-out><![CDATA[&amp#27;[35m[Appium]&amp#27;[39m Welcome to Appium v2.5.1
&amp#27;[35m[Appium]&amp#27;[39m Non-default server args:
&amp#27;[35m[Appium]&amp#27;[39m { address: &amp#27;[32m'127.0.0.1'&amp#27;[39m }
&amp#27;[35m[Appium]&amp#27;[39m The autodetected Appium home path: C:\Users\aksha\.appium
&amp#27;[35m[Appium]&amp#27;[39m Attempting to load driver uiautomator2...
&amp#27;[35m[Appium]&amp#27;[39m Requiring driver at C:\Users\aksha\.appium\node_modules\appium-uiautomator2-driver\build\index.js
&amp#27;[35m[Appium]&amp#27;[39m AndroidUiautomator2Driver has been successfully loaded in 0.996s
&amp#27;[35m[Appium]&amp#27;[39m Appium REST http interface listener started on http://127.0.0.1:4723
&amp#27;[35m[Appium]&amp#27;[39m Available drivers:
&amp#27;[35m[Appium]&amp#27;[39m   - uiautomator2@3.0.1 (automationName 'UiAutomator2')
&amp#27;[35m[Appium]&amp#27;[39m No plugins have been installed. Use the "appium plugin" command to install the one(s) you want to use.
&amp#27;[38;5;0m[HTTP]&amp#27;[0m &amp#27;[37m-->&amp#27;[39m &amp#27;[37mGET&amp#27;[39m &amp#27;[37m/status&amp#27;[39m
&amp#27;[38;5;0m[HTTP]&amp#27;[0m &amp#27;[90m{}&amp#27;[39m
&amp#27;[38;5;16m[AppiumDriver@9de5]&amp#27;[0m Calling AppiumDriver.getStatus() with args: []
&amp#27;[38;5;16m[AppiumDriver@9de5]&amp#27;[0m Responding to client with driver.getStatus() result: {"ready":true,"message":"The server is ready to accept new connections","build":{"version":"2.5.1"}}
&amp#27;[38;5;0m[HTTP]&amp#27;[0m &amp#27;[37m<-- GET /status &amp#27;[39m&amp#27;[32m200&amp#27;[39m &amp#27;[90m8 ms - 110&amp#27;[39m
&amp#27;[38;5;0m[HTTP]&amp#27;[0m &amp#27;[90m&amp#27;[39m
&amp#27;[38;5;0m[HTTP]&amp#27;[0m Request idempotency key: b2df946f-3a56-4a7f-b0e8-7a28f7bc7628
&amp#27;[38;5;0m[HTTP]&amp#27;[0m &amp#27;[37m-->&amp#27;[39m &amp#27;[37mPOST&amp#27;[39m &amp#27;[37m/session&amp#27;[39m
&amp#27;[38;5;0m[HTTP]&amp#27;[0m &amp#27;[90m{"capabilities":{"firstMatch":[{}],"alwaysMatch":{"appium:chromedriverExecutable":"C:\\Users\\aksha\\eclipse-latest-workspace\\Test\\AppiumFrameworkDesign\\src\\test\\java\\org\\internal\\resources\\chromedriver.exe","appium:automationName":"UIAutomator2","appium:deviceName":"AndroidVirtualMachine_AK","appium:app":"C:\\Users\\aksha\\eclipse-latest-workspace\\Test\\AppiumFrameworkDesign\\src\\test\\java\\org\\internal\\resources\\General-Store.apk","platformName":"ANDROID"}}}&amp#27;[39m
&amp#27;[38;5;16m[AppiumDriver@9de5]&amp#27;[0m Calling AppiumDriver.createSession() with args: [null,null,{"firstMatch":[{}],"alwaysMatch":{"appium:chromedriverExecutable":"C:\\Users\\aksha\\eclipse-latest-workspace\\Test\\AppiumFrameworkDesign\\src\\test\\java\\org\\internal\\resources\\chromedriver.exe","appium:automationName":"UIAutomator2","appium:deviceName":"AndroidVirtualMachine_AK","appium:app":"C:\\Users\\aksha\\eclipse-latest-workspace\\Test\\AppiumFrameworkDesign\\src\\test\\java\\org\\internal\\resources\\General-Store.apk","platformName":"ANDROID"}}]
&amp#27;[38;5;16m[AppiumDriver@9de5]&amp#27;[0m Event 'newSessionRequested' logged at 1710594299020 (18:34:59 GMT+0530 (India Standard Time))
&amp#27;[35m[Appium]&amp#27;[39m Attempting to find matching driver for automationName 'UIAutomator2' and platformName 'ANDROID'
&amp#27;[35m[Appium]&amp#27;[39m The 'uiautomator2' driver was installed and matched caps.
&amp#27;[35m[Appium]&amp#27;[39m Will require it at C:\Users\aksha\.appium\node_modules\appium-uiautomator2-driver
&amp#27;[35m[Appium]&amp#27;[39m Requiring driver at C:\Users\aksha\.appium\node_modules\appium-uiautomator2-driver\build\index.js
&amp#27;[38;5;16m[AppiumDriver@9de5]&amp#27;[0m Appium v2.5.1 creating new AndroidUiautomator2Driver (v3.0.1) session
&amp#27;[38;5;16m[AppiumDriver@9de5]&amp#27;[0m Checking BaseDriver versions for Appium and AndroidUiautomator2Driver
&amp#27;[38;5;16m[AppiumDriver@9de5]&amp#27;[0m Appium's BaseDriver version is 9.5.2
&amp#27;[38;5;16m[AppiumDriver@9de5]&amp#27;[0m AndroidUiautomator2Driver's BaseDriver version is 9.5.2
&amp#27;[38;5;32m[AndroidUiautomator2Driver@c934]&amp#27;[0m Creating session with W3C capabilities: {
&amp#27;[38;5;32m[AndroidUiautomator2Driver@c934]&amp#27;[0m   "alwaysMatch": {
&amp#27;[38;5;32m[AndroidUiautomator2Driver@c934]&amp#27;[0m     "platformName": "ANDROID",
&amp#27;[38;5;32m[AndroidUiautomator2Driver@c934]&amp#27;[0m     "appium:chromedriverExecutable": "C:\\Users\\aksha\\eclipse-latest-workspace\\Test\\AppiumFrameworkDesign\\src\\test\\java\\org\\internal\\resources\\chromedriver.exe",
&amp#27;[38;5;32m[AndroidUiautomator2Driver@c934]&amp#27;[0m     "appium:automationName": "UIAutomator2",
&amp#27;[38;5;32m[AndroidUiautomator2Driver@c934]&amp#27;[0m     "appium:deviceName": "AndroidVirtualMachine_AK",
&amp#27;[38;5;32m[AndroidUiautomator2Driver@c934]&amp#27;[0m     "appium:app": "C:\\Users\\aksha\\eclipse-latest-workspace\\Test\\AppiumFrameworkDesign\\src\\test\\java\\org\\internal\\resources\\General-Store.apk"
&amp#27;[38;5;32m[AndroidUiautomator2Driver@c934]&amp#27;[0m   },
&amp#27;[38;5;32m[AndroidUiautomator2Driver@c934]&amp#27;[0m   "firstMatch": [
&amp#27;[38;5;32m[AndroidUiautomator2Driver@c934]&amp#27;[0m     {}
&amp#27;[38;5;32m[AndroidUiautomator2Driver@c934]&amp#27;[0m   ]
&amp#27;[38;5;32m[AndroidUiautomator2Driver@c934]&amp#27;[0m }
&amp#27;[38;5;32m[AndroidUiautomator2Driver@c934 (84bce249)]&amp#27;[0m Session created with session id: 84bce249-ca83-4251-a03f-9c89bef7101e
&amp#27;[38;5;48m[ADB]&amp#27;[0m Found 1 'build-tools' folders under 'C:\Users\aksha\AppData\Local\Android\Sdk' (newest first):
&amp#27;[38;5;48m[ADB]&amp#27;[0m     C:\Users\aksha\AppData\Local\Android\Sdk\build-tools\34.0.0
&amp#27;[38;5;48m[ADB]&amp#27;[0m Using 'adb.exe' from 'C:\Users\aksha\AppData\Local\Android\Sdk\platform-tools\adb.exe'
&amp#27;[38;5;48m[ADB]&amp#27;[0m Running 'C:\Users\aksha\AppData\Local\Android\Sdk\platform-tools\adb.exe -P 5037 start-server'
&amp#27;[38;5;32m[AndroidUiautomator2Driver@c934 (84bce249)]&amp#27;[0m Retrieving device list
&amp#27;[38;5;48m[ADB]&amp#27;[0m Trying to find connected Android devices
&amp#27;[38;5;48m[ADB]&amp#27;[0m Getting connected devices
&amp#27;[38;5;48m[ADB]&amp#27;[0m Connected devices: [{"udid":"emulator-5554","state":"device"}]
&amp#27;[38;5;32m[AndroidUiautomator2Driver@c934 (84bce249)]&amp#27;[0m Using device: emulator-5554
&amp#27;[38;5;48m[ADB]&amp#27;[0m Using 'adb.exe' from 'C:\Users\aksha\AppData\Local\Android\Sdk\platform-tools\adb.exe'
&amp#27;[38;5;48m[ADB]&amp#27;[0m Running 'C:\Users\aksha\AppData\Local\Android\Sdk\platform-tools\adb.exe -P 5037 start-server'
&amp#27;[38;5;48m[ADB]&amp#27;[0m Setting device id to emulator-5554
&amp#27;[38;5;64m[BaseDriver]&amp#27;[0m Using local app 'C:\Users\aksha\eclipse-latest-workspace\Test\AppiumFrameworkDesign\src\test\java\org\internal\resources\General-Store.apk'
&amp#27;[38;5;32m[AndroidUiautomator2Driver@c934 (84bce249)]&amp#27;[0m Checking whether app is actually present
&amp#27;[38;5;48m[ADB]&amp#27;[0m Running 'C:\Users\aksha\AppData\Local\Android\Sdk\platform-tools\adb.exe -P 5037 -s emulator-5554 shell getprop ro.build.version.sdk'
&amp#27;[38;5;48m[ADB]&amp#27;[0m Current device property 'ro.build.version.sdk': 34
&amp#27;[38;5;48m[ADB]&amp#27;[0m Getting device platform version
&amp#27;[38;5;48m[ADB]&amp#27;[0m Running 'C:\Users\aksha\AppData\Local\Android\Sdk\platform-tools\adb.exe -P 5037 -s emulator-5554 shell getprop ro.build.version.release'
&amp#27;[38;5;48m[ADB]&amp#27;[0m Current device property 'ro.build.version.release': 14
&amp#27;[38;5;48m[ADB]&amp#27;[0m Device API level: 34
&amp#27;[38;5;32m[AndroidUiautomator2Driver@c934 (84bce249)]&amp#27;[0m Relaxing hidden api policy
&amp#27;[38;5;48m[ADB]&amp#27;[0m Running 'C:\Users\aksha\AppData\Local\Android\Sdk\platform-tools\adb.exe -P 5037 -s emulator-5554 shell 'settings put global hidden_api_policy_pre_p_apps 1;settings put global hidden_api_policy_p_apps 1;settings put global hidden_api_policy 1''
&amp#27;[38;5;32m[AndroidUiautomator2Driver@c934 (84bce249)]&amp#27;[0m Parsing package and activity from app manifest
&amp#27;[38;5;48m[ADB]&amp#27;[0m Running 'C:\Users\aksha\AppData\Local\Android\Sdk\platform-tools\adb.exe -P 5037 -s emulator-5554 wait-for-device'
&amp#27;[38;5;48m[ADB]&amp#27;[0m Package name: 'com.androidsample.generalstore'
&amp#27;[38;5;48m[ADB]&amp#27;[0m Main activity name: 'com.androidsample.generalstore.SplashActivity'
&amp#27;[38;5;32m[AndroidUiautomator2Driver@c934 (84bce249)]&amp#27;[0m Parsed package and activity are: com.androidsample.generalstore/com.androidsample.generalstore.SplashActivity
&amp#27;[38;5;48m[ADB]&amp#27;[0m Running 'C:\Users\aksha\AppData\Local\Android\Sdk\platform-tools\adb.exe -P 5037 -s emulator-5554 shell echo ping'
&amp#27;[38;5;32m[AndroidUiautomator2Driver@c934 (84bce249)]&amp#27;[0m Pushing settings apk to the device...
&amp#27;[38;5;48m[ADB]&amp#27;[0m Getting package info for 'io.appium.settings'
&amp#27;[38;5;48m[ADB]&amp#27;[0m Running 'C:\Users\aksha\AppData\Local\Android\Sdk\platform-tools\adb.exe -P 5037 -s emulator-5554 shell dumpsys package io.appium.settings'
&amp#27;[38;5;48m[ADB]&amp#27;[0m The version name of the installed 'io.appium.settings' is greater or equal to the application version name ('5.7.5' >= '5.7.5')
&amp#27;[38;5;48m[ADB]&amp#27;[0m There is no need to install/upgrade 'C:\Users\aksha\.appium\node_modules\appium-uiautomator2-driver\node_modules\io.appium.settings\apks\settings_apk-debug.apk'
&amp#27;[38;5;48m[ADB]&amp#27;[0m Running 'C:\Users\aksha\AppData\Local\Android\Sdk\platform-tools\adb.exe -P 5037 -s emulator-5554 shell dumpsys activity services io.appium.settings'
&amp#27;[38;5;32m[AndroidUiautomator2Driver@c934 (84bce249)]&amp#27;[0m io.appium.settings is already running. There is no need to reset its permissions.
&amp#27;[38;5;80m[Logcat]&amp#27;[0m Starting logs capture with command: C:\\Users\\aksha\\AppData\\Local\\Android\\Sdk\\platform-tools\\adb.exe -P 5037 -s emulator-5554 logcat -v threadtime
&amp#27;[38;5;32m[AndroidUiautomator2Driver@c934 (84bce249)]&amp#27;[0m Forwarding UiAutomator2 Server port 6790 to local port 8200
&amp#27;[38;5;48m[ADB]&amp#27;[0m Forwarding system: 8200 to device: 6790
&amp#27;[38;5;48m[ADB]&amp#27;[0m Running 'C:\Users\aksha\AppData\Local\Android\Sdk\platform-tools\adb.exe -P 5037 -s emulator-5554 forward tcp:8200 tcp:6790'
&amp#27;[38;5;48m[ADB]&amp#27;[0m Checking app cert for C:\Users\aksha\eclipse-latest-workspace\Test\AppiumFrameworkDesign\src\test\java\org\internal\resources\General-Store.apk
&amp#27;[38;5;48m[ADB]&amp#27;[0m Checking app cert for C:\Users\aksha\.appium\node_modules\appium-uiautomator2-driver\node_modules\appium-uiautomator2-server\apks\appium-uiautomator2-server-v7.0.1.apk
&amp#27;[38;5;48m[ADB]&amp#27;[0m Checking app cert for C:\Users\aksha\.appium\node_modules\appium-uiautomator2-driver\node_modules\appium-uiautomator2-server\apks\appium-uiautomator2-server-debug-androidTest.apk
&amp#27;[38;5;48m[ADB]&amp#27;[0m Using 'apksigner.jar' from 'C:\Users\aksha\AppData\Local\Android\Sdk\build-tools\34.0.0\lib\apksigner.jar'
&amp#27;[38;5;48m[ADB]&amp#27;[0m Starting apksigner: 'C:\\Program Files\\Java\\jdk-17.0.5\\bin\\java.exe' -Xmx1024M -Xss1m -jar C:\\Users\\aksha\\AppData\\Local\\Android\\Sdk\\build-tools\\34.0.0\\lib\\apksigner.jar verify --print-certs C:\\Users\\aksha\\.appium\\node_modules\\appium-uiautomator2-driver\\node_modules\\appium-uiautomator2-server\\apks\\appium-uiautomator2-server-debug-androidTest.apk
&amp#27;[38;5;48m[ADB]&amp#27;[0m Starting apksigner: 'C:\\Program Files\\Java\\jdk-17.0.5\\bin\\java.exe' -Xmx1024M -Xss1m -jar C:\\Users\\aksha\\AppData\\Local\\Android\\Sdk\\build-tools\\34.0.0\\lib\\apksigner.jar verify --print-certs C:\\Users\\aksha\\eclipse-latest-workspace\\Test\\AppiumFrameworkDesign\\src\\test\\java\\org\\internal\\resources\\General-Store.apk
&amp#27;[38;5;48m[ADB]&amp#27;[0m Starting apksigner: 'C:\\Program Files\\Java\\jdk-17.0.5\\bin\\java.exe' -Xmx1024M -Xss1m -jar C:\\Users\\aksha\\AppData\\Local\\Android\\Sdk\\build-tools\\34.0.0\\lib\\apksigner.jar verify --print-certs C:\\Users\\aksha\\.appium\\node_modules\\appium-uiautomator2-driver\\node_modules\\appium-uiautomator2-server\\apks\\appium-uiautomator2-server-v7.0.1.apk
&amp#27;[38;5;48m[ADB]&amp#27;[0m apksigner stdout: Signer #1 certificate DN: EMAILADDRESS=android@android.com, CN=Android, OU=Android, O=Android, L=Mountain View, ST=California, C=US
&amp#27;[38;5;48m[ADB]&amp#27;[0m Signer #1 certificate SHA-256 digest: a40da80a59d170caa950cf15c18c454d47a39b26989d8b640ecd745ba71bf5dc
&amp#27;[38;5;48m[ADB]&amp#27;[0m Signer #1 certificate SHA-1 digest: 61ed377e85d386a8dfee6b864bd85b0bfaa5af81
&amp#27;[38;5;48m[ADB]&amp#27;[0m Signer #1 certificate MD5 digest: e89b158e4bcf988ebd09eb83f5378e87
&amp#27;[38;5;48m[ADB]&amp#27;[0m 
&amp#27;[38;5;48m[ADB]&amp#27;[0m sha256 hash did match for 'appium-uiautomator2-server-debug-androidTest.apk'
&amp#27;[38;5;48m[ADB]&amp#27;[0m 'C:\Users\aksha\.appium\node_modules\appium-uiautomator2-driver\node_modules\appium-uiautomator2-server\apks\appium-uiautomator2-server-debug-androidTest.apk' is signed with the default certificate
&amp#27;[38;5;48m[ADB]&amp#27;[0m Getting install status for io.appium.uiautomator2.server.test
&amp#27;[38;5;48m[ADB]&amp#27;[0m Running 'C:\Users\aksha\AppData\Local\Android\Sdk\platform-tools\adb.exe -P 5037 -s emulator-5554 shell pm path io.appium.uiautomator2.server.test'
&amp#27;[38;5;48m[ADB]&amp#27;[0m 'io.appium.uiautomator2.server.test' is installed
&amp#27;[38;5;48m[ADB]&amp#27;[0m apksigner stdout: Signer #1 certificate DN: C=US, O=Android, CN=Android Debug
&amp#27;[38;5;48m[ADB]&amp#27;[0m Signer #1 certificate SHA-256 digest: f5f5931c019be6bff8a26255f76ae9ef8a8e631d2a702ec10e91110231549eef
&amp#27;[38;5;48m[ADB]&amp#27;[0m Signer #1 certificate SHA-1 digest: b250161db8b5d0a1bd39154c9fd749bdad79c1a3
&amp#27;[38;5;48m[ADB]&amp#27;[0m Signer #1 certificate MD5 digest: 7a5550323d84472ca25a0861c63e0a6c
&amp#27;[38;5;48m[ADB]&amp#27;[0m 
&amp#27;[38;5;48m[ADB]&amp#27;[0m 'C:\Users\aksha\eclipse-latest-workspace\Test\AppiumFrameworkDesign\src\test\java\org\internal\resources\General-Store.apk' is signed with a non-default certificate
&amp#27;[38;5;48m[ADB]&amp#27;[0m Getting package info for 'com.androidsample.generalstore'
&amp#27;[38;5;48m[ADB]&amp#27;[0m Running 'C:\Users\aksha\AppData\Local\Android\Sdk\platform-tools\adb.exe -P 5037 -s emulator-5554 shell dumpsys package com.androidsample.generalstore'
&amp#27;[38;5;48m[ADB]&amp#27;[0m The version name of the installed 'com.androidsample.generalstore' is greater or equal to the application version name ('1.0.0' >= '1.0.0')
&amp#27;[38;5;48m[ADB]&amp#27;[0m There is no need to install/upgrade 'C:\Users\aksha\eclipse-latest-workspace\Test\AppiumFrameworkDesign\src\test\java\org\internal\resources\General-Store.apk'
&amp#27;[38;5;32m[AndroidUiautomator2Driver@c934 (84bce249)]&amp#27;[0m Performing fast reset on 'com.androidsample.generalstore'
&amp#27;[38;5;48m[ADB]&amp#27;[0m Getting install status for com.androidsample.generalstore
&amp#27;[38;5;48m[ADB]&amp#27;[0m Running 'C:\Users\aksha\AppData\Local\Android\Sdk\platform-tools\adb.exe -P 5037 -s emulator-5554 shell pm path com.androidsample.generalstore'
&amp#27;[38;5;48m[ADB]&amp#27;[0m 'com.androidsample.generalstore' is installed
&amp#27;[38;5;48m[ADB]&amp#27;[0m Running 'C:\Users\aksha\AppData\Local\Android\Sdk\platform-tools\adb.exe -P 5037 -s emulator-5554 shell am force-stop com.androidsample.generalstore'
&amp#27;[38;5;48m[ADB]&amp#27;[0m Running 'C:\Users\aksha\AppData\Local\Android\Sdk\platform-tools\adb.exe -P 5037 -s emulator-5554 shell pm clear com.androidsample.generalstore'
&amp#27;[38;5;32m[AndroidUiautomator2Driver@c934 (84bce249)]&amp#27;[0m Performed fast reset on the installed 'com.androidsample.generalstore' application (stop and clear)
&amp#27;[38;5;48m[ADB]&amp#27;[0m apksigner stdout: Signer #1 certificate DN: EMAILADDRESS=android@android.com, CN=Android, OU=Android, O=Android, L=Mountain View, ST=California, C=US
&amp#27;[38;5;48m[ADB]&amp#27;[0m Signer #1 certificate SHA-256 digest: a40da80a59d170caa950cf15c18c454d47a39b26989d8b640ecd745ba71bf5dc
&amp#27;[38;5;48m[ADB]&amp#27;[0m Signer #1 certificate SHA-1 digest: 61ed377e85d386a8dfee6b864bd85b0bfaa5af81
&amp#27;[38;5;48m[ADB]&amp#27;[0m Signer #1 certificate MD5 digest: e89b158e4bcf988ebd09eb83f5378e87
&amp#27;[38;5;48m[ADB]&amp#27;[0m 
&amp#27;[38;5;48m[ADB]&amp#27;[0m sha256 hash did match for 'appium-uiautomator2-server-v7.0.1.apk'
&amp#27;[38;5;48m[ADB]&amp#27;[0m 'C:\Users\aksha\.appium\node_modules\appium-uiautomator2-driver\node_modules\appium-uiautomator2-server\apks\appium-uiautomator2-server-v7.0.1.apk' is signed with the default certificate
&amp#27;[38;5;48m[ADB]&amp#27;[0m Getting package info for 'io.appium.uiautomator2.server'
&amp#27;[38;5;48m[ADB]&amp#27;[0m Running 'C:\Users\aksha\AppData\Local\Android\Sdk\platform-tools\adb.exe -P 5037 -s emulator-5554 shell dumpsys package io.appium.uiautomator2.server'
&amp#27;[38;5;48m[ADB]&amp#27;[0m The version name of the installed 'io.appium.uiautomator2.server' is greater or equal to the application version name ('7.0.1' >= '7.0.1')
&amp#27;[38;5;32m[AndroidUiautomator2Driver@c934 (84bce249)]&amp#27;[0m Server packages status: [{"wasSigned":true,"installState":"sameVersionInstalled","appPath":"C:\\Users\\aksha\\.appium\\node_modules\\appium-uiautomator2-driver\\node_modules\\appium-uiautomator2-server\\apks\\appium-uiautomator2-server-v7.0.1.apk","appId":"io.appium.uiautomator2.server"},{"wasSigned":true,"installState":"sameVersionInstalled","appPath":"C:\\Users\\aksha\\.appium\\node_modules\\appium-uiautomator2-driver\\node_modules\\appium-uiautomator2-server\\apks\\appium-uiautomator2-server-debug-androidTest.apk","appId":"io.appium.uiautomator2.server.test"}]
&amp#27;[38;5;32m[AndroidUiautomator2Driver@c934 (84bce249)]&amp#27;[0m Server packages are not going to be (re)installed
&amp#27;[38;5;32m[AndroidUiautomator2Driver@c934 (84bce249)]&amp#27;[0m Waiting up to 30000ms for services to be available
&amp#27;[38;5;48m[ADB]&amp#27;[0m Running 'C:\Users\aksha\AppData\Local\Android\Sdk\platform-tools\adb.exe -P 5037 -s emulator-5554 shell pm list instrumentation'
&amp#27;[38;5;32m[AndroidUiautomator2Driver@c934 (84bce249)]&amp#27;[0m Instrumentation target 'io.appium.uiautomator2.server.test/androidx.test.runner.AndroidJUnitRunner' is available
&amp#27;[38;5;48m[ADB]&amp#27;[0m Adding packages ["io.appium.settings","io.appium.uiautomator2.server","io.appium.uiautomator2.server.test"] to Doze whitelist
&amp#27;[38;5;48m[ADB]&amp#27;[0m Got the following command chunks to execute: [["dumpsys","deviceidle","whitelist","+io.appium.settings",";","dumpsys","deviceidle","whitelist","+io.appium.uiautomator2.server",";","dumpsys","deviceidle","whitelist","+io.appium.uiautomator2.server.test",";"]]
&amp#27;[38;5;48m[ADB]&amp#27;[0m Running 'C:\Users\aksha\AppData\Local\Android\Sdk\platform-tools\adb.exe -P 5037 -s emulator-5554 shell dumpsys deviceidle whitelist +io.appium.settings ; dumpsys deviceidle whitelist +io.appium.uiautomator2.server ; dumpsys deviceidle whitelist +io.appium.uiautomator2.server.test ;'
&amp#27;[38;5;32m[AndroidUiautomator2Driver@c934 (84bce249)]&amp#27;[0m Performing shallow cleanup of automation leftovers
&amp#27;[38;5;32m[AndroidUiautomator2Driver@c934 (84bce249)]&amp#27;[0m No obsolete sessions have been detected (socket hang up)
&amp#27;[38;5;48m[ADB]&amp#27;[0m Running 'C:\Users\aksha\AppData\Local\Android\Sdk\platform-tools\adb.exe -P 5037 -s emulator-5554 shell am force-stop io.appium.uiautomator2.server.test'
&amp#27;[38;5;32m[AndroidUiautomator2Driver@c934 (84bce249)]&amp#27;[0m Starting UIAutomator2 server 7.0.1
&amp#27;[38;5;32m[AndroidUiautomator2Driver@c934 (84bce249)]&amp#27;[0m Using UIAutomator2 server from 'C:\Users\aksha\.appium\node_modules\appium-uiautomator2-driver\node_modules\appium-uiautomator2-server\apks\appium-uiautomator2-server-v7.0.1.apk' and test from 'C:\Users\aksha\.appium\node_modules\appium-uiautomator2-driver\node_modules\appium-uiautomator2-server\apks\appium-uiautomator2-server-debug-androidTest.apk'
&amp#27;[38;5;32m[AndroidUiautomator2Driver@c934 (84bce249)]&amp#27;[0m Waiting up to 30000ms for UiAutomator2 to be online...
&amp#27;[38;5;48m[ADB]&amp#27;[0m Creating ADB subprocess with args: ["-P","5037","-s","emulator-5554","shell","am","instrument","-w","-e","disableAnalytics","true","io.appium.uiautomator2.server.test/androidx.test.runner.AndroidJUnitRunner"]
&amp#27;[38;5;32m[AndroidUiautomator2Driver@c934 (84bce249)]&amp#27;[0m Matched '/status' to command name 'getStatus'
&amp#27;[38;5;32m[AndroidUiautomator2Driver@c934 (84bce249)]&amp#27;[0m Proxying [GET /status] to [GET http://127.0.0.1:8200/status] with no body
&amp#27;[38;5;32m[AndroidUiautomator2Driver@c934 (84bce249)]&amp#27;[0m socket hang up
&amp#27;[38;5;32m[AndroidUiautomator2Driver@c934 (84bce249)]&amp#27;[0m Matched '/status' to command name 'getStatus'
&amp#27;[38;5;32m[AndroidUiautomator2Driver@c934 (84bce249)]&amp#27;[0m Proxying [GET /status] to [GET http://127.0.0.1:8200/status] with no body
&amp#27;[38;5;32m[AndroidUiautomator2Driver@c934 (84bce249)]&amp#27;[0m socket hang up
&amp#27;[38;5;96m[Instrumentation]&amp#27;[0m io.appium.uiautomator2.server.test.AppiumUiAutomator2Server:
&amp#27;[38;5;32m[AndroidUiautomator2Driver@c934 (84bce249)]&amp#27;[0m Matched '/status' to command name 'getStatus'
&amp#27;[38;5;32m[AndroidUiautomator2Driver@c934 (84bce249)]&amp#27;[0m Proxying [GET /status] to [GET http://127.0.0.1:8200/status] with no body
&amp#27;[38;5;32m[AndroidUiautomator2Driver@c934 (84bce249)]&amp#27;[0m socket hang up
&amp#27;[38;5;32m[AndroidUiautomator2Driver@c934 (84bce249)]&amp#27;[0m Matched '/status' to command name 'getStatus'
&amp#27;[38;5;32m[AndroidUiautomator2Driver@c934 (84bce249)]&amp#27;[0m Proxying [GET /status] to [GET http://127.0.0.1:8200/status] with no body
&amp#27;[38;5;32m[AndroidUiautomator2Driver@c934 (84bce249)]&amp#27;[0m Got response with status 200: {"sessionId":"None","value":{"message":"UiAutomator2 Server is ready to accept commands","ready":true}}
&amp#27;[38;5;32m[AndroidUiautomator2Driver@c934 (84bce249)]&amp#27;[0m The initialization of the instrumentation process took 3257ms
&amp#27;[38;5;32m[AndroidUiautomator2Driver@c934 (84bce249)]&amp#27;[0m Matched '/session' to command name 'createSession'
&amp#27;[38;5;32m[AndroidUiautomator2Driver@c934 (84bce249)]&amp#27;[0m Proxying [POST /session] to [POST http://127.0.0.1:8200/session] with body: {"capabilities":{"firstMatch":[{"platformName":"ANDROID","chromedriverExecutable":"C:\\Users\\aksha\\eclipse-latest-workspace\\Test\\AppiumFrameworkDesign\\src\\test\\java\\org\\internal\\resources\\chromedriver.exe","automationName":"UIAutomator2","deviceName":"emulator-5554","app":"C:\\Users\\aksha\\eclipse-latest-workspace\\Test\\AppiumFrameworkDesign\\src\\test\\java\\org\\internal\\resources\\General-Store.apk","platform":"LINUX","webStorageEnabled":false,"takesScreenshot":true,"javascriptEnabled":true,"databaseEnabled":false,"networkConnectionEnabled":true,"locationContextEnabled":false,"warnings":{},"desired":{"platformName":"ANDROID","chromedriverExecutable":"C:\\Users\\aksha\\eclipse-latest-workspace\\Test\\AppiumFrameworkDesign\\src\\test\\java\\org\\internal\\resources\\chromedriver.exe","automationName":"UIAutomator2","deviceName":"AndroidVirtualMachine_AK","app":"C:\\Users\\aksha\\eclipse-latest-workspace\\Test\\AppiumFrameworkDesign\\src\\test\\java\\org\\internal\\resources\\General-Store.ap...
&amp#27;[38;5;32m[AndroidUiautomator2Driver@c934 (84bce249)]&amp#27;[0m Got response with status 200: {"sessionId":"83210445-2b64-4726-9187-710fe70e74e4","value":{"capabilities":{"firstMatch":[{"platformName":"ANDROID","chromedriverExecutable":"C:\\Users\\aksha\\eclipse-latest-workspace\\Test\\AppiumFrameworkDesign\\src\\test\\java\\org\\internal\\resources\\chromedriver.exe","automationName":"UIAutomator2","deviceName":"emulator-5554","app":"C:\\Users\\aksha\\eclipse-latest-workspace\\Test\\AppiumFrameworkDesign\\src\\test\\java\\org\\internal\\resources\\General-Store.apk","platform":"LINUX","webStorageEnabled":false,"takesScreenshot":true,"javascriptEnabled":true,"databaseEnabled":false,"networkConnectionEnabled":true,"locationContextEnabled":false,"warnings":{},"desired":{"platformName":"ANDROID","chromedriverExecutable":"C:\\Users\\aksha\\eclipse-latest-workspace\\Test\\AppiumFrameworkDesign\\src\\test\\java\\org\\internal\\resources\\chromedriver.exe","automationName":"UIAutomator2","deviceName":"AndroidVirtualMachine_AK","app":"C:\\Users\\aksha\\eclipse-latest-workspace\\Test\\AppiumFrameworkDesign\...
&amp#27;[38;5;32m[AndroidUiautomator2Driver@c934 (84bce249)]&amp#27;[0m Determined the downstream protocol as 'W3C'
&amp#27;[38;5;32m[AndroidUiautomator2Driver@c934 (84bce249)]&amp#27;[0m Proxying [GET /appium/device/pixel_ratio] to [GET http://127.0.0.1:8200/session/83210445-2b64-4726-9187-710fe70e74e4/appium/device/pixel_ratio] with no body
&amp#27;[38;5;32m[AndroidUiautomator2Driver@c934 (84bce249)]&amp#27;[0m Matched '/appium/device/system_bars' to command name 'getSystemBars'
&amp#27;[38;5;32m[AndroidUiautomator2Driver@c934 (84bce249)]&amp#27;[0m Proxying [GET /appium/device/system_bars] to [GET http://127.0.0.1:8200/session/83210445-2b64-4726-9187-710fe70e74e4/appium/device/system_bars] with no body
&amp#27;[38;5;32m[AndroidUiautomator2Driver@c934 (84bce249)]&amp#27;[0m Matched '/window/current/size' to command name 'getWindowSize'
&amp#27;[38;5;32m[AndroidUiautomator2Driver@c934 (84bce249)]&amp#27;[0m Proxying [GET /window/current/size] to [GET http://127.0.0.1:8200/session/83210445-2b64-4726-9187-710fe70e74e4/window/current/size] with no body
&amp#27;[38;5;32m[AndroidUiautomator2Driver@c934 (84bce249)]&amp#27;[0m Proxying [GET /appium/device/info] to [GET http://127.0.0.1:8200/session/83210445-2b64-4726-9187-710fe70e74e4/appium/device/info] with no body
&amp#27;[38;5;48m[ADB]&amp#27;[0m Running 'C:\Users\aksha\AppData\Local\Android\Sdk\platform-tools\adb.exe -P 5037 -s emulator-5554 shell dumpsys window'
&amp#27;[38;5;32m[AndroidUiautomator2Driver@c934 (84bce249)]&amp#27;[0m Got response with status 200: {"sessionId":"83210445-2b64-4726-9187-710fe70e74e4","value":3.5}
&amp#27;[38;5;32m[AndroidUiautomator2Driver@c934 (84bce249)]&amp#27;[0m Got response with status 200: {"sessionId":"83210445-2b64-4726-9187-710fe70e74e4","value":{"statusBar":98}}
&amp#27;[38;5;32m[AndroidUiautomator2Driver@c934 (84bce249)]&amp#27;[0m Got response with status 200: {"sessionId":"83210445-2b64-4726-9187-710fe70e74e4","value":{"height":2880,"width":1440}}
&amp#27;[38;5;32m[AndroidUiautomator2Driver@c934 (84bce249)]&amp#27;[0m Got response with status 200: {"sessionId":"83210445-2b64-4726-9187-710fe70e74e4","value":{"androidId":"f88c4aeb374b26a7","apiVersion":"34","bluetooth":{"state":"ON"},"brand":"google","carrierName":"T-Mobile","displayDensity":560,"locale":"en_US","manufacturer":"Google","model":"sdk_gphone64_x86_64","networks":[{"capabilities":{"SSID":null,"linkDownBandwidthKbps":30000,"linkUpstreamBandwidthKbps":12000,"networkCapabilities":"NET_CAPABILITY_NOT_METERED,NET_CAPABILITY_INTERNET,NET_CAPABILITY_NOT_RESTRICTED,NET_CAPABILITY_TRUSTED,NET_CAPABILITY_NOT_VPN,NET_CAPABILITY_VALIDATED,NET_CAPABILITY_NOT_ROAMING,NET_CAPABILITY_FOREGROUND,NET_CAPABILITY_NOT_CONGESTED,NET_CAPABILITY_NOT_SUSPENDED","signalStrength":-50,"transportTypes":"TRANSPORT_WIFI"},"detailedState":"CONNECTED","extraInfo":"","isAvailable":true,"isConnected":true,"isFailover":false,"isRoaming":false,"state":"CONNECTED","subtype":-1,"subtypeName":"","type":1,"typeName":"WIFI"}],"platformVersion":"14","realDisplaySize":"1440x2880","timeZone":"Asia/Calcutta"}}
&amp#27;[38;5;32m[AndroidUiautomator2Driver@c934 (84bce249)]&amp#27;[0m Screen already unlocked, doing nothing
&amp#27;[38;5;32m[AndroidUiautomator2Driver@c934 (84bce249)]&amp#27;[0m Starting 'com.androidsample.generalstore/com.androidsample.generalstore.SplashActivity and waiting for 'com.androidsample.generalstore/com.androidsample.generalstore.SplashActivity'
&amp#27;[38;5;48m[ADB]&amp#27;[0m Running 'C:\Users\aksha\AppData\Local\Android\Sdk\platform-tools\adb.exe -P 5037 -s emulator-5554 shell am start -W -n com.androidsample.generalstore/com.androidsample.generalstore.SplashActivity -S -a android.intent.action.MAIN -c android.intent.category.LAUNCHER -f 0x10200000'
&amp#27;[38;5;48m[ADB]&amp#27;[0m Waiting up to 20000ms for activity matching pkg: 'com.androidsample.generalstore' and activity: 'com.androidsample.generalstore.SplashActivity' to be focused
&amp#27;[38;5;48m[ADB]&amp#27;[0m Possible activities, to be checked: 'com.androidsample.generalstore.SplashActivity', 'com.androidsample.generalstore.com.androidsample.generalstore.SplashActivity'
&amp#27;[38;5;48m[ADB]&amp#27;[0m Getting focused package and activity
&amp#27;[38;5;48m[ADB]&amp#27;[0m Running 'C:\Users\aksha\AppData\Local\Android\Sdk\platform-tools\adb.exe -P 5037 -s emulator-5554 shell dumpsys window displays'
&amp#27;[38;5;48m[ADB]&amp#27;[0m Found package: 'com.androidsample.generalstore' and fully qualified activity name : 'com.androidsample.generalstore.SplashActivity'
&amp#27;[38;5;16m[AppiumDriver@9de5]&amp#27;[0m New AndroidUiautomator2Driver session created successfully, session 84bce249-ca83-4251-a03f-9c89bef7101e added to master session list
&amp#27;[38;5;16m[AppiumDriver@9de5]&amp#27;[0m Event 'newSessionStarted' logged at 1710594306405 (18:35:06 GMT+0530 (India Standard Time))
&amp#27;[38;5;32m[AndroidUiautomator2Driver@c934 (84bce249)]&amp#27;[0m Cached the protocol value 'W3C' for the new session 84bce249-ca83-4251-a03f-9c89bef7101e
&amp#27;[38;5;32m[AndroidUiautomator2Driver@c934 (84bce249)]&amp#27;[0m Responding to client with driver.createSession() result: {"capabilities":{"platformName":"ANDROID","chromedriverExecutable":"C:\\Users\\aksha\\eclipse-latest-workspace\\Test\\AppiumFrameworkDesign\\src\\test\\java\\org\\internal\\resources\\chromedriver.exe","automationName":"UIAutomator2","deviceName":"emulator-5554","app":"C:\\Users\\aksha\\eclipse-latest-workspace\\Test\\AppiumFrameworkDesign\\src\\test\\java\\org\\internal\\resources\\General-Store.apk","platform":"LINUX","webStorageEnabled":false,"takesScreenshot":true,"javascriptEnabled":true,"databaseEnabled":false,"networkConnectionEnabled":true,"locationContextEnabled":false,"warnings":{},"desired":{"platformName":"ANDROID","chromedriverExecutable":"C:\\Users\\aksha\\eclipse-latest-workspace\\Test\\AppiumFrameworkDesign\\src\\test\\java\\org\\internal\\resources\\chromedriver.exe","automationName":"UIAutomator2","deviceName":"AndroidVirtualMachine_AK","app":"C:\\Users\\aksha\\eclipse-latest-workspace\\Test\\AppiumFrameworkDesign\\src\\test\\java\\org\\internal\\resources\\General-Store.apk"},"deviceUDID...
&amp#27;[38;5;0m[HTTP]&amp#27;[0m &amp#27;[37m<-- POST /session &amp#27;[39m&amp#27;[32m200&amp#27;[39m &amp#27;[90m7389 ms - 1413&amp#27;[39m
&amp#27;[38;5;0m[HTTP]&amp#27;[0m &amp#27;[90m&amp#27;[39m
&amp#27;[38;5;0m[HTTP]&amp#27;[0m &amp#27;[37m-->&amp#27;[39m &amp#27;[37mPOST&amp#27;[39m &amp#27;[37m/session/84bce249-ca83-4251-a03f-9c89bef7101e/timeouts&amp#27;[39m
&amp#27;[38;5;0m[HTTP]&amp#27;[0m &amp#27;[90m{"implicit":10000}&amp#27;[39m
&amp#27;[38;5;32m[AndroidUiautomator2Driver@c934 (84bce249)]&amp#27;[0m Calling AppiumDriver.timeouts() with args: [null,null,null,null,10000,"84bce249-ca83-4251-a03f-9c89bef7101e"]
&amp#27;[38;5;32m[AndroidUiautomator2Driver@c934 (84bce249)]&amp#27;[0m W3C timeout argument: {"implicit":10000}}
&amp#27;[38;5;32m[AndroidUiautomator2Driver@c934 (84bce249)]&amp#27;[0m Set implicit wait to 10000ms
&amp#27;[38;5;32m[AndroidUiautomator2Driver@c934 (84bce249)]&amp#27;[0m Responding to client with driver.timeouts() result: null
&amp#27;[38;5;0m[HTTP]&amp#27;[0m &amp#27;[37m<-- POST /session/84bce249-ca83-4251-a03f-9c89bef7101e/timeouts &amp#27;[39m&amp#27;[32m200&amp#27;[39m &amp#27;[90m6 ms - 14&amp#27;[39m
&amp#27;[38;5;0m[HTTP]&amp#27;[0m &amp#27;[90m&amp#27;[39m
&amp#27;[38;5;0m[HTTP]&amp#27;[0m &amp#27;[37m-->&amp#27;[39m &amp#27;[37mDELETE&amp#27;[39m &amp#27;[37m/session/84bce249-ca83-4251-a03f-9c89bef7101e&amp#27;[39m
&amp#27;[38;5;0m[HTTP]&amp#27;[0m &amp#27;[90m{}&amp#27;[39m
&amp#27;[38;5;32m[AndroidUiautomator2Driver@c934 (84bce249)]&amp#27;[0m Calling AppiumDriver.deleteSession() with args: ["84bce249-ca83-4251-a03f-9c89bef7101e"]
&amp#27;[38;5;16m[AppiumDriver@9de5]&amp#27;[0m Event 'quitSessionRequested' logged at 1710594307382 (18:35:07 GMT+0530 (India Standard Time))
&amp#27;[38;5;16m[AppiumDriver@9de5]&amp#27;[0m Removing session 84bce249-ca83-4251-a03f-9c89bef7101e from our master session list
&amp#27;[38;5;32m[AndroidUiautomator2Driver@c934 (84bce249)]&amp#27;[0m Deleting UiAutomator2 session
&amp#27;[38;5;32m[AndroidUiautomator2Driver@c934 (84bce249)]&amp#27;[0m Deleting UiAutomator2 server session
&amp#27;[38;5;32m[AndroidUiautomator2Driver@c934 (84bce249)]&amp#27;[0m Matched '/' to command name 'deleteSession'
&amp#27;[38;5;32m[AndroidUiautomator2Driver@c934 (84bce249)]&amp#27;[0m Proxying [DELETE /] to [DELETE http://127.0.0.1:8200/session/83210445-2b64-4726-9187-710fe70e74e4] with no body
&amp#27;[38;5;32m[AndroidUiautomator2Driver@c934 (84bce249)]&amp#27;[0m Got response with status 200: {"sessionId":"83210445-2b64-4726-9187-710fe70e74e4","value":null}
&amp#27;[38;5;48m[ADB]&amp#27;[0m Running 'C:\Users\aksha\AppData\Local\Android\Sdk\platform-tools\adb.exe -P 5037 -s emulator-5554 shell dumpsys activity services io.appium.settings/.recorder.RecorderService'
&amp#27;[38;5;48m[ADB]&amp#27;[0m Running 'C:\Users\aksha\AppData\Local\Android\Sdk\platform-tools\adb.exe -P 5037 -s emulator-5554 shell am force-stop com.androidsample.generalstore'
&amp#27;[38;5;80m[Logcat]&amp#27;[0m Stopping logcat capture
&amp#27;[38;5;48m[ADB]&amp#27;[0m Removing forwarded port socket connection: 8200 
&amp#27;[38;5;48m[ADB]&amp#27;[0m Running 'C:\Users\aksha\AppData\Local\Android\Sdk\platform-tools\adb.exe -P 5037 -s emulator-5554 forward --remove tcp:8200'
&amp#27;[38;5;32m[AndroidUiautomator2Driver@c934 (84bce249)]&amp#27;[0m Restoring hidden api policy to the device default configuration
&amp#27;[38;5;48m[ADB]&amp#27;[0m Running 'C:\Users\aksha\AppData\Local\Android\Sdk\platform-tools\adb.exe -P 5037 -s emulator-5554 shell 'settings delete global hidden_api_policy_pre_p_apps;settings delete global hidden_api_policy_p_apps;settings delete global hidden_api_policy''
&amp#27;[38;5;16m[AppiumDriver@9de5]&amp#27;[0m Event 'quitSessionFinished' logged at 1710594307766 (18:35:07 GMT+0530 (India Standard Time))
&amp#27;[38;5;16m[AppiumDriver@9de5]&amp#27;[0m Received response: null
&amp#27;[38;5;16m[AppiumDriver@9de5]&amp#27;[0m But deleting session, so not returning
&amp#27;[38;5;16m[AppiumDriver@9de5]&amp#27;[0m Responding to client with driver.deleteSession() result: null
&amp#27;[38;5;0m[HTTP]&amp#27;[0m &amp#27;[37m<-- DELETE /session/84bce249-ca83-4251-a03f-9c89bef7101e &amp#27;[39m&amp#27;[32m200&amp#27;[39m &amp#27;[90m386 ms - 14&amp#27;[39m
&amp#27;[38;5;0m[HTTP]&amp#27;[0m &amp#27;[90m&amp#27;[39m
&amp#27;[35m[Appium]&amp#27;[39m Welcome to Appium v2.5.1
&amp#27;[35m[Appium]&amp#27;[39m Non-default server args:
&amp#27;[35m[Appium]&amp#27;[39m { address: &amp#27;[32m'127.0.0.1'&amp#27;[39m }
&amp#27;[35m[Appium]&amp#27;[39m The autodetected Appium home path: C:\Users\aksha\.appium
&amp#27;[35m[Appium]&amp#27;[39m Attempting to load driver uiautomator2...
&amp#27;[35m[Appium]&amp#27;[39m Requiring driver at C:\Users\aksha\.appium\node_modules\appium-uiautomator2-driver\build\index.js
&amp#27;[35m[Appium]&amp#27;[39m AndroidUiautomator2Driver has been successfully loaded in 0.990s
&amp#27;[35m[Appium]&amp#27;[39m Appium REST http interface listener started on http://127.0.0.1:4723
&amp#27;[35m[Appium]&amp#27;[39m Available drivers:
&amp#27;[35m[Appium]&amp#27;[39m   - uiautomator2@3.0.1 (automationName 'UiAutomator2')
&amp#27;[35m[Appium]&amp#27;[39m No plugins have been installed. Use the "appium plugin" command to install the one(s) you want to use.
&amp#27;[38;5;0m[HTTP]&amp#27;[0m &amp#27;[37m-->&amp#27;[39m &amp#27;[37mGET&amp#27;[39m &amp#27;[37m/status&amp#27;[39m
&amp#27;[38;5;0m[HTTP]&amp#27;[0m &amp#27;[90m{}&amp#27;[39m
&amp#27;[38;5;16m[AppiumDriver@53e3]&amp#27;[0m Calling AppiumDriver.getStatus() with args: []
&amp#27;[38;5;16m[AppiumDriver@53e3]&amp#27;[0m Responding to client with driver.getStatus() result: {"ready":true,"message":"The server is ready to accept new connections","build":{"version":"2.5.1"}}
&amp#27;[38;5;0m[HTTP]&amp#27;[0m &amp#27;[37m<-- GET /status &amp#27;[39m&amp#27;[32m200&amp#27;[39m &amp#27;[90m7 ms - 110&amp#27;[39m
&amp#27;[38;5;0m[HTTP]&amp#27;[0m &amp#27;[90m&amp#27;[39m
&amp#27;[38;5;0m[HTTP]&amp#27;[0m Request idempotency key: fdf87e4c-4614-4b34-8a92-84e37e6a50b0
&amp#27;[38;5;0m[HTTP]&amp#27;[0m &amp#27;[37m-->&amp#27;[39m &amp#27;[37mPOST&amp#27;[39m &amp#27;[37m/session&amp#27;[39m
&amp#27;[38;5;0m[HTTP]&amp#27;[0m &amp#27;[90m{"capabilities":{"firstMatch":[{}],"alwaysMatch":{"appium:chromedriverExecutable":"C:\\Users\\aksha\\eclipse-latest-workspace\\Test\\AppiumFrameworkDesign\\src\\test\\java\\org\\internal\\resources\\chromedriver.exe","appium:automationName":"UIAutomator2","appium:deviceName":"AndroidVirtualMachine_AK","appium:app":"C:\\Users\\aksha\\eclipse-latest-workspace\\Test\\AppiumFrameworkDesign\\src\\test\\java\\org\\internal\\resources\\General-Store.apk","platformName":"ANDROID"}}}&amp#27;[39m
&amp#27;[38;5;16m[AppiumDriver@53e3]&amp#27;[0m Calling AppiumDriver.createSession() with args: [null,null,{"firstMatch":[{}],"alwaysMatch":{"appium:chromedriverExecutable":"C:\\Users\\aksha\\eclipse-latest-workspace\\Test\\AppiumFrameworkDesign\\src\\test\\java\\org\\internal\\resources\\chromedriver.exe","appium:automationName":"UIAutomator2","appium:deviceName":"AndroidVirtualMachine_AK","appium:app":"C:\\Users\\aksha\\eclipse-latest-workspace\\Test\\AppiumFrameworkDesign\\src\\test\\java\\org\\internal\\resources\\General-Store.apk","platformName":"ANDROID"}}]
&amp#27;[38;5;16m[AppiumDriver@53e3]&amp#27;[0m Event 'newSessionRequested' logged at 1710594310888 (18:35:10 GMT+0530 (India Standard Time))
&amp#27;[35m[Appium]&amp#27;[39m Attempting to find matching driver for automationName 'UIAutomator2' and platformName 'ANDROID'
&amp#27;[35m[Appium]&amp#27;[39m The 'uiautomator2' driver was installed and matched caps.
&amp#27;[35m[Appium]&amp#27;[39m Will require it at C:\Users\aksha\.appium\node_modules\appium-uiautomator2-driver
&amp#27;[35m[Appium]&amp#27;[39m Requiring driver at C:\Users\aksha\.appium\node_modules\appium-uiautomator2-driver\build\index.js
&amp#27;[38;5;16m[AppiumDriver@53e3]&amp#27;[0m Appium v2.5.1 creating new AndroidUiautomator2Driver (v3.0.1) session
&amp#27;[38;5;16m[AppiumDriver@53e3]&amp#27;[0m Checking BaseDriver versions for Appium and AndroidUiautomator2Driver
&amp#27;[38;5;16m[AppiumDriver@53e3]&amp#27;[0m Appium's BaseDriver version is 9.5.2
&amp#27;[38;5;16m[AppiumDriver@53e3]&amp#27;[0m AndroidUiautomator2Driver's BaseDriver version is 9.5.2
&amp#27;[38;5;32m[AndroidUiautomator2Driver@b719]&amp#27;[0m Creating session with W3C capabilities: {
&amp#27;[38;5;32m[AndroidUiautomator2Driver@b719]&amp#27;[0m   "alwaysMatch": {
&amp#27;[38;5;32m[AndroidUiautomator2Driver@b719]&amp#27;[0m     "platformName": "ANDROID",
&amp#27;[38;5;32m[AndroidUiautomator2Driver@b719]&amp#27;[0m     "appium:chromedriverExecutable": "C:\\Users\\aksha\\eclipse-latest-workspace\\Test\\AppiumFrameworkDesign\\src\\test\\java\\org\\internal\\resources\\chromedriver.exe",
&amp#27;[38;5;32m[AndroidUiautomator2Driver@b719]&amp#27;[0m     "appium:automationName": "UIAutomator2",
&amp#27;[38;5;32m[AndroidUiautomator2Driver@b719]&amp#27;[0m     "appium:deviceName": "AndroidVirtualMachine_AK",
&amp#27;[38;5;32m[AndroidUiautomator2Driver@b719]&amp#27;[0m     "appium:app": "C:\\Users\\aksha\\eclipse-latest-workspace\\Test\\AppiumFrameworkDesign\\src\\test\\java\\org\\internal\\resources\\General-Store.apk"
&amp#27;[38;5;32m[AndroidUiautomator2Driver@b719]&amp#27;[0m   },
&amp#27;[38;5;32m[AndroidUiautomator2Driver@b719]&amp#27;[0m   "firstMatch": [
&amp#27;[38;5;32m[AndroidUiautomator2Driver@b719]&amp#27;[0m     {}
&amp#27;[38;5;32m[AndroidUiautomator2Driver@b719]&amp#27;[0m   ]
&amp#27;[38;5;32m[AndroidUiautomator2Driver@b719]&amp#27;[0m }
&amp#27;[38;5;32m[AndroidUiautomator2Driver@b719 (a5736f1c)]&amp#27;[0m Session created with session id: a5736f1c-38d3-4b76-837c-6bb32f96b264
&amp#27;[38;5;48m[ADB]&amp#27;[0m Found 1 'build-tools' folders under 'C:\Users\aksha\AppData\Local\Android\Sdk' (newest first):
&amp#27;[38;5;48m[ADB]&amp#27;[0m     C:\Users\aksha\AppData\Local\Android\Sdk\build-tools\34.0.0
&amp#27;[38;5;48m[ADB]&amp#27;[0m Using 'adb.exe' from 'C:\Users\aksha\AppData\Local\Android\Sdk\platform-tools\adb.exe'
&amp#27;[38;5;48m[ADB]&amp#27;[0m Running 'C:\Users\aksha\AppData\Local\Android\Sdk\platform-tools\adb.exe -P 5037 start-server'
&amp#27;[38;5;32m[AndroidUiautomator2Driver@b719 (a5736f1c)]&amp#27;[0m Retrieving device list
&amp#27;[38;5;48m[ADB]&amp#27;[0m Trying to find connected Android devices
&amp#27;[38;5;48m[ADB]&amp#27;[0m Getting connected devices
&amp#27;[38;5;48m[ADB]&amp#27;[0m Connected devices: [{"udid":"emulator-5554","state":"device"}]
&amp#27;[38;5;32m[AndroidUiautomator2Driver@b719 (a5736f1c)]&amp#27;[0m Using device: emulator-5554
&amp#27;[38;5;48m[ADB]&amp#27;[0m Using 'adb.exe' from 'C:\Users\aksha\AppData\Local\Android\Sdk\platform-tools\adb.exe'
&amp#27;[38;5;48m[ADB]&amp#27;[0m Running 'C:\Users\aksha\AppData\Local\Android\Sdk\platform-tools\adb.exe -P 5037 start-server'
&amp#27;[38;5;48m[ADB]&amp#27;[0m Setting device id to emulator-5554
&amp#27;[38;5;64m[BaseDriver]&amp#27;[0m Using local app 'C:\Users\aksha\eclipse-latest-workspace\Test\AppiumFrameworkDesign\src\test\java\org\internal\resources\General-Store.apk'
&amp#27;[38;5;32m[AndroidUiautomator2Driver@b719 (a5736f1c)]&amp#27;[0m Checking whether app is actually present
&amp#27;[38;5;48m[ADB]&amp#27;[0m Running 'C:\Users\aksha\AppData\Local\Android\Sdk\platform-tools\adb.exe -P 5037 -s emulator-5554 shell getprop ro.build.version.sdk'
&amp#27;[38;5;48m[ADB]&amp#27;[0m Current device property 'ro.build.version.sdk': 34
&amp#27;[38;5;48m[ADB]&amp#27;[0m Getting device platform version
&amp#27;[38;5;48m[ADB]&amp#27;[0m Running 'C:\Users\aksha\AppData\Local\Android\Sdk\platform-tools\adb.exe -P 5037 -s emulator-5554 shell getprop ro.build.version.release'
&amp#27;[38;5;48m[ADB]&amp#27;[0m Current device property 'ro.build.version.release': 14
&amp#27;[38;5;48m[ADB]&amp#27;[0m Device API level: 34
&amp#27;[38;5;32m[AndroidUiautomator2Driver@b719 (a5736f1c)]&amp#27;[0m Relaxing hidden api policy
&amp#27;[38;5;48m[ADB]&amp#27;[0m Running 'C:\Users\aksha\AppData\Local\Android\Sdk\platform-tools\adb.exe -P 5037 -s emulator-5554 shell 'settings put global hidden_api_policy_pre_p_apps 1;settings put global hidden_api_policy_p_apps 1;settings put global hidden_api_policy 1''
&amp#27;[38;5;32m[AndroidUiautomator2Driver@b719 (a5736f1c)]&amp#27;[0m Parsing package and activity from app manifest
&amp#27;[38;5;48m[ADB]&amp#27;[0m Running 'C:\Users\aksha\AppData\Local\Android\Sdk\platform-tools\adb.exe -P 5037 -s emulator-5554 wait-for-device'
&amp#27;[38;5;48m[ADB]&amp#27;[0m Package name: 'com.androidsample.generalstore'
&amp#27;[38;5;48m[ADB]&amp#27;[0m Main activity name: 'com.androidsample.generalstore.SplashActivity'
&amp#27;[38;5;32m[AndroidUiautomator2Driver@b719 (a5736f1c)]&amp#27;[0m Parsed package and activity are: com.androidsample.generalstore/com.androidsample.generalstore.SplashActivity
&amp#27;[38;5;48m[ADB]&amp#27;[0m Running 'C:\Users\aksha\AppData\Local\Android\Sdk\platform-tools\adb.exe -P 5037 -s emulator-5554 shell echo ping'
&amp#27;[38;5;32m[AndroidUiautomator2Driver@b719 (a5736f1c)]&amp#27;[0m Pushing settings apk to the device...
&amp#27;[38;5;48m[ADB]&amp#27;[0m Getting package info for 'io.appium.settings'
&amp#27;[38;5;48m[ADB]&amp#27;[0m Running 'C:\Users\aksha\AppData\Local\Android\Sdk\platform-tools\adb.exe -P 5037 -s emulator-5554 shell dumpsys package io.appium.settings'
&amp#27;[38;5;48m[ADB]&amp#27;[0m The version name of the installed 'io.appium.settings' is greater or equal to the application version name ('5.7.5' >= '5.7.5')
&amp#27;[38;5;48m[ADB]&amp#27;[0m There is no need to install/upgrade 'C:\Users\aksha\.appium\node_modules\appium-uiautomator2-driver\node_modules\io.appium.settings\apks\settings_apk-debug.apk'
&amp#27;[38;5;48m[ADB]&amp#27;[0m Running 'C:\Users\aksha\AppData\Local\Android\Sdk\platform-tools\adb.exe -P 5037 -s emulator-5554 shell dumpsys activity services io.appium.settings'
&amp#27;[38;5;32m[AndroidUiautomator2Driver@b719 (a5736f1c)]&amp#27;[0m io.appium.settings is already running. There is no need to reset its permissions.
&amp#27;[38;5;80m[Logcat]&amp#27;[0m Starting logs capture with command: C:\\Users\\aksha\\AppData\\Local\\Android\\Sdk\\platform-tools\\adb.exe -P 5037 -s emulator-5554 logcat -v threadtime
&amp#27;[38;5;32m[AndroidUiautomator2Driver@b719 (a5736f1c)]&amp#27;[0m Forwarding UiAutomator2 Server port 6790 to local port 8200
&amp#27;[38;5;48m[ADB]&amp#27;[0m Forwarding system: 8200 to device: 6790
&amp#27;[38;5;48m[ADB]&amp#27;[0m Running 'C:\Users\aksha\AppData\Local\Android\Sdk\platform-tools\adb.exe -P 5037 -s emulator-5554 forward tcp:8200 tcp:6790'
&amp#27;[38;5;48m[ADB]&amp#27;[0m Checking app cert for C:\Users\aksha\eclipse-latest-workspace\Test\AppiumFrameworkDesign\src\test\java\org\internal\resources\General-Store.apk
&amp#27;[38;5;48m[ADB]&amp#27;[0m Checking app cert for C:\Users\aksha\.appium\node_modules\appium-uiautomator2-driver\node_modules\appium-uiautomator2-server\apks\appium-uiautomator2-server-v7.0.1.apk
&amp#27;[38;5;48m[ADB]&amp#27;[0m Checking app cert for C:\Users\aksha\.appium\node_modules\appium-uiautomator2-driver\node_modules\appium-uiautomator2-server\apks\appium-uiautomator2-server-debug-androidTest.apk
&amp#27;[38;5;48m[ADB]&amp#27;[0m Using 'apksigner.jar' from 'C:\Users\aksha\AppData\Local\Android\Sdk\build-tools\34.0.0\lib\apksigner.jar'
&amp#27;[38;5;48m[ADB]&amp#27;[0m Starting apksigner: 'C:\\Program Files\\Java\\jdk-17.0.5\\bin\\java.exe' -Xmx1024M -Xss1m -jar C:\\Users\\aksha\\AppData\\Local\\Android\\Sdk\\build-tools\\34.0.0\\lib\\apksigner.jar verify --print-certs C:\\Users\\aksha\\.appium\\node_modules\\appium-uiautomator2-driver\\node_modules\\appium-uiautomator2-server\\apks\\appium-uiautomator2-server-debug-androidTest.apk
&amp#27;[38;5;48m[ADB]&amp#27;[0m Starting apksigner: 'C:\\Program Files\\Java\\jdk-17.0.5\\bin\\java.exe' -Xmx1024M -Xss1m -jar C:\\Users\\aksha\\AppData\\Local\\Android\\Sdk\\build-tools\\34.0.0\\lib\\apksigner.jar verify --print-certs C:\\Users\\aksha\\eclipse-latest-workspace\\Test\\AppiumFrameworkDesign\\src\\test\\java\\org\\internal\\resources\\General-Store.apk
&amp#27;[38;5;48m[ADB]&amp#27;[0m Starting apksigner: 'C:\\Program Files\\Java\\jdk-17.0.5\\bin\\java.exe' -Xmx1024M -Xss1m -jar C:\\Users\\aksha\\AppData\\Local\\Android\\Sdk\\build-tools\\34.0.0\\lib\\apksigner.jar verify --print-certs C:\\Users\\aksha\\.appium\\node_modules\\appium-uiautomator2-driver\\node_modules\\appium-uiautomator2-server\\apks\\appium-uiautomator2-server-v7.0.1.apk
&amp#27;[38;5;48m[ADB]&amp#27;[0m apksigner stdout: Signer #1 certificate DN: EMAILADDRESS=android@android.com, CN=Android, OU=Android, O=Android, L=Mountain View, ST=California, C=US
&amp#27;[38;5;48m[ADB]&amp#27;[0m Signer #1 certificate SHA-256 digest: a40da80a59d170caa950cf15c18c454d47a39b26989d8b640ecd745ba71bf5dc
&amp#27;[38;5;48m[ADB]&amp#27;[0m Signer #1 certificate SHA-1 digest: 61ed377e85d386a8dfee6b864bd85b0bfaa5af81
&amp#27;[38;5;48m[ADB]&amp#27;[0m Signer #1 certificate MD5 digest: e89b158e4bcf988ebd09eb83f5378e87
&amp#27;[38;5;48m[ADB]&amp#27;[0m 
&amp#27;[38;5;48m[ADB]&amp#27;[0m sha256 hash did match for 'appium-uiautomator2-server-debug-androidTest.apk'
&amp#27;[38;5;48m[ADB]&amp#27;[0m 'C:\Users\aksha\.appium\node_modules\appium-uiautomator2-driver\node_modules\appium-uiautomator2-server\apks\appium-uiautomator2-server-debug-androidTest.apk' is signed with the default certificate
&amp#27;[38;5;48m[ADB]&amp#27;[0m Getting install status for io.appium.uiautomator2.server.test
&amp#27;[38;5;48m[ADB]&amp#27;[0m Running 'C:\Users\aksha\AppData\Local\Android\Sdk\platform-tools\adb.exe -P 5037 -s emulator-5554 shell pm path io.appium.uiautomator2.server.test'
&amp#27;[38;5;48m[ADB]&amp#27;[0m 'io.appium.uiautomator2.server.test' is installed
&amp#27;[38;5;48m[ADB]&amp#27;[0m apksigner stdout: Signer #1 certificate DN: C=US, O=Android, CN=Android Debug
&amp#27;[38;5;48m[ADB]&amp#27;[0m Signer #1 certificate SHA-256 digest: f5f5931c019be6bff8a26255f76ae9ef8a8e631d2a702ec10e91110231549eef
&amp#27;[38;5;48m[ADB]&amp#27;[0m Signer #1 certificate SHA-1 digest: b250161db8b5d0a1bd39154c9fd749bdad79c1a3
&amp#27;[38;5;48m[ADB]&amp#27;[0m Signer #1 certificate MD5 digest: 7a5550323d84472ca25a0861c63e0a6c
&amp#27;[38;5;48m[ADB]&amp#27;[0m 
&amp#27;[38;5;48m[ADB]&amp#27;[0m 'C:\Users\aksha\eclipse-latest-workspace\Test\AppiumFrameworkDesign\src\test\java\org\internal\resources\General-Store.apk' is signed with a non-default certificate
&amp#27;[38;5;48m[ADB]&amp#27;[0m Getting package info for 'com.androidsample.generalstore'
&amp#27;[38;5;48m[ADB]&amp#27;[0m Running 'C:\Users\aksha\AppData\Local\Android\Sdk\platform-tools\adb.exe -P 5037 -s emulator-5554 shell dumpsys package com.androidsample.generalstore'
&amp#27;[38;5;48m[ADB]&amp#27;[0m The version name of the installed 'com.androidsample.generalstore' is greater or equal to the application version name ('1.0.0' >= '1.0.0')
&amp#27;[38;5;48m[ADB]&amp#27;[0m There is no need to install/upgrade 'C:\Users\aksha\eclipse-latest-workspace\Test\AppiumFrameworkDesign\src\test\java\org\internal\resources\General-Store.apk'
&amp#27;[38;5;32m[AndroidUiautomator2Driver@b719 (a5736f1c)]&amp#27;[0m Performing fast reset on 'com.androidsample.generalstore'
&amp#27;[38;5;48m[ADB]&amp#27;[0m Getting install status for com.androidsample.generalstore
&amp#27;[38;5;48m[ADB]&amp#27;[0m Running 'C:\Users\aksha\AppData\Local\Android\Sdk\platform-tools\adb.exe -P 5037 -s emulator-5554 shell pm path com.androidsample.generalstore'
&amp#27;[38;5;48m[ADB]&amp#27;[0m 'com.androidsample.generalstore' is installed
&amp#27;[38;5;48m[ADB]&amp#27;[0m Running 'C:\Users\aksha\AppData\Local\Android\Sdk\platform-tools\adb.exe -P 5037 -s emulator-5554 shell am force-stop com.androidsample.generalstore'
&amp#27;[38;5;48m[ADB]&amp#27;[0m Running 'C:\Users\aksha\AppData\Local\Android\Sdk\platform-tools\adb.exe -P 5037 -s emulator-5554 shell pm clear com.androidsample.generalstore'
&amp#27;[38;5;32m[AndroidUiautomator2Driver@b719 (a5736f1c)]&amp#27;[0m Performed fast reset on the installed 'com.androidsample.generalstore' application (stop and clear)
&amp#27;[38;5;48m[ADB]&amp#27;[0m apksigner stdout: Signer #1 certificate DN: EMAILADDRESS=android@android.com, CN=Android, OU=Android, O=Android, L=Mountain View, ST=California, C=US
&amp#27;[38;5;48m[ADB]&amp#27;[0m Signer #1 certificate SHA-256 digest: a40da80a59d170caa950cf15c18c454d47a39b26989d8b640ecd745ba71bf5dc
&amp#27;[38;5;48m[ADB]&amp#27;[0m Signer #1 certificate SHA-1 digest: 61ed377e85d386a8dfee6b864bd85b0bfaa5af81
&amp#27;[38;5;48m[ADB]&amp#27;[0m Signer #1 certificate MD5 digest: e89b158e4bcf988ebd09eb83f5378e87
&amp#27;[38;5;48m[ADB]&amp#27;[0m 
&amp#27;[38;5;48m[ADB]&amp#27;[0m sha256 hash did match for 'appium-uiautomator2-server-v7.0.1.apk'
&amp#27;[38;5;48m[ADB]&amp#27;[0m 'C:\Users\aksha\.appium\node_modules\appium-uiautomator2-driver\node_modules\appium-uiautomator2-server\apks\appium-uiautomator2-server-v7.0.1.apk' is signed with the default certificate
&amp#27;[38;5;48m[ADB]&amp#27;[0m Getting package info for 'io.appium.uiautomator2.server'
&amp#27;[38;5;48m[ADB]&amp#27;[0m Running 'C:\Users\aksha\AppData\Local\Android\Sdk\platform-tools\adb.exe -P 5037 -s emulator-5554 shell dumpsys package io.appium.uiautomator2.server'
&amp#27;[38;5;48m[ADB]&amp#27;[0m The version name of the installed 'io.appium.uiautomator2.server' is greater or equal to the application version name ('7.0.1' >= '7.0.1')
&amp#27;[38;5;32m[AndroidUiautomator2Driver@b719 (a5736f1c)]&amp#27;[0m Server packages status: [{"wasSigned":true,"installState":"sameVersionInstalled","appPath":"C:\\Users\\aksha\\.appium\\node_modules\\appium-uiautomator2-driver\\node_modules\\appium-uiautomator2-server\\apks\\appium-uiautomator2-server-v7.0.1.apk","appId":"io.appium.uiautomator2.server"},{"wasSigned":true,"installState":"sameVersionInstalled","appPath":"C:\\Users\\aksha\\.appium\\node_modules\\appium-uiautomator2-driver\\node_modules\\appium-uiautomator2-server\\apks\\appium-uiautomator2-server-debug-androidTest.apk","appId":"io.appium.uiautomator2.server.test"}]
&amp#27;[38;5;32m[AndroidUiautomator2Driver@b719 (a5736f1c)]&amp#27;[0m Server packages are not going to be (re)installed
&amp#27;[38;5;32m[AndroidUiautomator2Driver@b719 (a5736f1c)]&amp#27;[0m Waiting up to 30000ms for services to be available
&amp#27;[38;5;48m[ADB]&amp#27;[0m Running 'C:\Users\aksha\AppData\Local\Android\Sdk\platform-tools\adb.exe -P 5037 -s emulator-5554 shell pm list instrumentation'
&amp#27;[38;5;32m[AndroidUiautomator2Driver@b719 (a5736f1c)]&amp#27;[0m Instrumentation target 'io.appium.uiautomator2.server.test/androidx.test.runner.AndroidJUnitRunner' is available
&amp#27;[38;5;48m[ADB]&amp#27;[0m Adding packages ["io.appium.settings","io.appium.uiautomator2.server","io.appium.uiautomator2.server.test"] to Doze whitelist
&amp#27;[38;5;48m[ADB]&amp#27;[0m Got the following command chunks to execute: [["dumpsys","deviceidle","whitelist","+io.appium.settings",";","dumpsys","deviceidle","whitelist","+io.appium.uiautomator2.server",";","dumpsys","deviceidle","whitelist","+io.appium.uiautomator2.server.test",";"]]
&amp#27;[38;5;48m[ADB]&amp#27;[0m Running 'C:\Users\aksha\AppData\Local\Android\Sdk\platform-tools\adb.exe -P 5037 -s emulator-5554 shell dumpsys deviceidle whitelist +io.appium.settings ; dumpsys deviceidle whitelist +io.appium.uiautomator2.server ; dumpsys deviceidle whitelist +io.appium.uiautomator2.server.test ;'
&amp#27;[38;5;32m[AndroidUiautomator2Driver@b719 (a5736f1c)]&amp#27;[0m Performing shallow cleanup of automation leftovers
&amp#27;[38;5;32m[AndroidUiautomator2Driver@b719 (a5736f1c)]&amp#27;[0m No obsolete sessions have been detected (socket hang up)
&amp#27;[38;5;48m[ADB]&amp#27;[0m Running 'C:\Users\aksha\AppData\Local\Android\Sdk\platform-tools\adb.exe -P 5037 -s emulator-5554 shell am force-stop io.appium.uiautomator2.server.test'
&amp#27;[38;5;32m[AndroidUiautomator2Driver@b719 (a5736f1c)]&amp#27;[0m Starting UIAutomator2 server 7.0.1
&amp#27;[38;5;32m[AndroidUiautomator2Driver@b719 (a5736f1c)]&amp#27;[0m Using UIAutomator2 server from 'C:\Users\aksha\.appium\node_modules\appium-uiautomator2-driver\node_modules\appium-uiautomator2-server\apks\appium-uiautomator2-server-v7.0.1.apk' and test from 'C:\Users\aksha\.appium\node_modules\appium-uiautomator2-driver\node_modules\appium-uiautomator2-server\apks\appium-uiautomator2-server-debug-androidTest.apk'
&amp#27;[38;5;32m[AndroidUiautomator2Driver@b719 (a5736f1c)]&amp#27;[0m Waiting up to 30000ms for UiAutomator2 to be online...
&amp#27;[38;5;48m[ADB]&amp#27;[0m Creating ADB subprocess with args: ["-P","5037","-s","emulator-5554","shell","am","instrument","-w","-e","disableAnalytics","true","io.appium.uiautomator2.server.test/androidx.test.runner.AndroidJUnitRunner"]
&amp#27;[38;5;32m[AndroidUiautomator2Driver@b719 (a5736f1c)]&amp#27;[0m Matched '/status' to command name 'getStatus'
&amp#27;[38;5;32m[AndroidUiautomator2Driver@b719 (a5736f1c)]&amp#27;[0m Proxying [GET /status] to [GET http://127.0.0.1:8200/status] with no body
&amp#27;[38;5;32m[AndroidUiautomator2Driver@b719 (a5736f1c)]&amp#27;[0m socket hang up
&amp#27;[38;5;32m[AndroidUiautomator2Driver@b719 (a5736f1c)]&amp#27;[0m Matched '/status' to command name 'getStatus'
&amp#27;[38;5;32m[AndroidUiautomator2Driver@b719 (a5736f1c)]&amp#27;[0m Proxying [GET /status] to [GET http://127.0.0.1:8200/status] with no body
&amp#27;[38;5;32m[AndroidUiautomator2Driver@b719 (a5736f1c)]&amp#27;[0m socket hang up
&amp#27;[38;5;96m[Instrumentation]&amp#27;[0m io.appium.uiautomator2.server.test.AppiumUiAutomator2Server:
&amp#27;[38;5;32m[AndroidUiautomator2Driver@b719 (a5736f1c)]&amp#27;[0m Matched '/status' to command name 'getStatus'
&amp#27;[38;5;32m[AndroidUiautomator2Driver@b719 (a5736f1c)]&amp#27;[0m Proxying [GET /status] to [GET http://127.0.0.1:8200/status] with no body
&amp#27;[38;5;32m[AndroidUiautomator2Driver@b719 (a5736f1c)]&amp#27;[0m socket hang up
&amp#27;[38;5;32m[AndroidUiautomator2Driver@b719 (a5736f1c)]&amp#27;[0m Matched '/status' to command name 'getStatus'
&amp#27;[38;5;32m[AndroidUiautomator2Driver@b719 (a5736f1c)]&amp#27;[0m Proxying [GET /status] to [GET http://127.0.0.1:8200/status] with no body
&amp#27;[38;5;32m[AndroidUiautomator2Driver@b719 (a5736f1c)]&amp#27;[0m Got response with status 200: {"sessionId":"None","value":{"message":"UiAutomator2 Server is ready to accept commands","ready":true}}
&amp#27;[38;5;32m[AndroidUiautomator2Driver@b719 (a5736f1c)]&amp#27;[0m The initialization of the instrumentation process took 3266ms
&amp#27;[38;5;32m[AndroidUiautomator2Driver@b719 (a5736f1c)]&amp#27;[0m Matched '/session' to command name 'createSession'
&amp#27;[38;5;32m[AndroidUiautomator2Driver@b719 (a5736f1c)]&amp#27;[0m Proxying [POST /session] to [POST http://127.0.0.1:8200/session] with body: {"capabilities":{"firstMatch":[{"platformName":"ANDROID","chromedriverExecutable":"C:\\Users\\aksha\\eclipse-latest-workspace\\Test\\AppiumFrameworkDesign\\src\\test\\java\\org\\internal\\resources\\chromedriver.exe","automationName":"UIAutomator2","deviceName":"emulator-5554","app":"C:\\Users\\aksha\\eclipse-latest-workspace\\Test\\AppiumFrameworkDesign\\src\\test\\java\\org\\internal\\resources\\General-Store.apk","platform":"LINUX","webStorageEnabled":false,"takesScreenshot":true,"javascriptEnabled":true,"databaseEnabled":false,"networkConnectionEnabled":true,"locationContextEnabled":false,"warnings":{},"desired":{"platformName":"ANDROID","chromedriverExecutable":"C:\\Users\\aksha\\eclipse-latest-workspace\\Test\\AppiumFrameworkDesign\\src\\test\\java\\org\\internal\\resources\\chromedriver.exe","automationName":"UIAutomator2","deviceName":"AndroidVirtualMachine_AK","app":"C:\\Users\\aksha\\eclipse-latest-workspace\\Test\\AppiumFrameworkDesign\\src\\test\\java\\org\\internal\\resources\\General-Store.ap...
&amp#27;[38;5;32m[AndroidUiautomator2Driver@b719 (a5736f1c)]&amp#27;[0m Got response with status 200: {"sessionId":"a27bdb53-edd6-4d22-a901-93b2fb19026d","value":{"capabilities":{"firstMatch":[{"platformName":"ANDROID","chromedriverExecutable":"C:\\Users\\aksha\\eclipse-latest-workspace\\Test\\AppiumFrameworkDesign\\src\\test\\java\\org\\internal\\resources\\chromedriver.exe","automationName":"UIAutomator2","deviceName":"emulator-5554","app":"C:\\Users\\aksha\\eclipse-latest-workspace\\Test\\AppiumFrameworkDesign\\src\\test\\java\\org\\internal\\resources\\General-Store.apk","platform":"LINUX","webStorageEnabled":false,"takesScreenshot":true,"javascriptEnabled":true,"databaseEnabled":false,"networkConnectionEnabled":true,"locationContextEnabled":false,"warnings":{},"desired":{"platformName":"ANDROID","chromedriverExecutable":"C:\\Users\\aksha\\eclipse-latest-workspace\\Test\\AppiumFrameworkDesign\\src\\test\\java\\org\\internal\\resources\\chromedriver.exe","automationName":"UIAutomator2","deviceName":"AndroidVirtualMachine_AK","app":"C:\\Users\\aksha\\eclipse-latest-workspace\\Test\\AppiumFrameworkDesign\...
&amp#27;[38;5;32m[AndroidUiautomator2Driver@b719 (a5736f1c)]&amp#27;[0m Determined the downstream protocol as 'W3C'
&amp#27;[38;5;32m[AndroidUiautomator2Driver@b719 (a5736f1c)]&amp#27;[0m Proxying [GET /appium/device/pixel_ratio] to [GET http://127.0.0.1:8200/session/a27bdb53-edd6-4d22-a901-93b2fb19026d/appium/device/pixel_ratio] with no body
&amp#27;[38;5;32m[AndroidUiautomator2Driver@b719 (a5736f1c)]&amp#27;[0m Matched '/appium/device/system_bars' to command name 'getSystemBars'
&amp#27;[38;5;32m[AndroidUiautomator2Driver@b719 (a5736f1c)]&amp#27;[0m Proxying [GET /appium/device/system_bars] to [GET http://127.0.0.1:8200/session/a27bdb53-edd6-4d22-a901-93b2fb19026d/appium/device/system_bars] with no body
&amp#27;[38;5;32m[AndroidUiautomator2Driver@b719 (a5736f1c)]&amp#27;[0m Matched '/window/current/size' to command name 'getWindowSize'
&amp#27;[38;5;32m[AndroidUiautomator2Driver@b719 (a5736f1c)]&amp#27;[0m Proxying [GET /window/current/size] to [GET http://127.0.0.1:8200/session/a27bdb53-edd6-4d22-a901-93b2fb19026d/window/current/size] with no body
&amp#27;[38;5;32m[AndroidUiautomator2Driver@b719 (a5736f1c)]&amp#27;[0m Proxying [GET /appium/device/info] to [GET http://127.0.0.1:8200/session/a27bdb53-edd6-4d22-a901-93b2fb19026d/appium/device/info] with no body
&amp#27;[38;5;48m[ADB]&amp#27;[0m Running 'C:\Users\aksha\AppData\Local\Android\Sdk\platform-tools\adb.exe -P 5037 -s emulator-5554 shell dumpsys window'
&amp#27;[38;5;32m[AndroidUiautomator2Driver@b719 (a5736f1c)]&amp#27;[0m Got response with status 200: {"sessionId":"a27bdb53-edd6-4d22-a901-93b2fb19026d","value":3.5}
&amp#27;[38;5;32m[AndroidUiautomator2Driver@b719 (a5736f1c)]&amp#27;[0m Got response with status 200: {"sessionId":"a27bdb53-edd6-4d22-a901-93b2fb19026d","value":{"height":2880,"width":1440}}
&amp#27;[38;5;32m[AndroidUiautomator2Driver@b719 (a5736f1c)]&amp#27;[0m Got response with status 200: {"sessionId":"a27bdb53-edd6-4d22-a901-93b2fb19026d","value":{"statusBar":98}}
&amp#27;[38;5;32m[AndroidUiautomator2Driver@b719 (a5736f1c)]&amp#27;[0m Got response with status 200: {"sessionId":"a27bdb53-edd6-4d22-a901-93b2fb19026d","value":{"androidId":"f88c4aeb374b26a7","apiVersion":"34","bluetooth":{"state":"ON"},"brand":"google","carrierName":"T-Mobile","displayDensity":560,"locale":"en_US","manufacturer":"Google","model":"sdk_gphone64_x86_64","networks":[{"capabilities":{"SSID":null,"linkDownBandwidthKbps":30000,"linkUpstreamBandwidthKbps":12000,"networkCapabilities":"NET_CAPABILITY_NOT_METERED,NET_CAPABILITY_INTERNET,NET_CAPABILITY_NOT_RESTRICTED,NET_CAPABILITY_TRUSTED,NET_CAPABILITY_NOT_VPN,NET_CAPABILITY_VALIDATED,NET_CAPABILITY_NOT_ROAMING,NET_CAPABILITY_FOREGROUND,NET_CAPABILITY_NOT_CONGESTED,NET_CAPABILITY_NOT_SUSPENDED","signalStrength":-50,"transportTypes":"TRANSPORT_WIFI"},"detailedState":"CONNECTED","extraInfo":"","isAvailable":true,"isConnected":true,"isFailover":false,"isRoaming":false,"state":"CONNECTED","subtype":-1,"subtypeName":"","type":1,"typeName":"WIFI"}],"platformVersion":"14","realDisplaySize":"1440x2880","timeZone":"Asia/Calcutta"}}
&amp#27;[38;5;32m[AndroidUiautomator2Driver@b719 (a5736f1c)]&amp#27;[0m Screen already unlocked, doing nothing
&amp#27;[38;5;32m[AndroidUiautomator2Driver@b719 (a5736f1c)]&amp#27;[0m Starting 'com.androidsample.generalstore/com.androidsample.generalstore.SplashActivity and waiting for 'com.androidsample.generalstore/com.androidsample.generalstore.SplashActivity'
&amp#27;[38;5;48m[ADB]&amp#27;[0m Running 'C:\Users\aksha\AppData\Local\Android\Sdk\platform-tools\adb.exe -P 5037 -s emulator-5554 shell am start -W -n com.androidsample.generalstore/com.androidsample.generalstore.SplashActivity -S -a android.intent.action.MAIN -c android.intent.category.LAUNCHER -f 0x10200000'
&amp#27;[38;5;48m[ADB]&amp#27;[0m Waiting up to 20000ms for activity matching pkg: 'com.androidsample.generalstore' and activity: 'com.androidsample.generalstore.SplashActivity' to be focused
&amp#27;[38;5;48m[ADB]&amp#27;[0m Possible activities, to be checked: 'com.androidsample.generalstore.SplashActivity', 'com.androidsample.generalstore.com.androidsample.generalstore.SplashActivity'
&amp#27;[38;5;48m[ADB]&amp#27;[0m Getting focused package and activity
&amp#27;[38;5;48m[ADB]&amp#27;[0m Running 'C:\Users\aksha\AppData\Local\Android\Sdk\platform-tools\adb.exe -P 5037 -s emulator-5554 shell dumpsys window displays'
&amp#27;[38;5;48m[ADB]&amp#27;[0m Found package: 'com.androidsample.generalstore' and fully qualified activity name : 'com.androidsample.generalstore.SplashActivity'
&amp#27;[38;5;16m[AppiumDriver@53e3]&amp#27;[0m New AndroidUiautomator2Driver session created successfully, session a5736f1c-38d3-4b76-837c-6bb32f96b264 added to master session list
&amp#27;[38;5;16m[AppiumDriver@53e3]&amp#27;[0m Event 'newSessionStarted' logged at 1710594317918 (18:35:17 GMT+0530 (India Standard Time))
&amp#27;[38;5;32m[AndroidUiautomator2Driver@b719 (a5736f1c)]&amp#27;[0m Cached the protocol value 'W3C' for the new session a5736f1c-38d3-4b76-837c-6bb32f96b264
&amp#27;[38;5;32m[AndroidUiautomator2Driver@b719 (a5736f1c)]&amp#27;[0m Responding to client with driver.createSession() result: {"capabilities":{"platformName":"ANDROID","chromedriverExecutable":"C:\\Users\\aksha\\eclipse-latest-workspace\\Test\\AppiumFrameworkDesign\\src\\test\\java\\org\\internal\\resources\\chromedriver.exe","automationName":"UIAutomator2","deviceName":"emulator-5554","app":"C:\\Users\\aksha\\eclipse-latest-workspace\\Test\\AppiumFrameworkDesign\\src\\test\\java\\org\\internal\\resources\\General-Store.apk","platform":"LINUX","webStorageEnabled":false,"takesScreenshot":true,"javascriptEnabled":true,"databaseEnabled":false,"networkConnectionEnabled":true,"locationContextEnabled":false,"warnings":{},"desired":{"platformName":"ANDROID","chromedriverExecutable":"C:\\Users\\aksha\\eclipse-latest-workspace\\Test\\AppiumFrameworkDesign\\src\\test\\java\\org\\internal\\resources\\chromedriver.exe","automationName":"UIAutomator2","deviceName":"AndroidVirtualMachine_AK","app":"C:\\Users\\aksha\\eclipse-latest-workspace\\Test\\AppiumFrameworkDesign\\src\\test\\java\\org\\internal\\resources\\General-Store.apk"},"deviceUDID...
&amp#27;[38;5;0m[HTTP]&amp#27;[0m &amp#27;[37m<-- POST /session &amp#27;[39m&amp#27;[32m200&amp#27;[39m &amp#27;[90m7033 ms - 1413&amp#27;[39m
&amp#27;[38;5;0m[HTTP]&amp#27;[0m &amp#27;[90m&amp#27;[39m
&amp#27;[38;5;0m[HTTP]&amp#27;[0m &amp#27;[37m-->&amp#27;[39m &amp#27;[37mPOST&amp#27;[39m &amp#27;[37m/session/a5736f1c-38d3-4b76-837c-6bb32f96b264/timeouts&amp#27;[39m
&amp#27;[38;5;0m[HTTP]&amp#27;[0m &amp#27;[90m{"implicit":10000}&amp#27;[39m
&amp#27;[38;5;32m[AndroidUiautomator2Driver@b719 (a5736f1c)]&amp#27;[0m Calling AppiumDriver.timeouts() with args: [null,null,null,null,10000,"a5736f1c-38d3-4b76-837c-6bb32f96b264"]
&amp#27;[38;5;32m[AndroidUiautomator2Driver@b719 (a5736f1c)]&amp#27;[0m W3C timeout argument: {"implicit":10000}}
&amp#27;[38;5;32m[AndroidUiautomator2Driver@b719 (a5736f1c)]&amp#27;[0m Set implicit wait to 10000ms
&amp#27;[38;5;32m[AndroidUiautomator2Driver@b719 (a5736f1c)]&amp#27;[0m Responding to client with driver.timeouts() result: null
&amp#27;[38;5;0m[HTTP]&amp#27;[0m &amp#27;[37m<-- POST /session/a5736f1c-38d3-4b76-837c-6bb32f96b264/timeouts &amp#27;[39m&amp#27;[32m200&amp#27;[39m &amp#27;[90m5 ms - 14&amp#27;[39m
&amp#27;[38;5;0m[HTTP]&amp#27;[0m &amp#27;[90m&amp#27;[39m
&amp#27;[38;5;0m[HTTP]&amp#27;[0m &amp#27;[37m-->&amp#27;[39m &amp#27;[37mPOST&amp#27;[39m &amp#27;[37m/session/a5736f1c-38d3-4b76-837c-6bb32f96b264/execute/sync&amp#27;[39m
&amp#27;[38;5;0m[HTTP]&amp#27;[0m &amp#27;[90m{"script":"mobile: startActivity","args":[{"intent":"com.androidsample.generalstore/com.androidsample.generalstore.MainActivity"}]}&amp#27;[39m
&amp#27;[38;5;32m[AndroidUiautomator2Driver@b719 (a5736f1c)]&amp#27;[0m Calling AppiumDriver.execute() with args: ["mobile: startActivity",[{"intent":"com.androidsample.generalstore/com.androidsample.generalstore.MainActivity"}],"a5736f1c-38d3-4b76-837c-6bb32f96b264"]
&amp#27;[38;5;32m[AndroidUiautomator2Driver@b719 (a5736f1c)]&amp#27;[0m Executing method 'mobile: startActivity'
&amp#27;[38;5;48m[ADB]&amp#27;[0m Running 'C:\Users\aksha\AppData\Local\Android\Sdk\platform-tools\adb.exe -P 5037 -s emulator-5554 shell am start-activity com.androidsample.generalstore/com.androidsample.generalstore.MainActivity'
&amp#27;[38;5;32m[AndroidUiautomator2Driver@b719 (a5736f1c)]&amp#27;[0m Responding to client with driver.execute() result: "Starting: Intent { act=android.intent.action.MAIN cat=[android.intent.category.LAUNCHER] cmp=com.androidsample.generalstore/.MainActivity }"
&amp#27;[38;5;0m[HTTP]&amp#27;[0m &amp#27;[37m<-- POST /session/a5736f1c-38d3-4b76-837c-6bb32f96b264/execute/sync &amp#27;[39m&amp#27;[32m200&amp#27;[39m &amp#27;[90m105 ms - 151&amp#27;[39m
&amp#27;[38;5;0m[HTTP]&amp#27;[0m &amp#27;[90m&amp#27;[39m
&amp#27;[38;5;0m[HTTP]&amp#27;[0m &amp#27;[37m-->&amp#27;[39m &amp#27;[37mGET&amp#27;[39m &amp#27;[37m/session/a5736f1c-38d3-4b76-837c-6bb32f96b264/context&amp#27;[39m
&amp#27;[38;5;0m[HTTP]&amp#27;[0m &amp#27;[90m{}&amp#27;[39m
&amp#27;[38;5;32m[AndroidUiautomator2Driver@b719 (a5736f1c)]&amp#27;[0m Calling AppiumDriver.getCurrentContext() with args: ["a5736f1c-38d3-4b76-837c-6bb32f96b264"]
&amp#27;[38;5;32m[AndroidUiautomator2Driver@b719 (a5736f1c)]&amp#27;[0m Responding to client with driver.getCurrentContext() result: "NATIVE_APP"
&amp#27;[38;5;0m[HTTP]&amp#27;[0m &amp#27;[37m<-- GET /session/a5736f1c-38d3-4b76-837c-6bb32f96b264/context &amp#27;[39m&amp#27;[32m200&amp#27;[39m &amp#27;[90m7 ms - 22&amp#27;[39m
&amp#27;[38;5;0m[HTTP]&amp#27;[0m &amp#27;[90m&amp#27;[39m
&amp#27;[38;5;0m[HTTP]&amp#27;[0m &amp#27;[37m-->&amp#27;[39m &amp#27;[37mPOST&amp#27;[39m &amp#27;[37m/session/a5736f1c-38d3-4b76-837c-6bb32f96b264/element&amp#27;[39m
&amp#27;[38;5;0m[HTTP]&amp#27;[0m &amp#27;[90m{"value":"com.androidsample.generalstore:id/radioMale","using":"id"}&amp#27;[39m
&amp#27;[38;5;32m[AndroidUiautomator2Driver@b719 (a5736f1c)]&amp#27;[0m Calling AppiumDriver.findElement() with args: ["id","com.androidsample.generalstore:id/radioMale","a5736f1c-38d3-4b76-837c-6bb32f96b264"]
&amp#27;[38;5;32m[AndroidUiautomator2Driver@b719 (a5736f1c)]&amp#27;[0m Valid locator strategies for this request: xpath, id, class name, accessibility id, css selector, -android uiautomator
&amp#27;[38;5;32m[AndroidUiautomator2Driver@b719 (a5736f1c)]&amp#27;[0m Waiting up to 10000 ms for condition
&amp#27;[38;5;32m[AndroidUiautomator2Driver@b719 (a5736f1c)]&amp#27;[0m Matched '/element' to command name 'findElement'
&amp#27;[38;5;32m[AndroidUiautomator2Driver@b719 (a5736f1c)]&amp#27;[0m Proxying [POST /element] to [POST http://127.0.0.1:8200/session/a27bdb53-edd6-4d22-a901-93b2fb19026d/element] with body: {"strategy":"id","selector":"com.androidsample.generalstore:id/radioMale","context":"","multiple":false}
&amp#27;[38;5;32m[AndroidUiautomator2Driver@b719 (a5736f1c)]&amp#27;[0m Got response with status 404: {"sessionId":"a27bdb53-edd6-4d22-a901-93b2fb19026d","value":{"error":"no such element","message":"An element could not be located on the page using the given search parameters","stacktrace":"io.appium.uiautomator2.common.exceptions.ElementNotFoundException: An element could not be located on the page using the given search parameters\n\tat io.appium.uiautomator2.handler.FindElement.safeHandle(FindElement.java:63)\n\tat io.appium.uiautomator2.handler.request.SafeRequestHandler.handle(SafeRequestHandler.java:59)\n\tat io.appium.uiautomator2.server.AppiumServlet.handleRequest(AppiumServlet.java:259)\n\tat io.appium.uiautomator2.server.AppiumServlet.handleHttpRequest(AppiumServlet.java:253)\n\tat io.appium.uiautomator2.http.ServerHandler.channelRead(ServerHandler.java:77)\n\tat io.netty.channel.AbstractChannelHandlerContext.invokeChannelRead(AbstractChannelHandlerContext.java:366)\n\tat io.netty.channel.AbstractChannelHandlerContext.invokeChannelRead(AbstractChannelHandlerContext.java:352)\n\tat io.netty.chann...
&amp#27;[38;5;112m[W3C]&amp#27;[0m Matched W3C error code 'no such element' to NoSuchElementError
&amp#27;[38;5;32m[AndroidUiautomator2Driver@b719 (a5736f1c)]&amp#27;[0m Waited for 350 ms so far
&amp#27;[38;5;32m[AndroidUiautomator2Driver@b719 (a5736f1c)]&amp#27;[0m Matched '/element' to command name 'findElement'
&amp#27;[38;5;32m[AndroidUiautomator2Driver@b719 (a5736f1c)]&amp#27;[0m Proxying [POST /element] to [POST http://127.0.0.1:8200/session/a27bdb53-edd6-4d22-a901-93b2fb19026d/element] with body: {"strategy":"id","selector":"com.androidsample.generalstore:id/radioMale","context":"","multiple":false}
&amp#27;[38;5;32m[AndroidUiautomator2Driver@b719 (a5736f1c)]&amp#27;[0m Got response with status 200: {"sessionId":"a27bdb53-edd6-4d22-a901-93b2fb19026d","value":{"ELEMENT":"00000000-0000-0348-ffff-ffff0000001f","element-6066-11e4-a52e-4f735466cecf":"00000000-0000-0348-ffff-ffff0000001f"}}
&amp#27;[38;5;32m[AndroidUiautomator2Driver@b719 (a5736f1c)]&amp#27;[0m Responding to client with driver.findElement() result: {"element-6066-11e4-a52e-4f735466cecf":"00000000-0000-0348-ffff-ffff0000001f","ELEMENT":"00000000-0000-0348-ffff-ffff0000001f"}
&amp#27;[38;5;0m[HTTP]&amp#27;[0m &amp#27;[37m<-- POST /session/a5736f1c-38d3-4b76-837c-6bb32f96b264/element &amp#27;[39m&amp#27;[32m200&amp#27;[39m &amp#27;[90m1527 ms - 137&amp#27;[39m
&amp#27;[38;5;0m[HTTP]&amp#27;[0m &amp#27;[90m&amp#27;[39m
&amp#27;[38;5;0m[HTTP]&amp#27;[0m &amp#27;[37m-->&amp#27;[39m &amp#27;[37mPOST&amp#27;[39m &amp#27;[37m/session/a5736f1c-38d3-4b76-837c-6bb32f96b264/element/00000000-0000-0348-ffff-ffff0000001f/click&amp#27;[39m
&amp#27;[38;5;0m[HTTP]&amp#27;[0m &amp#27;[90m{"id":"00000000-0000-0348-ffff-ffff0000001f"}&amp#27;[39m
&amp#27;[38;5;32m[AndroidUiautomator2Driver@b719 (a5736f1c)]&amp#27;[0m Calling AppiumDriver.click() with args: ["00000000-0000-0348-ffff-ffff0000001f","a5736f1c-38d3-4b76-837c-6bb32f96b264"]
&amp#27;[38;5;32m[AndroidUiautomator2Driver@b719 (a5736f1c)]&amp#27;[0m Matched '/element/00000000-0000-0348-ffff-ffff0000001f/click' to command name 'click'
&amp#27;[38;5;32m[AndroidUiautomator2Driver@b719 (a5736f1c)]&amp#27;[0m Proxying [POST /element/00000000-0000-0348-ffff-ffff0000001f/click] to [POST http://127.0.0.1:8200/session/a27bdb53-edd6-4d22-a901-93b2fb19026d/element/00000000-0000-0348-ffff-ffff0000001f/click] with body: {"element":"00000000-0000-0348-ffff-ffff0000001f"}
&amp#27;[38;5;32m[AndroidUiautomator2Driver@b719 (a5736f1c)]&amp#27;[0m Got response with status 200: {"sessionId":"a27bdb53-edd6-4d22-a901-93b2fb19026d","value":null}
&amp#27;[38;5;32m[AndroidUiautomator2Driver@b719 (a5736f1c)]&amp#27;[0m Responding to client with driver.click() result: null
&amp#27;[38;5;0m[HTTP]&amp#27;[0m &amp#27;[37m<-- POST /session/a5736f1c-38d3-4b76-837c-6bb32f96b264/element/00000000-0000-0348-ffff-ffff0000001f/click &amp#27;[39m&amp#27;[32m200&amp#27;[39m &amp#27;[90m101 ms - 14&amp#27;[39m
&amp#27;[38;5;0m[HTTP]&amp#27;[0m &amp#27;[90m&amp#27;[39m
&amp#27;[38;5;0m[HTTP]&amp#27;[0m &amp#27;[37m-->&amp#27;[39m &amp#27;[37mGET&amp#27;[39m &amp#27;[37m/session/a5736f1c-38d3-4b76-837c-6bb32f96b264/context&amp#27;[39m
&amp#27;[38;5;0m[HTTP]&amp#27;[0m &amp#27;[90m{}&amp#27;[39m
&amp#27;[38;5;32m[AndroidUiautomator2Driver@b719 (a5736f1c)]&amp#27;[0m Calling AppiumDriver.getCurrentContext() with args: ["a5736f1c-38d3-4b76-837c-6bb32f96b264"]
&amp#27;[38;5;32m[AndroidUiautomator2Driver@b719 (a5736f1c)]&amp#27;[0m Responding to client with driver.getCurrentContext() result: "NATIVE_APP"
&amp#27;[38;5;0m[HTTP]&amp#27;[0m &amp#27;[37m<-- GET /session/a5736f1c-38d3-4b76-837c-6bb32f96b264/context &amp#27;[39m&amp#27;[32m200&amp#27;[39m &amp#27;[90m2 ms - 22&amp#27;[39m
&amp#27;[38;5;0m[HTTP]&amp#27;[0m &amp#27;[90m&amp#27;[39m
&amp#27;[38;5;0m[HTTP]&amp#27;[0m &amp#27;[37m-->&amp#27;[39m &amp#27;[37mPOST&amp#27;[39m &amp#27;[37m/session/a5736f1c-38d3-4b76-837c-6bb32f96b264/element&amp#27;[39m
&amp#27;[38;5;0m[HTTP]&amp#27;[0m &amp#27;[90m{"value":"android:id/text1","using":"id"}&amp#27;[39m
&amp#27;[38;5;32m[AndroidUiautomator2Driver@b719 (a5736f1c)]&amp#27;[0m Calling AppiumDriver.findElement() with args: ["id","android:id/text1","a5736f1c-38d3-4b76-837c-6bb32f96b264"]
&amp#27;[38;5;32m[AndroidUiautomator2Driver@b719 (a5736f1c)]&amp#27;[0m Valid locator strategies for this request: xpath, id, class name, accessibility id, css selector, -android uiautomator
&amp#27;[38;5;32m[AndroidUiautomator2Driver@b719 (a5736f1c)]&amp#27;[0m Waiting up to 10000 ms for condition
&amp#27;[38;5;32m[AndroidUiautomator2Driver@b719 (a5736f1c)]&amp#27;[0m Matched '/element' to command name 'findElement'
&amp#27;[38;5;32m[AndroidUiautomator2Driver@b719 (a5736f1c)]&amp#27;[0m Proxying [POST /element] to [POST http://127.0.0.1:8200/session/a27bdb53-edd6-4d22-a901-93b2fb19026d/element] with body: {"strategy":"id","selector":"android:id/text1","context":"","multiple":false}
&amp#27;[38;5;32m[AndroidUiautomator2Driver@b719 (a5736f1c)]&amp#27;[0m Got response with status 200: {"sessionId":"a27bdb53-edd6-4d22-a901-93b2fb19026d","value":{"ELEMENT":"00000000-0000-0349-ffff-ffff00000041","element-6066-11e4-a52e-4f735466cecf":"00000000-0000-0349-ffff-ffff00000041"}}
&amp#27;[38;5;32m[AndroidUiautomator2Driver@b719 (a5736f1c)]&amp#27;[0m Responding to client with driver.findElement() result: {"element-6066-11e4-a52e-4f735466cecf":"00000000-0000-0349-ffff-ffff00000041","ELEMENT":"00000000-0000-0349-ffff-ffff00000041"}
&amp#27;[38;5;0m[HTTP]&amp#27;[0m &amp#27;[37m<-- POST /session/a5736f1c-38d3-4b76-837c-6bb32f96b264/element &amp#27;[39m&amp#27;[32m200&amp#27;[39m &amp#27;[90m1701 ms - 137&amp#27;[39m
&amp#27;[38;5;0m[HTTP]&amp#27;[0m &amp#27;[90m&amp#27;[39m
&amp#27;[38;5;0m[HTTP]&amp#27;[0m &amp#27;[37m-->&amp#27;[39m &amp#27;[37mPOST&amp#27;[39m &amp#27;[37m/session/a5736f1c-38d3-4b76-837c-6bb32f96b264/element/00000000-0000-0349-ffff-ffff00000041/click&amp#27;[39m
&amp#27;[38;5;0m[HTTP]&amp#27;[0m &amp#27;[90m{"id":"00000000-0000-0349-ffff-ffff00000041"}&amp#27;[39m
&amp#27;[38;5;32m[AndroidUiautomator2Driver@b719 (a5736f1c)]&amp#27;[0m Calling AppiumDriver.click() with args: ["00000000-0000-0349-ffff-ffff00000041","a5736f1c-38d3-4b76-837c-6bb32f96b264"]
&amp#27;[38;5;32m[AndroidUiautomator2Driver@b719 (a5736f1c)]&amp#27;[0m Matched '/element/00000000-0000-0349-ffff-ffff00000041/click' to command name 'click'
&amp#27;[38;5;32m[AndroidUiautomator2Driver@b719 (a5736f1c)]&amp#27;[0m Proxying [POST /element/00000000-0000-0349-ffff-ffff00000041/click] to [POST http://127.0.0.1:8200/session/a27bdb53-edd6-4d22-a901-93b2fb19026d/element/00000000-0000-0349-ffff-ffff00000041/click] with body: {"element":"00000000-0000-0349-ffff-ffff00000041"}
&amp#27;[38;5;32m[AndroidUiautomator2Driver@b719 (a5736f1c)]&amp#27;[0m Got response with status 200: {"sessionId":"a27bdb53-edd6-4d22-a901-93b2fb19026d","value":null}
&amp#27;[38;5;32m[AndroidUiautomator2Driver@b719 (a5736f1c)]&amp#27;[0m Responding to client with driver.click() result: null
&amp#27;[38;5;0m[HTTP]&amp#27;[0m &amp#27;[37m<-- POST /session/a5736f1c-38d3-4b76-837c-6bb32f96b264/element/00000000-0000-0349-ffff-ffff00000041/click &amp#27;[39m&amp#27;[32m200&amp#27;[39m &amp#27;[90m74 ms - 14&amp#27;[39m
&amp#27;[38;5;0m[HTTP]&amp#27;[0m &amp#27;[90m&amp#27;[39m
&amp#27;[38;5;0m[HTTP]&amp#27;[0m &amp#27;[37m-->&amp#27;[39m &amp#27;[37mPOST&amp#27;[39m &amp#27;[37m/session/a5736f1c-38d3-4b76-837c-6bb32f96b264/element&amp#27;[39m
&amp#27;[38;5;0m[HTTP]&amp#27;[0m &amp#27;[90m{"value":"new UiScrollable(new UiSelector()).scrollIntoView(text(\"Austria\"));","using":"-android uiautomator"}&amp#27;[39m
&amp#27;[38;5;32m[AndroidUiautomator2Driver@b719 (a5736f1c)]&amp#27;[0m Calling AppiumDriver.findElement() with args: ["-android uiautomator","new UiScrollable(new UiSelector()).scrollIntoView(text(\"Austria\"));","a5736f1c-38d3-4b76-837c-6bb32f96b264"]
&amp#27;[38;5;32m[AndroidUiautomator2Driver@b719 (a5736f1c)]&amp#27;[0m Valid locator strategies for this request: xpath, id, class name, accessibility id, css selector, -android uiautomator
&amp#27;[38;5;32m[AndroidUiautomator2Driver@b719 (a5736f1c)]&amp#27;[0m Waiting up to 10000 ms for condition
&amp#27;[38;5;32m[AndroidUiautomator2Driver@b719 (a5736f1c)]&amp#27;[0m Matched '/element' to command name 'findElement'
&amp#27;[38;5;32m[AndroidUiautomator2Driver@b719 (a5736f1c)]&amp#27;[0m Proxying [POST /element] to [POST http://127.0.0.1:8200/session/a27bdb53-edd6-4d22-a901-93b2fb19026d/element] with body: {"strategy":"-android uiautomator","selector":"new UiScrollable(new UiSelector()).scrollIntoView(text(\"Austria\"));","context":"","multiple":false}
&amp#27;[38;5;32m[AndroidUiautomator2Driver@b719 (a5736f1c)]&amp#27;[0m Got response with status 200: {"sessionId":"a27bdb53-edd6-4d22-a901-93b2fb19026d","value":{"ELEMENT":"00000000-0000-034a-ffff-ffff00000049","element-6066-11e4-a52e-4f735466cecf":"00000000-0000-034a-ffff-ffff00000049"}}
&amp#27;[38;5;32m[AndroidUiautomator2Driver@b719 (a5736f1c)]&amp#27;[0m Responding to client with driver.findElement() result: {"element-6066-11e4-a52e-4f735466cecf":"00000000-0000-034a-ffff-ffff00000049","ELEMENT":"00000000-0000-034a-ffff-ffff00000049"}
&amp#27;[38;5;0m[HTTP]&amp#27;[0m &amp#27;[37m<-- POST /session/a5736f1c-38d3-4b76-837c-6bb32f96b264/element &amp#27;[39m&amp#27;[32m200&amp#27;[39m &amp#27;[90m4607 ms - 137&amp#27;[39m
&amp#27;[38;5;0m[HTTP]&amp#27;[0m &amp#27;[90m&amp#27;[39m
&amp#27;[38;5;0m[HTTP]&amp#27;[0m &amp#27;[37m-->&amp#27;[39m &amp#27;[37mPOST&amp#27;[39m &amp#27;[37m/session/a5736f1c-38d3-4b76-837c-6bb32f96b264/element&amp#27;[39m
&amp#27;[38;5;0m[HTTP]&amp#27;[0m &amp#27;[90m{"value":"//android.widget.TextView[@text = 'Austria']","using":"xpath"}&amp#27;[39m
&amp#27;[38;5;32m[AndroidUiautomator2Driver@b719 (a5736f1c)]&amp#27;[0m Calling AppiumDriver.findElement() with args: ["xpath","//android.widget.TextView[@text = 'Austria']","a5736f1c-38d3-4b76-837c-6bb32f96b264"]
&amp#27;[38;5;32m[AndroidUiautomator2Driver@b719 (a5736f1c)]&amp#27;[0m Valid locator strategies for this request: xpath, id, class name, accessibility id, css selector, -android uiautomator
&amp#27;[38;5;32m[AndroidUiautomator2Driver@b719 (a5736f1c)]&amp#27;[0m Waiting up to 10000 ms for condition
&amp#27;[38;5;32m[AndroidUiautomator2Driver@b719 (a5736f1c)]&amp#27;[0m Matched '/element' to command name 'findElement'
&amp#27;[38;5;32m[AndroidUiautomator2Driver@b719 (a5736f1c)]&amp#27;[0m Proxying [POST /element] to [POST http://127.0.0.1:8200/session/a27bdb53-edd6-4d22-a901-93b2fb19026d/element] with body: {"strategy":"xpath","selector":"//android.widget.TextView[@text = 'Austria']","context":"","multiple":false}
&amp#27;[38;5;32m[AndroidUiautomator2Driver@b719 (a5736f1c)]&amp#27;[0m Got response with status 200: {"sessionId":"a27bdb53-edd6-4d22-a901-93b2fb19026d","value":{"ELEMENT":"00000000-0000-034a-ffff-ffff00000049","element-6066-11e4-a52e-4f735466cecf":"00000000-0000-034a-ffff-ffff00000049"}}
&amp#27;[38;5;32m[AndroidUiautomator2Driver@b719 (a5736f1c)]&amp#27;[0m Responding to client with driver.findElement() result: {"element-6066-11e4-a52e-4f735466cecf":"00000000-0000-034a-ffff-ffff00000049","ELEMENT":"00000000-0000-034a-ffff-ffff00000049"}
&amp#27;[38;5;0m[HTTP]&amp#27;[0m &amp#27;[37m<-- POST /session/a5736f1c-38d3-4b76-837c-6bb32f96b264/element &amp#27;[39m&amp#27;[32m200&amp#27;[39m &amp#27;[90m1108 ms - 137&amp#27;[39m
&amp#27;[38;5;0m[HTTP]&amp#27;[0m &amp#27;[90m&amp#27;[39m
&amp#27;[38;5;0m[HTTP]&amp#27;[0m &amp#27;[37m-->&amp#27;[39m &amp#27;[37mPOST&amp#27;[39m &amp#27;[37m/session/a5736f1c-38d3-4b76-837c-6bb32f96b264/element/00000000-0000-034a-ffff-ffff00000049/click&amp#27;[39m
&amp#27;[38;5;0m[HTTP]&amp#27;[0m &amp#27;[90m{"id":"00000000-0000-034a-ffff-ffff00000049"}&amp#27;[39m
&amp#27;[38;5;32m[AndroidUiautomator2Driver@b719 (a5736f1c)]&amp#27;[0m Calling AppiumDriver.click() with args: ["00000000-0000-034a-ffff-ffff00000049","a5736f1c-38d3-4b76-837c-6bb32f96b264"]
&amp#27;[38;5;32m[AndroidUiautomator2Driver@b719 (a5736f1c)]&amp#27;[0m Matched '/element/00000000-0000-034a-ffff-ffff00000049/click' to command name 'click'
&amp#27;[38;5;32m[AndroidUiautomator2Driver@b719 (a5736f1c)]&amp#27;[0m Proxying [POST /element/00000000-0000-034a-ffff-ffff00000049/click] to [POST http://127.0.0.1:8200/session/a27bdb53-edd6-4d22-a901-93b2fb19026d/element/00000000-0000-034a-ffff-ffff00000049/click] with body: {"element":"00000000-0000-034a-ffff-ffff00000049"}
&amp#27;[38;5;32m[AndroidUiautomator2Driver@b719 (a5736f1c)]&amp#27;[0m Got response with status 200: {"sessionId":"a27bdb53-edd6-4d22-a901-93b2fb19026d","value":null}
&amp#27;[38;5;32m[AndroidUiautomator2Driver@b719 (a5736f1c)]&amp#27;[0m Responding to client with driver.click() result: null
&amp#27;[38;5;0m[HTTP]&amp#27;[0m &amp#27;[37m<-- POST /session/a5736f1c-38d3-4b76-837c-6bb32f96b264/element/00000000-0000-034a-ffff-ffff00000049/click &amp#27;[39m&amp#27;[32m200&amp#27;[39m &amp#27;[90m704 ms - 14&amp#27;[39m
&amp#27;[38;5;0m[HTTP]&amp#27;[0m &amp#27;[90m&amp#27;[39m
&amp#27;[38;5;0m[HTTP]&amp#27;[0m &amp#27;[37m-->&amp#27;[39m &amp#27;[37mGET&amp#27;[39m &amp#27;[37m/session/a5736f1c-38d3-4b76-837c-6bb32f96b264/context&amp#27;[39m
&amp#27;[38;5;0m[HTTP]&amp#27;[0m &amp#27;[90m{}&amp#27;[39m
&amp#27;[38;5;32m[AndroidUiautomator2Driver@b719 (a5736f1c)]&amp#27;[0m Calling AppiumDriver.getCurrentContext() with args: ["a5736f1c-38d3-4b76-837c-6bb32f96b264"]
&amp#27;[38;5;32m[AndroidUiautomator2Driver@b719 (a5736f1c)]&amp#27;[0m Responding to client with driver.getCurrentContext() result: "NATIVE_APP"
&amp#27;[38;5;0m[HTTP]&amp#27;[0m &amp#27;[37m<-- GET /session/a5736f1c-38d3-4b76-837c-6bb32f96b264/context &amp#27;[39m&amp#27;[32m200&amp#27;[39m &amp#27;[90m2 ms - 22&amp#27;[39m
&amp#27;[38;5;0m[HTTP]&amp#27;[0m &amp#27;[90m&amp#27;[39m
&amp#27;[38;5;0m[HTTP]&amp#27;[0m &amp#27;[37m-->&amp#27;[39m &amp#27;[37mPOST&amp#27;[39m &amp#27;[37m/session/a5736f1c-38d3-4b76-837c-6bb32f96b264/element&amp#27;[39m
&amp#27;[38;5;0m[HTTP]&amp#27;[0m &amp#27;[90m{"value":"com.androidsample.generalstore:id/btnLetsShop","using":"id"}&amp#27;[39m
&amp#27;[38;5;32m[AndroidUiautomator2Driver@b719 (a5736f1c)]&amp#27;[0m Calling AppiumDriver.findElement() with args: ["id","com.androidsample.generalstore:id/btnLetsShop","a5736f1c-38d3-4b76-837c-6bb32f96b264"]
&amp#27;[38;5;32m[AndroidUiautomator2Driver@b719 (a5736f1c)]&amp#27;[0m Valid locator strategies for this request: xpath, id, class name, accessibility id, css selector, -android uiautomator
&amp#27;[38;5;32m[AndroidUiautomator2Driver@b719 (a5736f1c)]&amp#27;[0m Waiting up to 10000 ms for condition
&amp#27;[38;5;32m[AndroidUiautomator2Driver@b719 (a5736f1c)]&amp#27;[0m Matched '/element' to command name 'findElement'
&amp#27;[38;5;32m[AndroidUiautomator2Driver@b719 (a5736f1c)]&amp#27;[0m Proxying [POST /element] to [POST http://127.0.0.1:8200/session/a27bdb53-edd6-4d22-a901-93b2fb19026d/element] with body: {"strategy":"id","selector":"com.androidsample.generalstore:id/btnLetsShop","context":"","multiple":false}
&amp#27;[38;5;32m[AndroidUiautomator2Driver@b719 (a5736f1c)]&amp#27;[0m Got response with status 200: {"sessionId":"a27bdb53-edd6-4d22-a901-93b2fb19026d","value":{"ELEMENT":"00000000-0000-0349-ffff-ffff0000003e","element-6066-11e4-a52e-4f735466cecf":"00000000-0000-0349-ffff-ffff0000003e"}}
&amp#27;[38;5;32m[AndroidUiautomator2Driver@b719 (a5736f1c)]&amp#27;[0m Responding to client with driver.findElement() result: {"element-6066-11e4-a52e-4f735466cecf":"00000000-0000-0349-ffff-ffff0000003e","ELEMENT":"00000000-0000-0349-ffff-ffff0000003e"}
&amp#27;[38;5;0m[HTTP]&amp#27;[0m &amp#27;[37m<-- POST /session/a5736f1c-38d3-4b76-837c-6bb32f96b264/element &amp#27;[39m&amp#27;[32m200&amp#27;[39m &amp#27;[90m55 ms - 137&amp#27;[39m
&amp#27;[38;5;0m[HTTP]&amp#27;[0m &amp#27;[90m&amp#27;[39m
&amp#27;[38;5;0m[HTTP]&amp#27;[0m &amp#27;[37m-->&amp#27;[39m &amp#27;[37mPOST&amp#27;[39m &amp#27;[37m/session/a5736f1c-38d3-4b76-837c-6bb32f96b264/element/00000000-0000-0349-ffff-ffff0000003e/click&amp#27;[39m
&amp#27;[38;5;0m[HTTP]&amp#27;[0m &amp#27;[90m{"id":"00000000-0000-0349-ffff-ffff0000003e"}&amp#27;[39m
&amp#27;[38;5;32m[AndroidUiautomator2Driver@b719 (a5736f1c)]&amp#27;[0m Calling AppiumDriver.click() with args: ["00000000-0000-0349-ffff-ffff0000003e","a5736f1c-38d3-4b76-837c-6bb32f96b264"]
&amp#27;[38;5;32m[AndroidUiautomator2Driver@b719 (a5736f1c)]&amp#27;[0m Matched '/element/00000000-0000-0349-ffff-ffff0000003e/click' to command name 'click'
&amp#27;[38;5;32m[AndroidUiautomator2Driver@b719 (a5736f1c)]&amp#27;[0m Proxying [POST /element/00000000-0000-0349-ffff-ffff0000003e/click] to [POST http://127.0.0.1:8200/session/a27bdb53-edd6-4d22-a901-93b2fb19026d/element/00000000-0000-0349-ffff-ffff0000003e/click] with body: {"element":"00000000-0000-0349-ffff-ffff0000003e"}
&amp#27;[38;5;32m[AndroidUiautomator2Driver@b719 (a5736f1c)]&amp#27;[0m Got response with status 200: {"sessionId":"a27bdb53-edd6-4d22-a901-93b2fb19026d","value":null}
&amp#27;[38;5;32m[AndroidUiautomator2Driver@b719 (a5736f1c)]&amp#27;[0m Responding to client with driver.click() result: null
&amp#27;[38;5;0m[HTTP]&amp#27;[0m &amp#27;[37m<-- POST /session/a5736f1c-38d3-4b76-837c-6bb32f96b264/element/00000000-0000-0349-ffff-ffff0000003e/click &amp#27;[39m&amp#27;[32m200&amp#27;[39m &amp#27;[90m81 ms - 14&amp#27;[39m
&amp#27;[38;5;0m[HTTP]&amp#27;[0m &amp#27;[90m&amp#27;[39m
&amp#27;[38;5;0m[HTTP]&amp#27;[0m &amp#27;[37m-->&amp#27;[39m &amp#27;[37mGET&amp#27;[39m &amp#27;[37m/session/a5736f1c-38d3-4b76-837c-6bb32f96b264/context&amp#27;[39m
&amp#27;[38;5;0m[HTTP]&amp#27;[0m &amp#27;[90m{}&amp#27;[39m
&amp#27;[38;5;32m[AndroidUiautomator2Driver@b719 (a5736f1c)]&amp#27;[0m Calling AppiumDriver.getCurrentContext() with args: ["a5736f1c-38d3-4b76-837c-6bb32f96b264"]
&amp#27;[38;5;32m[AndroidUiautomator2Driver@b719 (a5736f1c)]&amp#27;[0m Responding to client with driver.getCurrentContext() result: "NATIVE_APP"
&amp#27;[38;5;0m[HTTP]&amp#27;[0m &amp#27;[37m<-- GET /session/a5736f1c-38d3-4b76-837c-6bb32f96b264/context &amp#27;[39m&amp#27;[32m200&amp#27;[39m &amp#27;[90m2 ms - 22&amp#27;[39m
&amp#27;[38;5;0m[HTTP]&amp#27;[0m &amp#27;[90m&amp#27;[39m
&amp#27;[38;5;0m[HTTP]&amp#27;[0m &amp#27;[37m-->&amp#27;[39m &amp#27;[37mPOST&amp#27;[39m &amp#27;[37m/session/a5736f1c-38d3-4b76-837c-6bb32f96b264/element&amp#27;[39m
&amp#27;[38;5;0m[HTTP]&amp#27;[0m &amp#27;[90m{"value":"//android.widget.Toast","using":"xpath"}&amp#27;[39m
&amp#27;[38;5;32m[AndroidUiautomator2Driver@b719 (a5736f1c)]&amp#27;[0m Calling AppiumDriver.findElement() with args: ["xpath","//android.widget.Toast","a5736f1c-38d3-4b76-837c-6bb32f96b264"]
&amp#27;[38;5;32m[AndroidUiautomator2Driver@b719 (a5736f1c)]&amp#27;[0m Valid locator strategies for this request: xpath, id, class name, accessibility id, css selector, -android uiautomator
&amp#27;[38;5;32m[AndroidUiautomator2Driver@b719 (a5736f1c)]&amp#27;[0m Waiting up to 10000 ms for condition
&amp#27;[38;5;32m[AndroidUiautomator2Driver@b719 (a5736f1c)]&amp#27;[0m Matched '/element' to command name 'findElement'
&amp#27;[38;5;32m[AndroidUiautomator2Driver@b719 (a5736f1c)]&amp#27;[0m Proxying [POST /element] to [POST http://127.0.0.1:8200/session/a27bdb53-edd6-4d22-a901-93b2fb19026d/element] with body: {"strategy":"xpath","selector":"//android.widget.Toast","context":"","multiple":false}
&amp#27;[38;5;32m[AndroidUiautomator2Driver@b719 (a5736f1c)]&amp#27;[0m Got response with status 200: {"sessionId":"a27bdb53-edd6-4d22-a901-93b2fb19026d","value":{"ELEMENT":"39f5d22f-8fc2-4740-87a7-2f0d65b28dee","element-6066-11e4-a52e-4f735466cecf":"39f5d22f-8fc2-4740-87a7-2f0d65b28dee"}}
&amp#27;[38;5;32m[AndroidUiautomator2Driver@b719 (a5736f1c)]&amp#27;[0m Responding to client with driver.findElement() result: {"element-6066-11e4-a52e-4f735466cecf":"39f5d22f-8fc2-4740-87a7-2f0d65b28dee","ELEMENT":"39f5d22f-8fc2-4740-87a7-2f0d65b28dee"}
&amp#27;[38;5;0m[HTTP]&amp#27;[0m &amp#27;[37m<-- POST /session/a5736f1c-38d3-4b76-837c-6bb32f96b264/element &amp#27;[39m&amp#27;[32m200&amp#27;[39m &amp#27;[90m546 ms - 137&amp#27;[39m
&amp#27;[38;5;0m[HTTP]&amp#27;[0m &amp#27;[90m&amp#27;[39m
&amp#27;[38;5;0m[HTTP]&amp#27;[0m &amp#27;[37m-->&amp#27;[39m &amp#27;[37mGET&amp#27;[39m &amp#27;[37m/session/a5736f1c-38d3-4b76-837c-6bb32f96b264/element/39f5d22f-8fc2-4740-87a7-2f0d65b28dee/attribute/name&amp#27;[39m
&amp#27;[38;5;0m[HTTP]&amp#27;[0m &amp#27;[90m{}&amp#27;[39m
&amp#27;[38;5;32m[AndroidUiautomator2Driver@b719 (a5736f1c)]&amp#27;[0m Calling AppiumDriver.getAttribute() with args: ["name","39f5d22f-8fc2-4740-87a7-2f0d65b28dee","a5736f1c-38d3-4b76-837c-6bb32f96b264"]
&amp#27;[38;5;32m[AndroidUiautomator2Driver@b719 (a5736f1c)]&amp#27;[0m Matched '/element/39f5d22f-8fc2-4740-87a7-2f0d65b28dee/attribute/name' to command name 'getAttribute'
&amp#27;[38;5;32m[AndroidUiautomator2Driver@b719 (a5736f1c)]&amp#27;[0m Proxying [GET /element/39f5d22f-8fc2-4740-87a7-2f0d65b28dee/attribute/name] to [GET http://127.0.0.1:8200/session/a27bdb53-edd6-4d22-a901-93b2fb19026d/element/39f5d22f-8fc2-4740-87a7-2f0d65b28dee/attribute/name] with no body
&amp#27;[38;5;32m[AndroidUiautomator2Driver@b719 (a5736f1c)]&amp#27;[0m Got response with status 200: {"sessionId":"a27bdb53-edd6-4d22-a901-93b2fb19026d","value":"Please enter your name"}
&amp#27;[38;5;32m[AndroidUiautomator2Driver@b719 (a5736f1c)]&amp#27;[0m Responding to client with driver.getAttribute() result: "Please enter your name"
&amp#27;[38;5;0m[HTTP]&amp#27;[0m &amp#27;[37m<-- GET /session/a5736f1c-38d3-4b76-837c-6bb32f96b264/element/39f5d22f-8fc2-4740-87a7-2f0d65b28dee/attribute/name &amp#27;[39m&amp#27;[32m200&amp#27;[39m &amp#27;[90m88 ms - 34&amp#27;[39m
&amp#27;[38;5;0m[HTTP]&amp#27;[0m &amp#27;[90m&amp#27;[39m
&amp#27;[38;5;0m[HTTP]&amp#27;[0m &amp#27;[37m-->&amp#27;[39m &amp#27;[37mGET&amp#27;[39m &amp#27;[37m/session/a5736f1c-38d3-4b76-837c-6bb32f96b264/context&amp#27;[39m
&amp#27;[38;5;0m[HTTP]&amp#27;[0m &amp#27;[90m{}&amp#27;[39m
&amp#27;[38;5;32m[AndroidUiautomator2Driver@b719 (a5736f1c)]&amp#27;[0m Calling AppiumDriver.getCurrentContext() with args: ["a5736f1c-38d3-4b76-837c-6bb32f96b264"]
&amp#27;[38;5;32m[AndroidUiautomator2Driver@b719 (a5736f1c)]&amp#27;[0m Responding to client with driver.getCurrentContext() result: "NATIVE_APP"
&amp#27;[38;5;0m[HTTP]&amp#27;[0m &amp#27;[37m<-- GET /session/a5736f1c-38d3-4b76-837c-6bb32f96b264/context &amp#27;[39m&amp#27;[32m200&amp#27;[39m &amp#27;[90m2 ms - 22&amp#27;[39m
&amp#27;[38;5;0m[HTTP]&amp#27;[0m &amp#27;[90m&amp#27;[39m
&amp#27;[38;5;0m[HTTP]&amp#27;[0m &amp#27;[37m-->&amp#27;[39m &amp#27;[37mPOST&amp#27;[39m &amp#27;[37m/session/a5736f1c-38d3-4b76-837c-6bb32f96b264/element&amp#27;[39m
&amp#27;[38;5;0m[HTTP]&amp#27;[0m &amp#27;[90m{"value":"com.androidsample.generalstore:id/nameField","using":"id"}&amp#27;[39m
&amp#27;[38;5;32m[AndroidUiautomator2Driver@b719 (a5736f1c)]&amp#27;[0m Calling AppiumDriver.findElement() with args: ["id","com.androidsample.generalstore:id/nameField","a5736f1c-38d3-4b76-837c-6bb32f96b264"]
&amp#27;[38;5;32m[AndroidUiautomator2Driver@b719 (a5736f1c)]&amp#27;[0m Valid locator strategies for this request: xpath, id, class name, accessibility id, css selector, -android uiautomator
&amp#27;[38;5;32m[AndroidUiautomator2Driver@b719 (a5736f1c)]&amp#27;[0m Waiting up to 10000 ms for condition
&amp#27;[38;5;32m[AndroidUiautomator2Driver@b719 (a5736f1c)]&amp#27;[0m Matched '/element' to command name 'findElement'
&amp#27;[38;5;32m[AndroidUiautomator2Driver@b719 (a5736f1c)]&amp#27;[0m Proxying [POST /element] to [POST http://127.0.0.1:8200/session/a27bdb53-edd6-4d22-a901-93b2fb19026d/element] with body: {"strategy":"id","selector":"com.androidsample.generalstore:id/nameField","context":"","multiple":false}
&amp#27;[38;5;32m[AndroidUiautomator2Driver@b719 (a5736f1c)]&amp#27;[0m Got response with status 200: {"sessionId":"a27bdb53-edd6-4d22-a901-93b2fb19026d","value":{"ELEMENT":"00000000-0000-0349-ffff-ffff00000039","element-6066-11e4-a52e-4f735466cecf":"00000000-0000-0349-ffff-ffff00000039"}}
&amp#27;[38;5;32m[AndroidUiautomator2Driver@b719 (a5736f1c)]&amp#27;[0m Responding to client with driver.findElement() result: {"element-6066-11e4-a52e-4f735466cecf":"00000000-0000-0349-ffff-ffff00000039","ELEMENT":"00000000-0000-0349-ffff-ffff00000039"}
&amp#27;[38;5;0m[HTTP]&amp#27;[0m &amp#27;[37m<-- POST /session/a5736f1c-38d3-4b76-837c-6bb32f96b264/element &amp#27;[39m&amp#27;[32m200&amp#27;[39m &amp#27;[90m71 ms - 137&amp#27;[39m
&amp#27;[38;5;0m[HTTP]&amp#27;[0m &amp#27;[90m&amp#27;[39m
&amp#27;[38;5;0m[HTTP]&amp#27;[0m &amp#27;[37m-->&amp#27;[39m &amp#27;[37mPOST&amp#27;[39m &amp#27;[37m/session/a5736f1c-38d3-4b76-837c-6bb32f96b264/element/00000000-0000-0349-ffff-ffff00000039/value&amp#27;[39m
&amp#27;[38;5;0m[HTTP]&amp#27;[0m &amp#27;[90m{"text":"Ritu","value":["R","i","t","u"],"id":"00000000-0000-0349-ffff-ffff00000039"}&amp#27;[39m
&amp#27;[38;5;32m[AndroidUiautomator2Driver@b719 (a5736f1c)]&amp#27;[0m Calling AppiumDriver.setValue() with args: [["R","i","t","u"],"00000000-0000-0349-ffff-ffff00000039","a5736f1c-38d3-4b76-837c-6bb32f96b264"]
&amp#27;[38;5;32m[AndroidUiautomator2Driver@b719 (a5736f1c)]&amp#27;[0m Matched '/element/00000000-0000-0349-ffff-ffff00000039/value' to command name 'setValue'
&amp#27;[38;5;32m[AndroidUiautomator2Driver@b719 (a5736f1c)]&amp#27;[0m Added 'value' property ["R","i","t","u"] to 'setValue' request body
&amp#27;[38;5;32m[AndroidUiautomator2Driver@b719 (a5736f1c)]&amp#27;[0m Proxying [POST /element/00000000-0000-0349-ffff-ffff00000039/value] to [POST http://127.0.0.1:8200/session/a27bdb53-edd6-4d22-a901-93b2fb19026d/element/00000000-0000-0349-ffff-ffff00000039/value] with body: {"elementId":"00000000-0000-0349-ffff-ffff00000039","text":"Ritu","replace":false,"value":["R","i","t","u"]}
&amp#27;[38;5;32m[AndroidUiautomator2Driver@b719 (a5736f1c)]&amp#27;[0m Got response with status 200: {"sessionId":"a27bdb53-edd6-4d22-a901-93b2fb19026d","value":null}
&amp#27;[38;5;32m[AndroidUiautomator2Driver@b719 (a5736f1c)]&amp#27;[0m Responding to client with driver.setValue() result: null
&amp#27;[38;5;0m[HTTP]&amp#27;[0m &amp#27;[37m<-- POST /session/a5736f1c-38d3-4b76-837c-6bb32f96b264/element/00000000-0000-0349-ffff-ffff00000039/value &amp#27;[39m&amp#27;[32m200&amp#27;[39m &amp#27;[90m560 ms - 14&amp#27;[39m
&amp#27;[38;5;0m[HTTP]&amp#27;[0m &amp#27;[90m&amp#27;[39m
&amp#27;[38;5;0m[HTTP]&amp#27;[0m &amp#27;[37m-->&amp#27;[39m &amp#27;[37mPOST&amp#27;[39m &amp#27;[37m/session/a5736f1c-38d3-4b76-837c-6bb32f96b264/execute/sync&amp#27;[39m
&amp#27;[38;5;0m[HTTP]&amp#27;[0m &amp#27;[90m{"script":"mobile: hideKeyboard","args":[]}&amp#27;[39m
&amp#27;[38;5;32m[AndroidUiautomator2Driver@b719 (a5736f1c)]&amp#27;[0m Calling AppiumDriver.execute() with args: ["mobile: hideKeyboard",[],"a5736f1c-38d3-4b76-837c-6bb32f96b264"]
&amp#27;[38;5;32m[AndroidUiautomator2Driver@b719 (a5736f1c)]&amp#27;[0m Executing method 'mobile: hideKeyboard'
&amp#27;[38;5;48m[ADB]&amp#27;[0m Running 'C:\Users\aksha\AppData\Local\Android\Sdk\platform-tools\adb.exe -P 5037 -s emulator-5554 shell dumpsys input_method'
&amp#27;[38;5;48m[ADB]&amp#27;[0m Keyboard has no UI; no closing necessary
&amp#27;[38;5;32m[AndroidUiautomator2Driver@b719 (a5736f1c)]&amp#27;[0m Responding to client with driver.execute() result: false
&amp#27;[38;5;0m[HTTP]&amp#27;[0m &amp#27;[37m<-- POST /session/a5736f1c-38d3-4b76-837c-6bb32f96b264/execute/sync &amp#27;[39m&amp#27;[32m200&amp#27;[39m &amp#27;[90m343 ms - 15&amp#27;[39m
&amp#27;[38;5;0m[HTTP]&amp#27;[0m &amp#27;[90m&amp#27;[39m
&amp#27;[38;5;0m[HTTP]&amp#27;[0m &amp#27;[37m-->&amp#27;[39m &amp#27;[37mGET&amp#27;[39m &amp#27;[37m/session/a5736f1c-38d3-4b76-837c-6bb32f96b264/context&amp#27;[39m
&amp#27;[38;5;0m[HTTP]&amp#27;[0m &amp#27;[90m{}&amp#27;[39m
&amp#27;[38;5;32m[AndroidUiautomator2Driver@b719 (a5736f1c)]&amp#27;[0m Calling AppiumDriver.getCurrentContext() with args: ["a5736f1c-38d3-4b76-837c-6bb32f96b264"]
&amp#27;[38;5;32m[AndroidUiautomator2Driver@b719 (a5736f1c)]&amp#27;[0m Responding to client with driver.getCurrentContext() result: "NATIVE_APP"
&amp#27;[38;5;0m[HTTP]&amp#27;[0m &amp#27;[37m<-- GET /session/a5736f1c-38d3-4b76-837c-6bb32f96b264/context &amp#27;[39m&amp#27;[32m200&amp#27;[39m &amp#27;[90m1 ms - 22&amp#27;[39m
&amp#27;[38;5;0m[HTTP]&amp#27;[0m &amp#27;[90m&amp#27;[39m
&amp#27;[38;5;0m[HTTP]&amp#27;[0m &amp#27;[37m-->&amp#27;[39m &amp#27;[37mPOST&amp#27;[39m &amp#27;[37m/session/a5736f1c-38d3-4b76-837c-6bb32f96b264/element&amp#27;[39m
&amp#27;[38;5;0m[HTTP]&amp#27;[0m &amp#27;[90m{"value":"com.androidsample.generalstore:id/btnLetsShop","using":"id"}&amp#27;[39m
&amp#27;[38;5;32m[AndroidUiautomator2Driver@b719 (a5736f1c)]&amp#27;[0m Calling AppiumDriver.findElement() with args: ["id","com.androidsample.generalstore:id/btnLetsShop","a5736f1c-38d3-4b76-837c-6bb32f96b264"]
&amp#27;[38;5;32m[AndroidUiautomator2Driver@b719 (a5736f1c)]&amp#27;[0m Valid locator strategies for this request: xpath, id, class name, accessibility id, css selector, -android uiautomator
&amp#27;[38;5;32m[AndroidUiautomator2Driver@b719 (a5736f1c)]&amp#27;[0m Waiting up to 10000 ms for condition
&amp#27;[38;5;32m[AndroidUiautomator2Driver@b719 (a5736f1c)]&amp#27;[0m Matched '/element' to command name 'findElement'
&amp#27;[38;5;32m[AndroidUiautomator2Driver@b719 (a5736f1c)]&amp#27;[0m Proxying [POST /element] to [POST http://127.0.0.1:8200/session/a27bdb53-edd6-4d22-a901-93b2fb19026d/element] with body: {"strategy":"id","selector":"com.androidsample.generalstore:id/btnLetsShop","context":"","multiple":false}
&amp#27;[38;5;32m[AndroidUiautomator2Driver@b719 (a5736f1c)]&amp#27;[0m Got response with status 200: {"sessionId":"a27bdb53-edd6-4d22-a901-93b2fb19026d","value":{"ELEMENT":"00000000-0000-0349-ffff-ffff0000003e","element-6066-11e4-a52e-4f735466cecf":"00000000-0000-0349-ffff-ffff0000003e"}}
&amp#27;[38;5;32m[AndroidUiautomator2Driver@b719 (a5736f1c)]&amp#27;[0m Responding to client with driver.findElement() result: {"element-6066-11e4-a52e-4f735466cecf":"00000000-0000-0349-ffff-ffff0000003e","ELEMENT":"00000000-0000-0349-ffff-ffff0000003e"}
&amp#27;[38;5;0m[HTTP]&amp#27;[0m &amp#27;[37m<-- POST /session/a5736f1c-38d3-4b76-837c-6bb32f96b264/element &amp#27;[39m&amp#27;[32m200&amp#27;[39m &amp#27;[90m185 ms - 137&amp#27;[39m
&amp#27;[38;5;0m[HTTP]&amp#27;[0m &amp#27;[90m&amp#27;[39m
&amp#27;[38;5;0m[HTTP]&amp#27;[0m &amp#27;[37m-->&amp#27;[39m &amp#27;[37mPOST&amp#27;[39m &amp#27;[37m/session/a5736f1c-38d3-4b76-837c-6bb32f96b264/element/00000000-0000-0349-ffff-ffff0000003e/click&amp#27;[39m
&amp#27;[38;5;0m[HTTP]&amp#27;[0m &amp#27;[90m{"id":"00000000-0000-0349-ffff-ffff0000003e"}&amp#27;[39m
&amp#27;[38;5;32m[AndroidUiautomator2Driver@b719 (a5736f1c)]&amp#27;[0m Calling AppiumDriver.click() with args: ["00000000-0000-0349-ffff-ffff0000003e","a5736f1c-38d3-4b76-837c-6bb32f96b264"]
&amp#27;[38;5;32m[AndroidUiautomator2Driver@b719 (a5736f1c)]&amp#27;[0m Matched '/element/00000000-0000-0349-ffff-ffff0000003e/click' to command name 'click'
&amp#27;[38;5;32m[AndroidUiautomator2Driver@b719 (a5736f1c)]&amp#27;[0m Proxying [POST /element/00000000-0000-0349-ffff-ffff0000003e/click] to [POST http://127.0.0.1:8200/session/a27bdb53-edd6-4d22-a901-93b2fb19026d/element/00000000-0000-0349-ffff-ffff0000003e/click] with body: {"element":"00000000-0000-0349-ffff-ffff0000003e"}
&amp#27;[38;5;32m[AndroidUiautomator2Driver@b719 (a5736f1c)]&amp#27;[0m Got response with status 200: {"sessionId":"a27bdb53-edd6-4d22-a901-93b2fb19026d","value":null}
&amp#27;[38;5;32m[AndroidUiautomator2Driver@b719 (a5736f1c)]&amp#27;[0m Responding to client with driver.click() result: null
&amp#27;[38;5;0m[HTTP]&amp#27;[0m &amp#27;[37m<-- POST /session/a5736f1c-38d3-4b76-837c-6bb32f96b264/element/00000000-0000-0349-ffff-ffff0000003e/click &amp#27;[39m&amp#27;[32m200&amp#27;[39m &amp#27;[90m87 ms - 14&amp#27;[39m
&amp#27;[38;5;0m[HTTP]&amp#27;[0m &amp#27;[90m&amp#27;[39m
&amp#27;[38;5;0m[HTTP]&amp#27;[0m &amp#27;[37m-->&amp#27;[39m &amp#27;[37mGET&amp#27;[39m &amp#27;[37m/session/a5736f1c-38d3-4b76-837c-6bb32f96b264/screenshot&amp#27;[39m
&amp#27;[38;5;0m[HTTP]&amp#27;[0m &amp#27;[90m{}&amp#27;[39m
&amp#27;[38;5;32m[AndroidUiautomator2Driver@b719 (a5736f1c)]&amp#27;[0m Calling AppiumDriver.getScreenshot() with args: ["a5736f1c-38d3-4b76-837c-6bb32f96b264"]
&amp#27;[38;5;32m[AndroidUiautomator2Driver@b719 (a5736f1c)]&amp#27;[0m Matched '/screenshot' to command name 'getScreenshot'
&amp#27;[38;5;32m[AndroidUiautomator2Driver@b719 (a5736f1c)]&amp#27;[0m Proxying [GET /screenshot] to [GET http://127.0.0.1:8200/session/a27bdb53-edd6-4d22-a901-93b2fb19026d/screenshot] with no body
&amp#27;[38;5;32m[AndroidUiautomator2Driver@b719 (a5736f1c)]&amp#27;[0m Got response with status 200: {"sessionId":"a27bdb53-edd6-4d22-a901-93b2fb19026d","value":"iVBORw0KGgoAAAANSUhEUgAABaAAAAtACAYAAADu24QXAAAAAXNSR0IArs4c6QAAAARzQklUCAgICHwIZIgAACAASURBVHic7N1nYBzV+bbxe2a7Vr1Z7h3jgsEY08F0MIReAgFCzT8ECIGQ0NKoCSW0NyQkpEASQggkgCGE3rspBmyMjXu31duuts/7wbbQalVW0o5Wtq7fJ2t25pyztop1zzPPMYoWfdsSAAAAAAAAAAAZZmZ7AQAAAAAAAACAHRMBNAAAAAAAAADAFgTQAAAAAAAAAABbEEADAAAAAAAAAGxBAA0AAAAAAAAAsAUBNAAAAAAAAADAFgTQAAAAAAAAAABbEEADAAAAAAAAAGxBAA0AAAAAAAAAsAUBNAAAAAAAAADAFgTQAAAAAAAAAABbEEADAAAAAAAAAGxBAA0AAAAAAAAAsAUBNAAAAAAAAADAFgTQAAAAAAAAAABbOLO9AAA7HkOGKpyFmpM3Q8flzdI07ygVOfyyJBlbz7HanL8xWqdPQiv074b39FbwSzXEg7KSzgAAAAAAAMD2yCha9G1SHgB9ZshQsSNXdw09Vwf7p8lvemS0xs3pS8hSbbxZ/6h/UzdX/ltxJWxYLQAAAAAAAPoDATSQJlOGXIZTXtOl0a4yHZu3hw7Lna5dvWNUFWvQy4EFer5pvt4OfqmIFVfEiipqxbO9bNsZMjTaVaq3xt0sn+mR2YvQuTMJWVoe2aRDVl6vQCKUsXEBAAAAAADQPwiggS4YMuQ2HHIbLg1xFuqQ3Gn6Rt4emukdJ5/pTjk/ZsW1Olqtl5s/18uBz/RRy3KFEzFFrdgOWclb6sjTm+Nu1hBnQa+qndMVs+KqWHyBErTlQCcMGfKaLhky5DGcMrducWDJUlwJRayYEpalsBXN8koBAAAA2KXCWajRrjKVOPNUaPpV4MiR3/QokAirPh5QQyKomliTVker...
&amp#27;[38;5;32m[AndroidUiautomator2Driver@b719 (a5736f1c)]&amp#27;[0m Responding to client with driver.getScreenshot() result: "iVBORw0KGgoAAAANSUhEUgAABaAAAAtACAYAAADu24QXAAAAAXNSR0IArs4c6QAAAARzQklUCAgICHwIZIgAACAASURBVHic7N1nYBzV+bbxe2a7Vr1Z7h3jgsEY08F0MIReAgFCzT8ECIGQ0NKoCSW0NyQkpEASQggkgCGE3rspBmyMjXu31duuts/7wbbQalVW0o5Wtq7fJ2t25pyztop1zzPPMYoWfdsSAAAAAAAAAAAZZmZ7AQAAAAAAAACAHRMBNAAAAAAAAADAFgTQAAAAAAAAAABbEEADAAAAAAAAAGxBAA0AAAAAAAAAsAUBNAAAAAAAAADAFgTQAAAAAAAAAABbEEADAAAAAAAAAGxBAA0AAAAAAAAAsAUBNAAAAAAAAADAFgTQAAAAAAAAAABbEEADAAAAAAAAAGxBAA0AAAAAAAAAsAUBNAAAAAAAAADAFgTQAAAAAAAAAABbOLO9AAA7HkOGKpyFmpM3Q8flzdI07ygVOfyyJBlbz7HanL8xWqdPQiv074b39FbwSzXEg7KSzgAAAAAAAMD2yCha9G1SHgB9ZshQsSNXdw09Vwf7p8lvemS0xs3pS8hSbbxZ/6h/UzdX/ltxJWxYLQAAAAAAAPoDATSQJlOGXIZTXtOl0a4yHZu3hw7Lna5dvWNUFWvQy4EFer5pvt4OfqmIFVfEiipqxbO9bNsZMjTaVaq3xt0sn+mR2YvQuTMJWVoe2aRDVl6vQCKUsXEBAAAAAADQPwiggS4YMuQ2HHIbLg1xFuqQ3Gn6Rt4emukdJ5/pTjk/ZsW1Olqtl5s/18uBz/RRy3KFEzFFrdgOWclb6sjTm+Nu1hBnQa+qndMVs+KqWHyBErTlQCcMGfKaLhky5DGcMrducWDJUlwJRayYEpalsBXN8koBAAAA2KXCWajRrjKVOPNUaPpV4MiR3/QokAirPh5QQyKomliTVkertClWn+3lDjijXKVaE63O9jKwAyKABtoxZMhpmHIbLpU58rRPziR9I28P7Zkz...
&amp#27;[38;5;0m[HTTP]&amp#27;[0m &amp#27;[37m<-- GET /session/a5736f1c-38d3-4b76-837c-6bb32f96b264/screenshot &amp#27;[39m&amp#27;[32m200&amp#27;[39m &amp#27;[90m1418 ms - 921128&amp#27;[39m
&amp#27;[38;5;0m[HTTP]&amp#27;[0m &amp#27;[90m&amp#27;[39m
]]></system-out>
    <system-err><![CDATA[SLF4J(W): No SLF4J providers were found.
SLF4J(W): Defaulting to no-operation (NOP) logger implementation
SLF4J(W): See https://www.slf4j.org/codes.html#noProviders for further details.
]]></system-err>
  </testcase>
  <testcase name="LoginFormErrorValidation[{name=Rakesh, country=Australia, gender=male, formToastMessage=Please enter your nme}](2)" classname="org.internal.eCommerce_Data_Driven_Testing_Via_DataProvider_Example" time="10.02">
    <failure message="expected [Please enter your nme] but found [Please enter your name]" type="java.lang.AssertionError"><![CDATA[java.lang.AssertionError: expected [Please enter your nme] but found [Please enter your name]
	at org.testng.Assert.fail(Assert.java:111)
	at org.testng.Assert.failNotEquals(Assert.java:1578)
	at org.testng.Assert.assertEqualsImpl(Assert.java:150)
	at org.testng.Assert.assertEquals(Assert.java:132)
	at org.testng.Assert.assertEquals(Assert.java:656)
	at org.testng.Assert.assertEquals(Assert.java:666)
	at org.internal.pageObjects.android.FormPage.validateToastMessage(FormPage.java:67)
	at org.internal.eCommerce_Data_Driven_Testing_Via_DataProvider_Example.LoginFormErrorValidation(eCommerce_Data_Driven_Testing_Via_DataProvider_Example.java:37)
	at java.base/jdk.internal.reflect.NativeMethodAccessorImpl.invoke0(Native Method)
	at java.base/jdk.internal.reflect.NativeMethodAccessorImpl.invoke(NativeMethodAccessorImpl.java:77)
	at java.base/jdk.internal.reflect.DelegatingMethodAccessorImpl.invoke(DelegatingMethodAccessorImpl.java:43)
	at java.base/java.lang.reflect.Method.invoke(Method.java:568)
	at org.testng.internal.invokers.MethodInvocationHelper.invokeMethod(MethodInvocationHelper.java:139)
	at org.testng.internal.invokers.TestInvoker.invokeMethod(TestInvoker.java:664)
	at org.testng.internal.invokers.TestInvoker.invokeTestMethod(TestInvoker.java:228)
	at org.testng.internal.invokers.MethodRunner.runInSequence(MethodRunner.java:63)
	at org.testng.internal.invokers.TestInvoker$MethodInvocationAgent.invoke(TestInvoker.java:961)
	at org.testng.internal.invokers.TestInvoker.invokeTestMethods(TestInvoker.java:201)
	at org.testng.internal.invokers.TestMethodWorker.invokeTestMethods(TestMethodWorker.java:148)
	at org.testng.internal.invokers.TestMethodWorker.run(TestMethodWorker.java:128)
	at java.base/java.util.ArrayList.forEach(ArrayList.java:1511)
	at org.testng.TestRunner.privateRun(TestRunner.java:819)
	at org.testng.TestRunner.run(TestRunner.java:619)
	at org.testng.SuiteRunner.runTest(SuiteRunner.java:443)
	at org.testng.SuiteRunner.runSequentially(SuiteRunner.java:437)
	at org.testng.SuiteRunner.privateRun(SuiteRunner.java:397)
	at org.testng.SuiteRunner.run(SuiteRunner.java:336)
	at org.testng.SuiteRunnerWorker.runSuite(SuiteRunnerWorker.java:52)
	at org.testng.SuiteRunnerWorker.run(SuiteRunnerWorker.java:95)
	at org.testng.TestNG.runSuitesSequentially(TestNG.java:1301)
	at org.testng.TestNG.runSuitesLocally(TestNG.java:1228)
	at org.testng.TestNG.runSuites(TestNG.java:1134)
	at org.testng.TestNG.run(TestNG.java:1101)
	at org.apache.maven.surefire.testng.TestNGExecutor.run(TestNGExecutor.java:308)
	at org.apache.maven.surefire.testng.TestNGXmlTestSuite.execute(TestNGXmlTestSuite.java:71)
	at org.apache.maven.surefire.testng.TestNGProvider.invoke(TestNGProvider.java:113)
	at org.apache.maven.surefire.booter.ForkedBooter.runSuitesInProcess(ForkedBooter.java:385)
	at org.apache.maven.surefire.booter.ForkedBooter.execute(ForkedBooter.java:162)
	at org.apache.maven.surefire.booter.ForkedBooter.run(ForkedBooter.java:507)
	at org.apache.maven.surefire.booter.ForkedBooter.main(ForkedBooter.java:495)
]]></failure>
    <system-out><![CDATA[&amp#27;[38;5;0m[HTTP]&amp#27;[0m &amp#27;[37m-->&amp#27;[39m &amp#27;[37mPOST&amp#27;[39m &amp#27;[37m/session/a5736f1c-38d3-4b76-837c-6bb32f96b264/execute/sync&amp#27;[39m
&amp#27;[38;5;0m[HTTP]&amp#27;[0m &amp#27;[90m{"script":"mobile: startActivity","args":[{"intent":"com.androidsample.generalstore/com.androidsample.generalstore.MainActivity"}]}&amp#27;[39m
&amp#27;[38;5;32m[AndroidUiautomator2Driver@b719 (a5736f1c)]&amp#27;[0m Calling AppiumDriver.execute() with args: ["mobile: startActivity",[{"intent":"com.androidsample.generalstore/com.androidsample.generalstore.MainActivity"}],"a5736f1c-38d3-4b76-837c-6bb32f96b264"]
&amp#27;[38;5;32m[AndroidUiautomator2Driver@b719 (a5736f1c)]&amp#27;[0m Executing method 'mobile: startActivity'
&amp#27;[38;5;48m[ADB]&amp#27;[0m Running 'C:\Users\aksha\AppData\Local\Android\Sdk\platform-tools\adb.exe -P 5037 -s emulator-5554 shell am start-activity com.androidsample.generalstore/com.androidsample.generalstore.MainActivity'
&amp#27;[38;5;32m[AndroidUiautomator2Driver@b719 (a5736f1c)]&amp#27;[0m Responding to client with driver.execute() result: "Starting: Intent { act=android.intent.action.MAIN cat=[android.intent.category.LAUNCHER] cmp=com.androidsample.generalstore/.MainActivity }"
&amp#27;[38;5;0m[HTTP]&amp#27;[0m &amp#27;[37m<-- POST /session/a5736f1c-38d3-4b76-837c-6bb32f96b264/execute/sync &amp#27;[39m&amp#27;[32m200&amp#27;[39m &amp#27;[90m111 ms - 151&amp#27;[39m
&amp#27;[38;5;0m[HTTP]&amp#27;[0m &amp#27;[90m&amp#27;[39m
&amp#27;[38;5;0m[HTTP]&amp#27;[0m &amp#27;[37m-->&amp#27;[39m &amp#27;[37mGET&amp#27;[39m &amp#27;[37m/session/a5736f1c-38d3-4b76-837c-6bb32f96b264/context&amp#27;[39m
&amp#27;[38;5;0m[HTTP]&amp#27;[0m &amp#27;[90m{}&amp#27;[39m
&amp#27;[38;5;32m[AndroidUiautomator2Driver@b719 (a5736f1c)]&amp#27;[0m Calling AppiumDriver.getCurrentContext() with args: ["a5736f1c-38d3-4b76-837c-6bb32f96b264"]
&amp#27;[38;5;32m[AndroidUiautomator2Driver@b719 (a5736f1c)]&amp#27;[0m Responding to client with driver.getCurrentContext() result: "NATIVE_APP"
&amp#27;[38;5;0m[HTTP]&amp#27;[0m &amp#27;[37m<-- GET /session/a5736f1c-38d3-4b76-837c-6bb32f96b264/context &amp#27;[39m&amp#27;[32m200&amp#27;[39m &amp#27;[90m1 ms - 22&amp#27;[39m
&amp#27;[38;5;0m[HTTP]&amp#27;[0m &amp#27;[90m&amp#27;[39m
&amp#27;[38;5;0m[HTTP]&amp#27;[0m &amp#27;[37m-->&amp#27;[39m &amp#27;[37mPOST&amp#27;[39m &amp#27;[37m/session/a5736f1c-38d3-4b76-837c-6bb32f96b264/element&amp#27;[39m
&amp#27;[38;5;0m[HTTP]&amp#27;[0m &amp#27;[90m{"value":"com.androidsample.generalstore:id/radioMale","using":"id"}&amp#27;[39m
&amp#27;[38;5;32m[AndroidUiautomator2Driver@b719 (a5736f1c)]&amp#27;[0m Calling AppiumDriver.findElement() with args: ["id","com.androidsample.generalstore:id/radioMale","a5736f1c-38d3-4b76-837c-6bb32f96b264"]
&amp#27;[38;5;32m[AndroidUiautomator2Driver@b719 (a5736f1c)]&amp#27;[0m Valid locator strategies for this request: xpath, id, class name, accessibility id, css selector, -android uiautomator
&amp#27;[38;5;32m[AndroidUiautomator2Driver@b719 (a5736f1c)]&amp#27;[0m Waiting up to 10000 ms for condition
&amp#27;[38;5;32m[AndroidUiautomator2Driver@b719 (a5736f1c)]&amp#27;[0m Matched '/element' to command name 'findElement'
&amp#27;[38;5;32m[AndroidUiautomator2Driver@b719 (a5736f1c)]&amp#27;[0m Proxying [POST /element] to [POST http://127.0.0.1:8200/session/a27bdb53-edd6-4d22-a901-93b2fb19026d/element] with body: {"strategy":"id","selector":"com.androidsample.generalstore:id/radioMale","context":"","multiple":false}
&amp#27;[38;5;32m[AndroidUiautomator2Driver@b719 (a5736f1c)]&amp#27;[0m Got response with status 404: {"sessionId":"a27bdb53-edd6-4d22-a901-93b2fb19026d","value":{"error":"no such element","message":"An element could not be located on the page using the given search parameters","stacktrace":"io.appium.uiautomator2.common.exceptions.ElementNotFoundException: An element could not be located on the page using the given search parameters\n\tat io.appium.uiautomator2.handler.FindElement.safeHandle(FindElement.java:63)\n\tat io.appium.uiautomator2.handler.request.SafeRequestHandler.handle(SafeRequestHandler.java:59)\n\tat io.appium.uiautomator2.server.AppiumServlet.handleRequest(AppiumServlet.java:259)\n\tat io.appium.uiautomator2.server.AppiumServlet.handleHttpRequest(AppiumServlet.java:253)\n\tat io.appium.uiautomator2.http.ServerHandler.channelRead(ServerHandler.java:77)\n\tat io.netty.channel.AbstractChannelHandlerContext.invokeChannelRead(AbstractChannelHandlerContext.java:366)\n\tat io.netty.channel.AbstractChannelHandlerContext.invokeChannelRead(AbstractChannelHandlerContext.java:352)\n\tat io.netty.chann...
&amp#27;[38;5;112m[W3C]&amp#27;[0m Matched W3C error code 'no such element' to NoSuchElementError
&amp#27;[38;5;32m[AndroidUiautomator2Driver@b719 (a5736f1c)]&amp#27;[0m Waited for 176 ms so far
&amp#27;[38;5;32m[AndroidUiautomator2Driver@b719 (a5736f1c)]&amp#27;[0m Matched '/element' to command name 'findElement'
&amp#27;[38;5;32m[AndroidUiautomator2Driver@b719 (a5736f1c)]&amp#27;[0m Proxying [POST /element] to [POST http://127.0.0.1:8200/session/a27bdb53-edd6-4d22-a901-93b2fb19026d/element] with body: {"strategy":"id","selector":"com.androidsample.generalstore:id/radioMale","context":"","multiple":false}
&amp#27;[38;5;32m[AndroidUiautomator2Driver@b719 (a5736f1c)]&amp#27;[0m Got response with status 200: {"sessionId":"a27bdb53-edd6-4d22-a901-93b2fb19026d","value":{"ELEMENT":"00000000-0000-034d-ffff-ffff00000099","element-6066-11e4-a52e-4f735466cecf":"00000000-0000-034d-ffff-ffff00000099"}}
&amp#27;[38;5;32m[AndroidUiautomator2Driver@b719 (a5736f1c)]&amp#27;[0m Responding to client with driver.findElement() result: {"element-6066-11e4-a52e-4f735466cecf":"00000000-0000-034d-ffff-ffff00000099","ELEMENT":"00000000-0000-034d-ffff-ffff00000099"}
&amp#27;[38;5;0m[HTTP]&amp#27;[0m &amp#27;[37m<-- POST /session/a5736f1c-38d3-4b76-837c-6bb32f96b264/element &amp#27;[39m&amp#27;[32m200&amp#27;[39m &amp#27;[90m1345 ms - 137&amp#27;[39m
&amp#27;[38;5;0m[HTTP]&amp#27;[0m &amp#27;[90m&amp#27;[39m
&amp#27;[38;5;0m[HTTP]&amp#27;[0m &amp#27;[37m-->&amp#27;[39m &amp#27;[37mPOST&amp#27;[39m &amp#27;[37m/session/a5736f1c-38d3-4b76-837c-6bb32f96b264/element/00000000-0000-034d-ffff-ffff00000099/click&amp#27;[39m
&amp#27;[38;5;0m[HTTP]&amp#27;[0m &amp#27;[90m{"id":"00000000-0000-034d-ffff-ffff00000099"}&amp#27;[39m
&amp#27;[38;5;32m[AndroidUiautomator2Driver@b719 (a5736f1c)]&amp#27;[0m Calling AppiumDriver.click() with args: ["00000000-0000-034d-ffff-ffff00000099","a5736f1c-38d3-4b76-837c-6bb32f96b264"]
&amp#27;[38;5;32m[AndroidUiautomator2Driver@b719 (a5736f1c)]&amp#27;[0m Matched '/element/00000000-0000-034d-ffff-ffff00000099/click' to command name 'click'
&amp#27;[38;5;32m[AndroidUiautomator2Driver@b719 (a5736f1c)]&amp#27;[0m Proxying [POST /element/00000000-0000-034d-ffff-ffff00000099/click] to [POST http://127.0.0.1:8200/session/a27bdb53-edd6-4d22-a901-93b2fb19026d/element/00000000-0000-034d-ffff-ffff00000099/click] with body: {"element":"00000000-0000-034d-ffff-ffff00000099"}
&amp#27;[38;5;32m[AndroidUiautomator2Driver@b719 (a5736f1c)]&amp#27;[0m Got response with status 200: {"sessionId":"a27bdb53-edd6-4d22-a901-93b2fb19026d","value":null}
&amp#27;[38;5;32m[AndroidUiautomator2Driver@b719 (a5736f1c)]&amp#27;[0m Responding to client with driver.click() result: null
&amp#27;[38;5;0m[HTTP]&amp#27;[0m &amp#27;[37m<-- POST /session/a5736f1c-38d3-4b76-837c-6bb32f96b264/element/00000000-0000-034d-ffff-ffff00000099/click &amp#27;[39m&amp#27;[32m200&amp#27;[39m &amp#27;[90m79 ms - 14&amp#27;[39m
&amp#27;[38;5;0m[HTTP]&amp#27;[0m &amp#27;[90m&amp#27;[39m
&amp#27;[38;5;0m[HTTP]&amp#27;[0m &amp#27;[37m-->&amp#27;[39m &amp#27;[37mGET&amp#27;[39m &amp#27;[37m/session/a5736f1c-38d3-4b76-837c-6bb32f96b264/context&amp#27;[39m
&amp#27;[38;5;0m[HTTP]&amp#27;[0m &amp#27;[90m{}&amp#27;[39m
&amp#27;[38;5;32m[AndroidUiautomator2Driver@b719 (a5736f1c)]&amp#27;[0m Calling AppiumDriver.getCurrentContext() with args: ["a5736f1c-38d3-4b76-837c-6bb32f96b264"]
&amp#27;[38;5;32m[AndroidUiautomator2Driver@b719 (a5736f1c)]&amp#27;[0m Responding to client with driver.getCurrentContext() result: "NATIVE_APP"
&amp#27;[38;5;0m[HTTP]&amp#27;[0m &amp#27;[37m<-- GET /session/a5736f1c-38d3-4b76-837c-6bb32f96b264/context &amp#27;[39m&amp#27;[32m200&amp#27;[39m &amp#27;[90m2 ms - 22&amp#27;[39m
&amp#27;[38;5;0m[HTTP]&amp#27;[0m &amp#27;[90m&amp#27;[39m
&amp#27;[38;5;0m[HTTP]&amp#27;[0m &amp#27;[37m-->&amp#27;[39m &amp#27;[37mPOST&amp#27;[39m &amp#27;[37m/session/a5736f1c-38d3-4b76-837c-6bb32f96b264/element&amp#27;[39m
&amp#27;[38;5;0m[HTTP]&amp#27;[0m &amp#27;[90m{"value":"android:id/text1","using":"id"}&amp#27;[39m
&amp#27;[38;5;32m[AndroidUiautomator2Driver@b719 (a5736f1c)]&amp#27;[0m Calling AppiumDriver.findElement() with args: ["id","android:id/text1","a5736f1c-38d3-4b76-837c-6bb32f96b264"]
&amp#27;[38;5;32m[AndroidUiautomator2Driver@b719 (a5736f1c)]&amp#27;[0m Valid locator strategies for this request: xpath, id, class name, accessibility id, css selector, -android uiautomator
&amp#27;[38;5;32m[AndroidUiautomator2Driver@b719 (a5736f1c)]&amp#27;[0m Waiting up to 10000 ms for condition
&amp#27;[38;5;32m[AndroidUiautomator2Driver@b719 (a5736f1c)]&amp#27;[0m Matched '/element' to command name 'findElement'
&amp#27;[38;5;32m[AndroidUiautomator2Driver@b719 (a5736f1c)]&amp#27;[0m Proxying [POST /element] to [POST http://127.0.0.1:8200/session/a27bdb53-edd6-4d22-a901-93b2fb19026d/element] with body: {"strategy":"id","selector":"android:id/text1","context":"","multiple":false}
&amp#27;[38;5;32m[AndroidUiautomator2Driver@b719 (a5736f1c)]&amp#27;[0m Got response with status 200: {"sessionId":"a27bdb53-edd6-4d22-a901-93b2fb19026d","value":{"ELEMENT":"00000000-0000-034d-ffff-ffff0000009e","element-6066-11e4-a52e-4f735466cecf":"00000000-0000-034d-ffff-ffff0000009e"}}
&amp#27;[38;5;32m[AndroidUiautomator2Driver@b719 (a5736f1c)]&amp#27;[0m Responding to client with driver.findElement() result: {"element-6066-11e4-a52e-4f735466cecf":"00000000-0000-034d-ffff-ffff0000009e","ELEMENT":"00000000-0000-034d-ffff-ffff0000009e"}
&amp#27;[38;5;0m[HTTP]&amp#27;[0m &amp#27;[37m<-- POST /session/a5736f1c-38d3-4b76-837c-6bb32f96b264/element &amp#27;[39m&amp#27;[32m200&amp#27;[39m &amp#27;[90m511 ms - 137&amp#27;[39m
&amp#27;[38;5;0m[HTTP]&amp#27;[0m &amp#27;[90m&amp#27;[39m
&amp#27;[38;5;0m[HTTP]&amp#27;[0m &amp#27;[37m-->&amp#27;[39m &amp#27;[37mPOST&amp#27;[39m &amp#27;[37m/session/a5736f1c-38d3-4b76-837c-6bb32f96b264/element/00000000-0000-034d-ffff-ffff0000009e/click&amp#27;[39m
&amp#27;[38;5;0m[HTTP]&amp#27;[0m &amp#27;[90m{"id":"00000000-0000-034d-ffff-ffff0000009e"}&amp#27;[39m
&amp#27;[38;5;32m[AndroidUiautomator2Driver@b719 (a5736f1c)]&amp#27;[0m Calling AppiumDriver.click() with args: ["00000000-0000-034d-ffff-ffff0000009e","a5736f1c-38d3-4b76-837c-6bb32f96b264"]
&amp#27;[38;5;32m[AndroidUiautomator2Driver@b719 (a5736f1c)]&amp#27;[0m Matched '/element/00000000-0000-034d-ffff-ffff0000009e/click' to command name 'click'
&amp#27;[38;5;32m[AndroidUiautomator2Driver@b719 (a5736f1c)]&amp#27;[0m Proxying [POST /element/00000000-0000-034d-ffff-ffff0000009e/click] to [POST http://127.0.0.1:8200/session/a27bdb53-edd6-4d22-a901-93b2fb19026d/element/00000000-0000-034d-ffff-ffff0000009e/click] with body: {"element":"00000000-0000-034d-ffff-ffff0000009e"}
&amp#27;[38;5;32m[AndroidUiautomator2Driver@b719 (a5736f1c)]&amp#27;[0m Got response with status 200: {"sessionId":"a27bdb53-edd6-4d22-a901-93b2fb19026d","value":null}
&amp#27;[38;5;32m[AndroidUiautomator2Driver@b719 (a5736f1c)]&amp#27;[0m Responding to client with driver.click() result: null
&amp#27;[38;5;0m[HTTP]&amp#27;[0m &amp#27;[37m<-- POST /session/a5736f1c-38d3-4b76-837c-6bb32f96b264/element/00000000-0000-034d-ffff-ffff0000009e/click &amp#27;[39m&amp#27;[32m200&amp#27;[39m &amp#27;[90m75 ms - 14&amp#27;[39m
&amp#27;[38;5;0m[HTTP]&amp#27;[0m &amp#27;[90m&amp#27;[39m
&amp#27;[38;5;0m[HTTP]&amp#27;[0m &amp#27;[37m-->&amp#27;[39m &amp#27;[37mPOST&amp#27;[39m &amp#27;[37m/session/a5736f1c-38d3-4b76-837c-6bb32f96b264/element&amp#27;[39m
&amp#27;[38;5;0m[HTTP]&amp#27;[0m &amp#27;[90m{"value":"new UiScrollable(new UiSelector()).scrollIntoView(text(\"Australia\"));","using":"-android uiautomator"}&amp#27;[39m
&amp#27;[38;5;32m[AndroidUiautomator2Driver@b719 (a5736f1c)]&amp#27;[0m Calling AppiumDriver.findElement() with args: ["-android uiautomator","new UiScrollable(new UiSelector()).scrollIntoView(text(\"Australia\"));","a5736f1c-38d3-4b76-837c-6bb32f96b264"]
&amp#27;[38;5;32m[AndroidUiautomator2Driver@b719 (a5736f1c)]&amp#27;[0m Valid locator strategies for this request: xpath, id, class name, accessibility id, css selector, -android uiautomator
&amp#27;[38;5;32m[AndroidUiautomator2Driver@b719 (a5736f1c)]&amp#27;[0m Waiting up to 10000 ms for condition
&amp#27;[38;5;32m[AndroidUiautomator2Driver@b719 (a5736f1c)]&amp#27;[0m Matched '/element' to command name 'findElement'
&amp#27;[38;5;32m[AndroidUiautomator2Driver@b719 (a5736f1c)]&amp#27;[0m Proxying [POST /element] to [POST http://127.0.0.1:8200/session/a27bdb53-edd6-4d22-a901-93b2fb19026d/element] with body: {"strategy":"-android uiautomator","selector":"new UiScrollable(new UiSelector()).scrollIntoView(text(\"Australia\"));","context":"","multiple":false}
&amp#27;[38;5;32m[AndroidUiautomator2Driver@b719 (a5736f1c)]&amp#27;[0m Got response with status 200: {"sessionId":"a27bdb53-edd6-4d22-a901-93b2fb19026d","value":{"ELEMENT":"00000000-0000-034e-ffff-ffff000000a5","element-6066-11e4-a52e-4f735466cecf":"00000000-0000-034e-ffff-ffff000000a5"}}
&amp#27;[38;5;32m[AndroidUiautomator2Driver@b719 (a5736f1c)]&amp#27;[0m Responding to client with driver.findElement() result: {"element-6066-11e4-a52e-4f735466cecf":"00000000-0000-034e-ffff-ffff000000a5","ELEMENT":"00000000-0000-034e-ffff-ffff000000a5"}
&amp#27;[38;5;0m[HTTP]&amp#27;[0m &amp#27;[37m<-- POST /session/a5736f1c-38d3-4b76-837c-6bb32f96b264/element &amp#27;[39m&amp#27;[32m200&amp#27;[39m &amp#27;[90m5041 ms - 137&amp#27;[39m
&amp#27;[38;5;0m[HTTP]&amp#27;[0m &amp#27;[90m&amp#27;[39m
&amp#27;[38;5;0m[HTTP]&amp#27;[0m &amp#27;[37m-->&amp#27;[39m &amp#27;[37mPOST&amp#27;[39m &amp#27;[37m/session/a5736f1c-38d3-4b76-837c-6bb32f96b264/element&amp#27;[39m
&amp#27;[38;5;0m[HTTP]&amp#27;[0m &amp#27;[90m{"value":"//android.widget.TextView[@text = 'Australia']","using":"xpath"}&amp#27;[39m
&amp#27;[38;5;32m[AndroidUiautomator2Driver@b719 (a5736f1c)]&amp#27;[0m Calling AppiumDriver.findElement() with args: ["xpath","//android.widget.TextView[@text = 'Australia']","a5736f1c-38d3-4b76-837c-6bb32f96b264"]
&amp#27;[38;5;32m[AndroidUiautomator2Driver@b719 (a5736f1c)]&amp#27;[0m Valid locator strategies for this request: xpath, id, class name, accessibility id, css selector, -android uiautomator
&amp#27;[38;5;32m[AndroidUiautomator2Driver@b719 (a5736f1c)]&amp#27;[0m Waiting up to 10000 ms for condition
&amp#27;[38;5;32m[AndroidUiautomator2Driver@b719 (a5736f1c)]&amp#27;[0m Matched '/element' to command name 'findElement'
&amp#27;[38;5;32m[AndroidUiautomator2Driver@b719 (a5736f1c)]&amp#27;[0m Proxying [POST /element] to [POST http://127.0.0.1:8200/session/a27bdb53-edd6-4d22-a901-93b2fb19026d/element] with body: {"strategy":"xpath","selector":"//android.widget.TextView[@text = 'Australia']","context":"","multiple":false}
&amp#27;[38;5;32m[AndroidUiautomator2Driver@b719 (a5736f1c)]&amp#27;[0m Got response with status 200: {"sessionId":"a27bdb53-edd6-4d22-a901-93b2fb19026d","value":{"ELEMENT":"00000000-0000-034e-ffff-ffff000000a5","element-6066-11e4-a52e-4f735466cecf":"00000000-0000-034e-ffff-ffff000000a5"}}
&amp#27;[38;5;32m[AndroidUiautomator2Driver@b719 (a5736f1c)]&amp#27;[0m Responding to client with driver.findElement() result: {"element-6066-11e4-a52e-4f735466cecf":"00000000-0000-034e-ffff-ffff000000a5","ELEMENT":"00000000-0000-034e-ffff-ffff000000a5"}
&amp#27;[38;5;0m[HTTP]&amp#27;[0m &amp#27;[37m<-- POST /session/a5736f1c-38d3-4b76-837c-6bb32f96b264/element &amp#27;[39m&amp#27;[32m200&amp#27;[39m &amp#27;[90m144 ms - 137&amp#27;[39m
&amp#27;[38;5;0m[HTTP]&amp#27;[0m &amp#27;[90m&amp#27;[39m
&amp#27;[38;5;0m[HTTP]&amp#27;[0m &amp#27;[37m-->&amp#27;[39m &amp#27;[37mPOST&amp#27;[39m &amp#27;[37m/session/a5736f1c-38d3-4b76-837c-6bb32f96b264/element/00000000-0000-034e-ffff-ffff000000a5/click&amp#27;[39m
&amp#27;[38;5;0m[HTTP]&amp#27;[0m &amp#27;[90m{"id":"00000000-0000-034e-ffff-ffff000000a5"}&amp#27;[39m
&amp#27;[38;5;32m[AndroidUiautomator2Driver@b719 (a5736f1c)]&amp#27;[0m Calling AppiumDriver.click() with args: ["00000000-0000-034e-ffff-ffff000000a5","a5736f1c-38d3-4b76-837c-6bb32f96b264"]
&amp#27;[38;5;32m[AndroidUiautomator2Driver@b719 (a5736f1c)]&amp#27;[0m Matched '/element/00000000-0000-034e-ffff-ffff000000a5/click' to command name 'click'
&amp#27;[38;5;32m[AndroidUiautomator2Driver@b719 (a5736f1c)]&amp#27;[0m Proxying [POST /element/00000000-0000-034e-ffff-ffff000000a5/click] to [POST http://127.0.0.1:8200/session/a27bdb53-edd6-4d22-a901-93b2fb19026d/element/00000000-0000-034e-ffff-ffff000000a5/click] with body: {"element":"00000000-0000-034e-ffff-ffff000000a5"}
&amp#27;[38;5;32m[AndroidUiautomator2Driver@b719 (a5736f1c)]&amp#27;[0m Got response with status 200: {"sessionId":"a27bdb53-edd6-4d22-a901-93b2fb19026d","value":null}
&amp#27;[38;5;32m[AndroidUiautomator2Driver@b719 (a5736f1c)]&amp#27;[0m Responding to client with driver.click() result: null
&amp#27;[38;5;0m[HTTP]&amp#27;[0m &amp#27;[37m<-- POST /session/a5736f1c-38d3-4b76-837c-6bb32f96b264/element/00000000-0000-034e-ffff-ffff000000a5/click &amp#27;[39m&amp#27;[32m200&amp#27;[39m &amp#27;[90m676 ms - 14&amp#27;[39m
&amp#27;[38;5;0m[HTTP]&amp#27;[0m &amp#27;[90m&amp#27;[39m
&amp#27;[38;5;0m[HTTP]&amp#27;[0m &amp#27;[37m-->&amp#27;[39m &amp#27;[37mGET&amp#27;[39m &amp#27;[37m/session/a5736f1c-38d3-4b76-837c-6bb32f96b264/context&amp#27;[39m
&amp#27;[38;5;0m[HTTP]&amp#27;[0m &amp#27;[90m{}&amp#27;[39m
&amp#27;[38;5;32m[AndroidUiautomator2Driver@b719 (a5736f1c)]&amp#27;[0m Calling AppiumDriver.getCurrentContext() with args: ["a5736f1c-38d3-4b76-837c-6bb32f96b264"]
&amp#27;[38;5;32m[AndroidUiautomator2Driver@b719 (a5736f1c)]&amp#27;[0m Responding to client with driver.getCurrentContext() result: "NATIVE_APP"
&amp#27;[38;5;0m[HTTP]&amp#27;[0m &amp#27;[37m<-- GET /session/a5736f1c-38d3-4b76-837c-6bb32f96b264/context &amp#27;[39m&amp#27;[32m200&amp#27;[39m &amp#27;[90m1 ms - 22&amp#27;[39m
&amp#27;[38;5;0m[HTTP]&amp#27;[0m &amp#27;[90m&amp#27;[39m
&amp#27;[38;5;0m[HTTP]&amp#27;[0m &amp#27;[37m-->&amp#27;[39m &amp#27;[37mPOST&amp#27;[39m &amp#27;[37m/session/a5736f1c-38d3-4b76-837c-6bb32f96b264/element&amp#27;[39m
&amp#27;[38;5;0m[HTTP]&amp#27;[0m &amp#27;[90m{"value":"com.androidsample.generalstore:id/btnLetsShop","using":"id"}&amp#27;[39m
&amp#27;[38;5;32m[AndroidUiautomator2Driver@b719 (a5736f1c)]&amp#27;[0m Calling AppiumDriver.findElement() with args: ["id","com.androidsample.generalstore:id/btnLetsShop","a5736f1c-38d3-4b76-837c-6bb32f96b264"]
&amp#27;[38;5;32m[AndroidUiautomator2Driver@b719 (a5736f1c)]&amp#27;[0m Valid locator strategies for this request: xpath, id, class name, accessibility id, css selector, -android uiautomator
&amp#27;[38;5;32m[AndroidUiautomator2Driver@b719 (a5736f1c)]&amp#27;[0m Waiting up to 10000 ms for condition
&amp#27;[38;5;32m[AndroidUiautomator2Driver@b719 (a5736f1c)]&amp#27;[0m Matched '/element' to command name 'findElement'
&amp#27;[38;5;32m[AndroidUiautomator2Driver@b719 (a5736f1c)]&amp#27;[0m Proxying [POST /element] to [POST http://127.0.0.1:8200/session/a27bdb53-edd6-4d22-a901-93b2fb19026d/element] with body: {"strategy":"id","selector":"com.androidsample.generalstore:id/btnLetsShop","context":"","multiple":false}
&amp#27;[38;5;32m[AndroidUiautomator2Driver@b719 (a5736f1c)]&amp#27;[0m Got response with status 200: {"sessionId":"a27bdb53-edd6-4d22-a901-93b2fb19026d","value":{"ELEMENT":"00000000-0000-034d-ffff-ffff0000009b","element-6066-11e4-a52e-4f735466cecf":"00000000-0000-034d-ffff-ffff0000009b"}}
&amp#27;[38;5;32m[AndroidUiautomator2Driver@b719 (a5736f1c)]&amp#27;[0m Responding to client with driver.findElement() result: {"element-6066-11e4-a52e-4f735466cecf":"00000000-0000-034d-ffff-ffff0000009b","ELEMENT":"00000000-0000-034d-ffff-ffff0000009b"}
&amp#27;[38;5;0m[HTTP]&amp#27;[0m &amp#27;[37m<-- POST /session/a5736f1c-38d3-4b76-837c-6bb32f96b264/element &amp#27;[39m&amp#27;[32m200&amp#27;[39m &amp#27;[90m57 ms - 137&amp#27;[39m
&amp#27;[38;5;0m[HTTP]&amp#27;[0m &amp#27;[90m&amp#27;[39m
&amp#27;[38;5;0m[HTTP]&amp#27;[0m &amp#27;[37m-->&amp#27;[39m &amp#27;[37mPOST&amp#27;[39m &amp#27;[37m/session/a5736f1c-38d3-4b76-837c-6bb32f96b264/element/00000000-0000-034d-ffff-ffff0000009b/click&amp#27;[39m
&amp#27;[38;5;0m[HTTP]&amp#27;[0m &amp#27;[90m{"id":"00000000-0000-034d-ffff-ffff0000009b"}&amp#27;[39m
&amp#27;[38;5;32m[AndroidUiautomator2Driver@b719 (a5736f1c)]&amp#27;[0m Calling AppiumDriver.click() with args: ["00000000-0000-034d-ffff-ffff0000009b","a5736f1c-38d3-4b76-837c-6bb32f96b264"]
&amp#27;[38;5;32m[AndroidUiautomator2Driver@b719 (a5736f1c)]&amp#27;[0m Matched '/element/00000000-0000-034d-ffff-ffff0000009b/click' to command name 'click'
&amp#27;[38;5;32m[AndroidUiautomator2Driver@b719 (a5736f1c)]&amp#27;[0m Proxying [POST /element/00000000-0000-034d-ffff-ffff0000009b/click] to [POST http://127.0.0.1:8200/session/a27bdb53-edd6-4d22-a901-93b2fb19026d/element/00000000-0000-034d-ffff-ffff0000009b/click] with body: {"element":"00000000-0000-034d-ffff-ffff0000009b"}
&amp#27;[38;5;32m[AndroidUiautomator2Driver@b719 (a5736f1c)]&amp#27;[0m Got response with status 200: {"sessionId":"a27bdb53-edd6-4d22-a901-93b2fb19026d","value":null}
&amp#27;[38;5;32m[AndroidUiautomator2Driver@b719 (a5736f1c)]&amp#27;[0m Responding to client with driver.click() result: null
&amp#27;[38;5;0m[HTTP]&amp#27;[0m &amp#27;[37m<-- POST /session/a5736f1c-38d3-4b76-837c-6bb32f96b264/element/00000000-0000-034d-ffff-ffff0000009b/click &amp#27;[39m&amp#27;[32m200&amp#27;[39m &amp#27;[90m77 ms - 14&amp#27;[39m
&amp#27;[38;5;0m[HTTP]&amp#27;[0m &amp#27;[90m&amp#27;[39m
&amp#27;[38;5;0m[HTTP]&amp#27;[0m &amp#27;[37m-->&amp#27;[39m &amp#27;[37mGET&amp#27;[39m &amp#27;[37m/session/a5736f1c-38d3-4b76-837c-6bb32f96b264/context&amp#27;[39m
&amp#27;[38;5;0m[HTTP]&amp#27;[0m &amp#27;[90m{}&amp#27;[39m
&amp#27;[38;5;32m[AndroidUiautomator2Driver@b719 (a5736f1c)]&amp#27;[0m Calling AppiumDriver.getCurrentContext() with args: ["a5736f1c-38d3-4b76-837c-6bb32f96b264"]
&amp#27;[38;5;32m[AndroidUiautomator2Driver@b719 (a5736f1c)]&amp#27;[0m Responding to client with driver.getCurrentContext() result: "NATIVE_APP"
&amp#27;[38;5;0m[HTTP]&amp#27;[0m &amp#27;[37m<-- GET /session/a5736f1c-38d3-4b76-837c-6bb32f96b264/context &amp#27;[39m&amp#27;[32m200&amp#27;[39m &amp#27;[90m2 ms - 22&amp#27;[39m
&amp#27;[38;5;0m[HTTP]&amp#27;[0m &amp#27;[90m&amp#27;[39m
&amp#27;[38;5;0m[HTTP]&amp#27;[0m &amp#27;[37m-->&amp#27;[39m &amp#27;[37mPOST&amp#27;[39m &amp#27;[37m/session/a5736f1c-38d3-4b76-837c-6bb32f96b264/element&amp#27;[39m
&amp#27;[38;5;0m[HTTP]&amp#27;[0m &amp#27;[90m{"value":"//android.widget.Toast","using":"xpath"}&amp#27;[39m
&amp#27;[38;5;32m[AndroidUiautomator2Driver@b719 (a5736f1c)]&amp#27;[0m Calling AppiumDriver.findElement() with args: ["xpath","//android.widget.Toast","a5736f1c-38d3-4b76-837c-6bb32f96b264"]
&amp#27;[38;5;32m[AndroidUiautomator2Driver@b719 (a5736f1c)]&amp#27;[0m Valid locator strategies for this request: xpath, id, class name, accessibility id, css selector, -android uiautomator
&amp#27;[38;5;32m[AndroidUiautomator2Driver@b719 (a5736f1c)]&amp#27;[0m Waiting up to 10000 ms for condition
&amp#27;[38;5;32m[AndroidUiautomator2Driver@b719 (a5736f1c)]&amp#27;[0m Matched '/element' to command name 'findElement'
&amp#27;[38;5;32m[AndroidUiautomator2Driver@b719 (a5736f1c)]&amp#27;[0m Proxying [POST /element] to [POST http://127.0.0.1:8200/session/a27bdb53-edd6-4d22-a901-93b2fb19026d/element] with body: {"strategy":"xpath","selector":"//android.widget.Toast","context":"","multiple":false}
&amp#27;[38;5;32m[AndroidUiautomator2Driver@b719 (a5736f1c)]&amp#27;[0m Got response with status 200: {"sessionId":"a27bdb53-edd6-4d22-a901-93b2fb19026d","value":{"ELEMENT":"9ad428d5-aca9-4c62-a421-b60112b5cbb7","element-6066-11e4-a52e-4f735466cecf":"9ad428d5-aca9-4c62-a421-b60112b5cbb7"}}
&amp#27;[38;5;32m[AndroidUiautomator2Driver@b719 (a5736f1c)]&amp#27;[0m Responding to client with driver.findElement() result: {"element-6066-11e4-a52e-4f735466cecf":"9ad428d5-aca9-4c62-a421-b60112b5cbb7","ELEMENT":"9ad428d5-aca9-4c62-a421-b60112b5cbb7"}
&amp#27;[38;5;0m[HTTP]&amp#27;[0m &amp#27;[37m<-- POST /session/a5736f1c-38d3-4b76-837c-6bb32f96b264/element &amp#27;[39m&amp#27;[32m200&amp#27;[39m &amp#27;[90m565 ms - 137&amp#27;[39m
&amp#27;[38;5;0m[HTTP]&amp#27;[0m &amp#27;[90m&amp#27;[39m
&amp#27;[38;5;0m[HTTP]&amp#27;[0m &amp#27;[37m-->&amp#27;[39m &amp#27;[37mGET&amp#27;[39m &amp#27;[37m/session/a5736f1c-38d3-4b76-837c-6bb32f96b264/element/9ad428d5-aca9-4c62-a421-b60112b5cbb7/attribute/name&amp#27;[39m
&amp#27;[38;5;0m[HTTP]&amp#27;[0m &amp#27;[90m{}&amp#27;[39m
&amp#27;[38;5;32m[AndroidUiautomator2Driver@b719 (a5736f1c)]&amp#27;[0m Calling AppiumDriver.getAttribute() with args: ["name","9ad428d5-aca9-4c62-a421-b60112b5cbb7","a5736f1c-38d3-4b76-837c-6bb32f96b264"]
&amp#27;[38;5;32m[AndroidUiautomator2Driver@b719 (a5736f1c)]&amp#27;[0m Matched '/element/9ad428d5-aca9-4c62-a421-b60112b5cbb7/attribute/name' to command name 'getAttribute'
&amp#27;[38;5;32m[AndroidUiautomator2Driver@b719 (a5736f1c)]&amp#27;[0m Proxying [GET /element/9ad428d5-aca9-4c62-a421-b60112b5cbb7/attribute/name] to [GET http://127.0.0.1:8200/session/a27bdb53-edd6-4d22-a901-93b2fb19026d/element/9ad428d5-aca9-4c62-a421-b60112b5cbb7/attribute/name] with no body
&amp#27;[38;5;32m[AndroidUiautomator2Driver@b719 (a5736f1c)]&amp#27;[0m Got response with status 200: {"sessionId":"a27bdb53-edd6-4d22-a901-93b2fb19026d","value":"Please enter your name"}
&amp#27;[38;5;32m[AndroidUiautomator2Driver@b719 (a5736f1c)]&amp#27;[0m Responding to client with driver.getAttribute() result: "Please enter your name"
&amp#27;[38;5;0m[HTTP]&amp#27;[0m &amp#27;[37m<-- GET /session/a5736f1c-38d3-4b76-837c-6bb32f96b264/element/9ad428d5-aca9-4c62-a421-b60112b5cbb7/attribute/name &amp#27;[39m&amp#27;[32m200&amp#27;[39m &amp#27;[90m84 ms - 34&amp#27;[39m
&amp#27;[38;5;0m[HTTP]&amp#27;[0m &amp#27;[90m&amp#27;[39m
&amp#27;[38;5;0m[HTTP]&amp#27;[0m &amp#27;[37m-->&amp#27;[39m &amp#27;[37mGET&amp#27;[39m &amp#27;[37m/session/a5736f1c-38d3-4b76-837c-6bb32f96b264/screenshot&amp#27;[39m
&amp#27;[38;5;0m[HTTP]&amp#27;[0m &amp#27;[90m{}&amp#27;[39m
&amp#27;[38;5;32m[AndroidUiautomator2Driver@b719 (a5736f1c)]&amp#27;[0m Calling AppiumDriver.getScreenshot() with args: ["a5736f1c-38d3-4b76-837c-6bb32f96b264"]
&amp#27;[38;5;32m[AndroidUiautomator2Driver@b719 (a5736f1c)]&amp#27;[0m Matched '/screenshot' to command name 'getScreenshot'
&amp#27;[38;5;32m[AndroidUiautomator2Driver@b719 (a5736f1c)]&amp#27;[0m Proxying [GET /screenshot] to [GET http://127.0.0.1:8200/session/a27bdb53-edd6-4d22-a901-93b2fb19026d/screenshot] with no body
&amp#27;[38;5;32m[AndroidUiautomator2Driver@b719 (a5736f1c)]&amp#27;[0m Got response with status 200: {"sessionId":"a27bdb53-edd6-4d22-a901-93b2fb19026d","value":"iVBORw0KGgoAAAANSUhEUgAABaAAAAtACAYAAADu24QXAAAAAXNSR0IArs4c6QAAAARzQklUCAgICHwIZIgAACAASURBVHic7N1nYBzl9bbxe2a7Vr27d4wLBmxMNwbTew2BAKHmHwIEQkhoadSEkNBeSEhIARJCCCSAIQkdTAdTDNiAjXu31duuts/7wbai1crSStrRytb1+2SNZuY5a0uyfe+Z8xhFX3zTEgAAAAAAAAAAGWZmuwAAAAAAAAAAwM6JABoAAAAAAAAAYAsCaAAAAAAAAACALQigAQAAAAAAAAC2IIAGAAAAAAAAANiCABoAAAAAAAAAYAsCaAAAAAAAAACALQigAQAAAAAAAAC2IIAGAAAAAAAAANiCABoAAAAAAAAAYAsCaAAAAAAAAACALQigAQAAAAAAAAC2IIAGAAAAAAAAANiCABoAAAAAAAAAYAsCaAAAAAAAAACALZzZLgDAzseQoUpnoY7O21Mn5M3UVO9IFTn8siQZW8+x2p2/MVqvj0Mr9M/Gd/Vm8Es1xoOyks4AAAAAAADAjsgo+uKbpDwA+syQoWJHru4ccp4O8U+V3/TIaIub05eQpbp4i/7W8IZuqfqn4krYUC0AAAAAAAD6AwE0kCZThlyGU17TpVGuMh2ft5cOy52m3b2jVR1r1MuBhXq+eYHeCn6piBVXxIoqasWzXbbtDBka5SrVm2Nvkc/0yOxF6Lw9CVlaHtmkOStvUCARyth9AQAAAAAA0D8IoIEuGDLkNhxyGy5VOAs1J3eqjsvbSzO8Y+Uz3Snnx6y4Vkdr9HLLZ3o58Kk+bF2ucCKmqBXbKTt5Sx15emPsLapwFvSq2zldMSuuysUXKsFYDmyHIUNe0yVDhjyGU+bWLQ4sWYoroYgVU8KyFLaiWa4UAAAAgF0qnYUa5SpTiTNPhaZfBY4c+U2PAomwGuIBNSaCqo01a3W0...
&amp#27;[38;5;32m[AndroidUiautomator2Driver@b719 (a5736f1c)]&amp#27;[0m Responding to client with driver.getScreenshot() result: "iVBORw0KGgoAAAANSUhEUgAABaAAAAtACAYAAADu24QXAAAAAXNSR0IArs4c6QAAAARzQklUCAgICHwIZIgAACAASURBVHic7N1nYBzl9bbxe2a7Vr27d4wLBmxMNwbTew2BAKHmHwIEQkhoadSEkNBeSEhIARJCCCSAIQkdTAdTDNiAjXu31duuts/7wbai1crSStrRytb1+2SNZuY5a0uyfe+Z8xhFX3zTEgAAAAAAAAAAGWZmuwAAAAAAAAAAwM6JABoAAAAAAAAAYAsCaAAAAAAAAACALQigAQAAAAAAAAC2IIAGAAAAAAAAANiCABoAAAAAAAAAYAsCaAAAAAAAAACALQigAQAAAAAAAAC2IIAGAAAAAAAAANiCABoAAAAAAAAAYAsCaAAAAAAAAACALQigAQAAAAAAAAC2IIAGAAAAAAAAANiCABoAAAAAAAAAYAsCaAAAAAAAAACALZzZLgDAzseQoUpnoY7O21Mn5M3UVO9IFTn8siQZW8+x2p2/MVqvj0Mr9M/Gd/Vm8Es1xoOyks4AAAAAAADAjsgo+uKbpDwA+syQoWJHru4ccp4O8U+V3/TIaIub05eQpbp4i/7W8IZuqfqn4krYUC0AAAAAAAD6AwE0kCZThlyGU17TpVGuMh2ft5cOy52m3b2jVR1r1MuBhXq+eYHeCn6piBVXxIoqasWzXbbtDBka5SrVm2Nvkc/0yOxF6Lw9CVlaHtmkOStvUCARyth9AQAAAAAA0D8IoIEuGDLkNhxyGy5VOAs1J3eqjsvbSzO8Y+Uz3Snnx6y4Vkdr9HLLZ3o58Kk+bF2ucCKmqBXbKTt5Sx15emPsLapwFvSq2zldMSuuysUXKsFYDmyHIUNe0yVDhjyGU+bWLQ4sWYoroYgVU8KyFLaiWa4UAAAAgF0qnYUa5SpTiTNPhaZfBY4c+U2PAomwGuIBNSaCqo01a3W0WptiDdkud8AZ6SrVmmhNtsvATogAGujAkCGnYcptuFTmyNN+ORN1XN5e2jtn...
&amp#27;[38;5;0m[HTTP]&amp#27;[0m &amp#27;[37m<-- GET /session/a5736f1c-38d3-4b76-837c-6bb32f96b264/screenshot &amp#27;[39m&amp#27;[32m200&amp#27;[39m &amp#27;[90m1177 ms - 898844&amp#27;[39m
&amp#27;[38;5;0m[HTTP]&amp#27;[0m &amp#27;[90m&amp#27;[39m
]]></system-out>
  </testcase>
</testsuite>