<?xml version="1.0" encoding="UTF-8"?>
<!-- Generated by org.testng.reporters.JUnitReportReporter -->
<testsuite hostname="LAPTOP-GQIBK4DL" failures="0" tests="2" name="org.internal.eCommerce_Data_Driven_Testing_Example" time="29.234" errors="0" timestamp="2024-03-13T20:35:15 IST" skipped="0">
  <testcase classname="org.internal.eCommerce_Data_Driven_Testing_Example" name="FillForm" time="17.442"/>
  <testcase classname="org.internal.eCommerce_Data_Driven_Testing_Example" name="FillForm" time="11.792"/>
</testsuite> <!-- org.internal.eCommerce_Data_Driven_Testing_Example -->
