<?xml version="1.0" encoding="UTF-8"?>
<!-- Generated by org.testng.reporters.JUnitReportReporter -->
<testsuite hostname="LAPTOP-GQIBK4DL" failures="0" tests="2" name="org.internal.eCommerce_Tc_1" time="44.913" errors="0" timestamp="2024-03-16T18:26:20 IST" skipped="0">
  <testcase classname="org.internal.eCommerce_Tc_1" name="EndToEndTest" time="26.878"/>
  <testcase classname="org.internal.eCommerce_Tc_1" name="EndToEndTestPositiveFlow" time="18.035"/>
</testsuite> <!-- org.internal.eCommerce_Tc_1 -->
